

******************************
Model Input Parameters
******************************
                       Submit_Jobs: 1
                         BatchMode: 1
                          Continue: 0
                       JobSettings: [1×1 struct]
                           Verbose: 0
                              Salt: 'LiBr'
                         Structure: 'Rocksalt'
                     Use_Conv_cell: 1
                  Liquid_Interface: 1
                   Liquid_Fraction: 0.5000
                            Theory: 'BF'
                             Model: ''
                        WaterModel: 'SPC/E'
                             JobID: ''
                           N_atoms: 2000
                     Cutoff_Buffer: 1.2000
            ScaleInitialLiqDensity: 0.8000
                    GaussianCharge: 0
                      Polarization: 0
                niter_polarization: 1000
                emtol_polarization: 0.1000
                     Prev_geom_loc: ''
                    Prev_geom_time: []
                    Target_Density: []
                       TF_Paramset: 0
                        Thermostat: 'v-rescale'
                          Target_T: 0
                   Time_Constant_T: 0.2000
                        Nsttcouple: 10
                               MDP: [1×1 struct]
                          Barostat: 'Parrinello-Rahman'
                          Isotropy: 'semiisotropic'
                          Target_P: [1 1]
                   Time_Constant_P: 1
                        Nstpcouple: 50
              ScaleCompressibility: 1
          UseMoltenCompressibility: 0
                         Annealing: 'no'
                   Annealing_Times: []
                   Annealing_Temps: []
                      Table_Length: 4.0100
                         CoordType: 'gro'
                     Output_Coords: 1000
          Output_Coords_Compressed: 0
                   Output_Velocity: 0
                     Output_Forces: 0
                     Calc_Energies: 100
                   Output_Energies: 1000
              Update_NeighbourList: 10
                 Skip_Minimization: 0
                   Find_Min_Params: 1
               Find_Similar_Params: 0
                        Data_Types: 1
                            MinMDP: [1×1 struct]
                  PreEquilibration: 0.3000
                               pbc: 'on'
                        GenCluster: 0
                      Cluster_Frac: 0.5000
                         Expand_LP: 1
                     Thermal_Solid: 0
                       Expand_a_SC: 1
                       Expand_b_SC: 1
                       Expand_c_SC: 1
                          Expand_a: 1
                          Expand_b: 1
                          Expand_c: 1
                          c_over_a: 2
                        Manual_Box: 0
                      Manual_Box_a: 1
                      Manual_Box_b: 1
                      Manual_Box_c: 1
                     Manual_Radius: 1
                     Delete_MDPout: 0
                      Delete_MDlog: 0
                    Delete_ConfOut: 0
                        Delete_TPR: 0
                    Delete_Backups: 1
                   Delete_Minimize: 0
                      Delete_Equil: 0
                    Delete_outputs: 0
                      Delete_subms: 0
                        Delete_cpt: 1
                           MaxWarn: 2
                     Top_gen_pairs: 'no'
                       Top_fudgeLJ: 1
                       Top_fudgeQQ: 1
                    Table_StepSize: 5.0000e-04
                              home: 'C:\Users\Hayden\Documents\Patey_Lab\ThesisCodeBase'
                           project: 'C:\Users\Hayden\Documents\Patey_Lab'
                          computer: 'unbearabull'
                             slurm: 0
                         BO_Models: 'C:\Users\Hayden\Documents\Patey_Lab\BO_Models'
                              qsub: ''
                           passlog: ' ^&^> '
                              pipe: '^|'
                               wsl: 'wsl source ~/.bashrc; '
                        MLModelDir: 'C:\Users\Hayden\Documents\Patey_Lab\Machine_Learning_Structure_Finder\LiX_Structure_Selector_Optimization'
                       scratch_dir: 'C:\Users\Hayden\Documents\Patey_Lab\Model_Building\LiBr\BF_Model_XX2'
            Project_Directory_Name: 'Model_Building'
                         CheckTime: 25
                      MaxCheckTime: 5000
                                T0: 800
                                lb: 0
                                ub: 2200
               MeltFreezeThreshold: 0.2500
                    SlopeThreshold: 1.0000e+10
                   MaxMPIterations: 10
                     StepTolerance: 0
                          MaxTDiff: 0.0100
               FinalDensityProfile: 1
                  Delete_T_History: 0
                 MinInterfaceWidth: 0.0750
                      RefStructure: 'Liquid'
                 QECompressibility: 1.0000e-07
              CheckAmorphousLiquid: 0
              CheckAmorphousHalide: 0
            AmorphousDiffThreshold: 1.0000e-06
                         Optimizer: 'MPSearcher'
                  ExplorationRatio: 2
              Acquisition_Function: 'expected-improvement-plus'
                     N_Seed_Points: 2
                    KernelFunction: 'ardmatern52'
                   InitialMeshSize: 100
                MeshSizeMultiplier: 2
                 FunctionTolerance: 0
                  BracketThreshold: 10
                       MinStepSize: 0.2500
            UseDerivativeWeighting: 0
                      IgnoreBounds: 0
                  RunPostProcessor: 1
                    SaveTrajectory: 1
              SavePredictionsImage: 1
                      SaveFeatures: 0
                   SavePredictions: 0
                     ML_TimeLength: 21
                       ML_TimeStep: 5
                      TimePerFrame: 5
                       Qlm_Average: 1
                           Voronoi: 0
                                 S: [1×1 struct]
                           CR_Damp: [1×1 struct]
                           C6_Damp: [1×1 struct]
                        GAdjust_MX: [0 0 1]
                        GAdjust_MM: [0 0 1]
                        GAdjust_XX: [0 0 1]
                  Liquid_Test_Time: 200
           Liquid_Equilibrate_Time: 25
                   Solid_Test_Time: 50
               MP_Liquid_Test_Time: 100
              MP_Equilibrate_Solid: 15
             MP_Equilibrate_Liquid: 20
                       MinTimeStep: 2.5000e-04
                          Trial_ID: 'XX2'
                        Structures: {'Rocksalt'  'Wurtzite'  'FiveFive'  'CsCl'}
              Continue_Calculation: 1
                        Fix_Charge: 1
                        Additivity: 1
                Additional_MM_Disp: 0
                      SigmaEpsilon: 1
                        InnerRange: 0
               Additional_Function: [1×1 struct]
                         Fix_Alpha: 0
                            Fix_C8: 0
                         Fix_Mie_n: 1
                         Diary_Loc: 'C:\Users\Hayden\Documents\Patey_Lab\ThesisCodeBase\Machine_Learning\Analysis\LiBr_BF_Model_XX2\LiBr_BF_Model_XX2.log'
             Initialize_From_Model: {}
                           Q_Range: [0.9500 1.0500]
                           Q_value: 1
                Additional_GAdjust: {}
         Additional_GAdjust_Ranges: {}
                  Extra_Properties: 1
                      Loss_Options: [1×1 struct]
              UseCoupledConstraint: 0
                       CheckBadFcn: 1
                  MinExpWallHeight: 300
                   MaxRepWellDepth: 0
                   MaxAttWellDepth: -1500
                    MinModelVolume: 10
                    MaxModelVolume: 1024
                        MaxMXWellR: 8
                        MinMXWellR: 0.5000
                 BadFcnLossPenalty: 1000
                       MinSkipLoss: 2
                         EnforceRR: 0
                  initial_opt_type: 'bayesopt'
              Initial_N_Multiplier: 10
           Max_Bayesian_Iterations: 100
                MinSurrogatePoints: 20
                 MinSampleDistance: 0.1000
                         ShowPlots: 1
                   second_opt_type: 'bayesopt'
          Max_Secondary_Iterations: 100
    Secondary_Acquisition_Function: 'lower-confidence-bound'
        ExplorationRatio_Secondary: 1
           SecondaryKernelFunction: 'ardmatern52'
              Max_Local_Iterations: 10
                       MaxFunEvals: 100
                  Loss_Convergence: 1.0000e-06
                 Param_Convergence: 1.0000e-03
                    final_opt_type: 'fminsearchbnd'
                  switch_final_opt: 0
            Parallel_LiX_Minimizer: 0
               Parallel_Struct_Min: 1
                 Parallel_Bayesopt: 0
                          OuterDir: 'C:\Users\Hayden\Documents\Patey_Lab\ThesisCodeBase\Machine_Learning\Analysis\LiBr_BF_Model_XX2'
                             Metal: 'Li'
                            Halide: 'Br'
                    Longest_Cutoff: 1.1000
                               gmx: 'wsl source ~/.bashrc; gmx_d'
                           gmx_loc: 'wsl source ~/.bashrc; gmx_d'
                        mdrun_opts: ' -v -ntmpi 8 -dd 1 2 4'

******************************
Structures:
    {'Rocksalt'}    {'Wurtzite'}    {'FiveFive'}    {'CsCl'}

Loss Function
******************************
Regularization: L2
Reference Rocksalt Energy: Born-Haber Experimental
Reference Rocksalt/Wurtzite Parameters: Experiment
Enthalpy of Fusion at Experimental MP - Weight: 10
Volume Change of Fusion at Experimental MP - Weight: 1
Liquid Volume at Experimental MP - Weight: 1
Solid Volume at Experimental MP - Weight: 1
Li Diffusion Constant at Experimental MP - Weight: 0.1
Rocksalt Absolute Lattice Energy - Weight: 2
Rocksalt Lattice Parameter a - Weight: 1
Wurtzite Relative Lattice Energy - Weight: 0.1
Rocksalt - Wurtzite Energy Gap - Value: 0
Rocksalt - Wurtzite Energy Gap - Weight: 1000
Rocksalt - Wurtzite Energy Gap Enforcement: Actual Gap must be less than Target Gap.
Otherwise loss function increases.
FiveFive Relative Lattice Energy - Weight: 0.1
Rocksalt - FiveFive Energy Gap - Value: 0
Rocksalt - FiveFive Energy Gap - Weight: 1000
Rocksalt - FiveFive Energy Gap Enforcement: Actual Gap must be less than Target Gap.
Otherwise loss function increases.
CsCl Relative Lattice Energy - Weight: 0.1
Rocksalt - CsCl Energy Gap - Value: 0
Rocksalt - CsCl Energy Gap - Weight: 1000
Rocksalt - CsCl Energy Gap Enforcement: Actual Gap must be less than Target Gap.
Otherwise loss function increases.
******************************
******************************
No checkpoint files found. Starting new calculation.
{Operation terminated by user during <a href="matlab:matlab.internal.language.introspective.errorDocCallback('Init_Scaling_Object', 'C:\Users\Hayden\Documents\Patey_Lab\ThesisCodeBase\LiX_Minimization_scripts\job_submission\Init_Scaling_Object.m', 25)" style="font-weight:bold">Init_Scaling_Object</a> (<a href="matlab: opentoline('C:\Users\Hayden\Documents\Patey_Lab\ThesisCodeBase\LiX_Minimization_scripts\job_submission\Init_Scaling_Object.m',25,0)">line 25</a>)


In <a href="matlab:matlab.internal.language.introspective.errorDocCallback('Initialize_MD_Settings', 'C:\Users\Hayden\Documents\Patey_Lab\ThesisCodeBase\MD_Scripts\Initialize_MD_Settings.m', 272)" style="font-weight:bold">Initialize_MD_Settings</a> (<a href="matlab: opentoline('C:\Users\Hayden\Documents\Patey_Lab\ThesisCodeBase\MD_Scripts\Initialize_MD_Settings.m',272,0)">line 272</a>)
Settings.S = Init_Scaling_Object;

In <a href="matlab:matlab.internal.language.introspective.errorDocCallback('LiX_Constraint_Fcn', 'C:\Users\Hayden\Documents\Patey_Lab\ThesisCodeBase\Machine_Learning\LiX_Constraint_Fcn.m', 37)" style="font-weight:bold">LiX_Constraint_Fcn</a> (<a href="matlab: opentoline('C:\Users\Hayden\Documents\Patey_Lab\ThesisCodeBase\Machine_Learning\LiX_Constraint_Fcn.m',37,0)">line 37</a>)
PotSettings = Initialize_MD_Settings;

In <a href="matlab:matlab.internal.language.introspective.errorDocCallback('Bayesian_Optimize_LiX_Parameters>@(x)LiX_Constraint_Fcn(Settings,x)', 'C:\Users\Hayden\Documents\Patey_Lab\ThesisCodeBase\Machine_Learning\Bayesian_Optimize_LiX_Parameters.m', 207)" style="font-weight:bold">Bayesian_Optimize_LiX_Parameters>@(x)LiX_Constraint_Fcn(Settings,x)</a> (<a href="matlab: opentoline('C:\Users\Hayden\Documents\Patey_Lab\ThesisCodeBase\Machine_Learning\Bayesian_Optimize_LiX_Parameters.m',207,0)">line 207</a>)
    constraint_fun = @(x)LiX_Constraint_Fcn(Settings,x);

In <a href="matlab:matlab.internal.language.introspective.errorDocCallback('BayesianOptimization_priv/applyXConstraint', 'C:\Users\Hayden\Documents\Patey_Lab\ThesisCodeBase\Machine_Learning\bayesoptim\BayesianOptimization_priv.m', 2800)" style="font-weight:bold">BayesianOptimization_priv/applyXConstraint</a> (<a href="matlab: opentoline('C:\Users\Hayden\Documents\Patey_Lab\ThesisCodeBase\Machine_Learning\bayesoptim\BayesianOptimization_priv.m',2800,0)">line 2800</a>)
                    InputFeasible = this.PrivOptions.XConstraintFcn(XTable);

In <a href="matlab:matlab.internal.language.introspective.errorDocCallback('BayesianOptimization_priv/satisfiesXConstraint', 'C:\Users\Hayden\Documents\Patey_Lab\ThesisCodeBase\Machine_Learning\bayesoptim\BayesianOptimization_priv.m', 3487)" style="font-weight:bold">BayesianOptimization_priv/satisfiesXConstraint</a> (<a href="matlab: opentoline('C:\Users\Hayden\Documents\Patey_Lab\ThesisCodeBase\Machine_Learning\bayesoptim\BayesianOptimization_priv.m',3487,0)">line 3487</a>)
                TF = applyXConstraint(this, XTable);

In <a href="matlab:matlab.internal.language.introspective.errorDocCallback('BayesianOptimization_priv/isInputFeasible', 'C:\Users\Hayden\Documents\Patey_Lab\ThesisCodeBase\Machine_Learning\bayesoptim\BayesianOptimization_priv.m', 2792)" style="font-weight:bold">BayesianOptimization_priv/isInputFeasible</a> (<a href="matlab: opentoline('C:\Users\Hayden\Documents\Patey_Lab\ThesisCodeBase\Machine_Learning\bayesoptim\BayesianOptimization_priv.m',2792,0)">line 2792</a>)
            TF = TF & satisfiesXConstraint(this, X);

In <a href="matlab:matlab.internal.language.introspective.errorDocCallback('BayesianOptimization_priv/randomXFeasiblePoints', 'C:\Users\Hayden\Documents\Patey_Lab\ThesisCodeBase\Machine_Learning\bayesoptim\BayesianOptimization_priv.m', 3616)" style="font-weight:bold">BayesianOptimization_priv/randomXFeasiblePoints</a> (<a href="matlab: opentoline('C:\Users\Hayden\Documents\Patey_Lab\ThesisCodeBase\Machine_Learning\bayesoptim\BayesianOptimization_priv.m',3616,0)">line 3616</a>)
                if isInputFeasible(this, X(i,:))

In <a href="matlab:matlab.internal.language.introspective.errorDocCallback('BayesianOptimization_priv/initialXFeasiblePoints', 'C:\Users\Hayden\Documents\Patey_Lab\ThesisCodeBase\Machine_Learning\bayesoptim\BayesianOptimization_priv.m', 2351)" style="font-weight:bold">BayesianOptimization_priv/initialXFeasiblePoints</a> (<a href="matlab: opentoline('C:\Users\Hayden\Documents\Patey_Lab\ThesisCodeBase\Machine_Learning\bayesoptim\BayesianOptimization_priv.m',2351,0)">line 2351</a>)
            XBest = randomXFeasiblePoints(this, N);

In <a href="matlab:matlab.internal.language.introspective.errorDocCallback('BayesianOptimization_priv/processInitializationData', 'C:\Users\Hayden\Documents\Patey_Lab\ThesisCodeBase\Machine_Learning\bayesoptim\BayesianOptimization_priv.m', 2315)" style="font-weight:bold">BayesianOptimization_priv/processInitializationData</a> (<a href="matlab: opentoline('C:\Users\Hayden\Documents\Patey_Lab\ThesisCodeBase\Machine_Learning\bayesoptim\BayesianOptimization_priv.m',2315,0)">line 2315</a>)
                    XPoints = initialXFeasiblePoints(this, this.PrivOptions.NumSeedPoints);

In <a href="matlab:matlab.internal.language.introspective.errorDocCallback('BayesianOptimization_priv/runSerial', 'C:\Users\Hayden\Documents\Patey_Lab\ThesisCodeBase\Machine_Learning\bayesoptim\BayesianOptimization_priv.m', 2045)" style="font-weight:bold">BayesianOptimization_priv/runSerial</a> (<a href="matlab: opentoline('C:\Users\Hayden\Documents\Patey_Lab\ThesisCodeBase\Machine_Learning\bayesoptim\BayesianOptimization_priv.m',2045,0)">line 2045</a>)
            this = processInitializationData(this);

In <a href="matlab:matlab.internal.language.introspective.errorDocCallback('BayesianOptimization_priv/run', 'C:\Users\Hayden\Documents\Patey_Lab\ThesisCodeBase\Machine_Learning\bayesoptim\BayesianOptimization_priv.m', 2010)" style="font-weight:bold">BayesianOptimization_priv/run</a> (<a href="matlab: opentoline('C:\Users\Hayden\Documents\Patey_Lab\ThesisCodeBase\Machine_Learning\bayesoptim\BayesianOptimization_priv.m',2010,0)">line 2010</a>)
                this = runSerial(this,resuming);

In <a href="matlab:matlab.internal.language.introspective.errorDocCallback('BayesianOptimization_priv', 'C:\Users\Hayden\Documents\Patey_Lab\ThesisCodeBase\Machine_Learning\bayesoptim\BayesianOptimization_priv.m', 458)" style="font-weight:bold">BayesianOptimization_priv</a> (<a href="matlab: opentoline('C:\Users\Hayden\Documents\Patey_Lab\ThesisCodeBase\Machine_Learning\bayesoptim\BayesianOptimization_priv.m',458,0)">line 458</a>)
            this = run(this);

In <a href="matlab:matlab.internal.language.introspective.errorDocCallback('bayesopt_priv', 'C:\Users\Hayden\Documents\Patey_Lab\ThesisCodeBase\Machine_Learning\bayesoptim\bayesopt_priv.m', 323)" style="font-weight:bold">bayesopt_priv</a> (<a href="matlab: opentoline('C:\Users\Hayden\Documents\Patey_Lab\ThesisCodeBase\Machine_Learning\bayesoptim\bayesopt_priv.m',323,0)">line 323</a>)
Results = BayesianOptimization_priv(Options);

In <a href="matlab:matlab.internal.language.introspective.errorDocCallback('Bayesian_Optimize_LiX_Parameters', 'C:\Users\Hayden\Documents\Patey_Lab\ThesisCodeBase\Machine_Learning\Bayesian_Optimize_LiX_Parameters.m', 405)" style="font-weight:bold">Bayesian_Optimize_LiX_Parameters</a> (<a href="matlab: opentoline('C:\Users\Hayden\Documents\Patey_Lab\ThesisCodeBase\Machine_Learning\Bayesian_Optimize_LiX_Parameters.m',405,0)">line 405</a>)
                    results = bayesopt_priv(fun,params,'IsObjectiveDeterministic',Deterministic,...

In <a href="matlab:matlab.internal.language.introspective.errorDocCallback('Bayesian_Optimize_Local_Submit', 'C:\Users\Hayden\Documents\Patey_Lab\ThesisCodeBase\Machine_Learning\Bayesian_Optimize_Local_Submit.m', 220)" style="font-weight:bold">Bayesian_Optimize_Local_Submit</a> (<a href="matlab: opentoline('C:\Users\Hayden\Documents\Patey_Lab\ThesisCodeBase\Machine_Learning\Bayesian_Optimize_Local_Submit.m',220,0)">line 220</a>)
Bayesian_Optimize_LiX_Parameters(Settings)
} 
clear
clc
open LiX_Constraint_Fcn.m
Bayesian_Optimize_Local_Submit
