

******************************
Model Input Parameters
******************************
                       Submit_Jobs: 1
                         BatchMode: 1
                          Continue: 0
                       JobSettings: [1×1 struct]
                              Salt: 'LiI'
                         Structure: 'Rocksalt'
                     Use_Conv_cell: 1
                  Liquid_Interface: 1
                   Liquid_Fraction: 0.5000
                            Theory: 'BH'
                             Model: ''
                        WaterModel: 'SPC/E'
                             JobID: ''
                           N_atoms: 2000
                     Cutoff_Buffer: 1.2000
            ScaleInitialLiqDensity: 0.8000
                     Prev_geom_loc: ''
                    Prev_geom_time: []
                    Target_Density: []
                       TF_Paramset: 0
                        Thermostat: 'v-rescale'
                          Target_T: 0
                   Time_Constant_T: 0.2000
                        Nsttcouple: 10
                               MDP: [1×1 struct]
                          Barostat: 'Parrinello-Rahman'
                          Isotropy: 'semiisotropic'
                          Target_P: [1 1]
                   Time_Constant_P: 1
                        Nstpcouple: 50
              ScaleCompressibility: 1
          UseMoltenCompressibility: 0
                         Annealing: 'no'
                   Annealing_Times: []
                   Annealing_Temps: []
                      Table_Length: 4.0100
                         CoordType: 'gro'
                     Output_Coords: 1000
          Output_Coords_Compressed: 0
                   Output_Velocity: 0
                     Output_Forces: 0
                     Calc_Energies: 100
                   Output_Energies: 1000
              Update_NeighbourList: 10
                 Skip_Minimization: 0
                   Find_Min_Params: 1
               Find_Similar_Params: 1
                        Data_Types: 1
                            MinMDP: [1×1 struct]
                  PreEquilibration: 0.3000
                               pbc: 'on'
                        GenCluster: 0
                      Cluster_Frac: 0.5000
                         Expand_LP: 1
                     Thermal_Solid: 0
                       Expand_a_SC: 1
                       Expand_b_SC: 1
                       Expand_c_SC: 1
                          Expand_a: 1
                          Expand_b: 1
                          Expand_c: 1
                          c_over_a: 2
                        Manual_Box: 0
                      Manual_Box_a: 1
                      Manual_Box_b: 1
                      Manual_Box_c: 1
                     Manual_Radius: 1
                     Delete_MDPout: 0
                      Delete_MDlog: 0
                    Delete_ConfOut: 0
                        Delete_TPR: 0
                    Delete_Backups: 1
                   Delete_Minimize: 0
                      Delete_Equil: 0
                    Delete_outputs: 0
                      Delete_subms: 0
                        Delete_cpt: 1
                           MaxWarn: 1
                     Top_gen_pairs: 'no'
                       Top_fudgeLJ: 1
                       Top_fudgeQQ: 1
                    Table_StepSize: 5.0000e-04
                              home: 'C:\Users\Hayden\Documents\Patey_Lab\ThesisCodeBase'
                           project: 'C:\Users\Hayden\Documents\Patey_Lab'
                          computer: 'unbearabull'
                             slurm: 0
                         BO_Models: 'C:\Users\Hayden\Documents\Patey_Lab\BO_Models'
                              qsub: ''
                           passlog: ' ^&^> '
                              pipe: '^|'
                               wsl: 'wsl source ~/.bashrc; '
                        MLModelDir: 'C:\Users\Hayden\Documents\Patey_Lab\Machine_Learning_Structure_Finder\LiX_Structure_Selector_Optimization'
            Project_Directory_Name: 'Melting_Point_Studies'
                         CheckTime: 25
                      MaxCheckTime: 5000
                                T0: 800
                                lb: 0
                                ub: 2200
               MeltFreezeThreshold: 0.2500
                    SlopeThreshold: 1.0000e+10
                   MaxMPIterations: 10
                     StepTolerance: 0
                          MaxTDiff: 0.0100
               FinalDensityProfile: 1
                  Delete_T_History: 0
                 Equilibrate_Solid: 15
                Equilibrate_Liquid: 10
                 MinInterfaceWidth: 0.0750
                      RefStructure: 'Liquid'
                 QECompressibility: 1.0000e-07
                         Optimizer: 'MPSearcher'
                  ExplorationRatio: 2
              Acquisition_Function: 'expected-improvement-plus'
                     N_Seed_Points: 2
                    KernelFunction: 'ardmatern52'
                   InitialMeshSize: 20
                MeshSizeMultiplier: 5
                 FunctionTolerance: 0
                  BracketThreshold: 5
                       MinStepSize: 0.2500
            UseDerivativeWeighting: 0
                      IgnoreBounds: 0
                  RunPostProcessor: 1
                    SaveTrajectory: 1
              SavePredictionsImage: 1
                      SaveFeatures: 0
                   SavePredictions: 0
                     ML_TimeLength: 21
                       ML_TimeStep: 5
                      TimePerFrame: 5
                                 S: [1×1 struct]
                           CR_Damp: [1×1 struct]
                           C6_Damp: [1×1 struct]
                        GAdjust_MX: [0 0 1]
                        GAdjust_MM: [0 0 1]
                        GAdjust_XX: [0 0 1]
                          Trial_ID: 'XY1'
                        Structures: {'Rocksalt'}
               Restart_Calculation: 1
                        Fix_Charge: 1
                        Additivity: 1
                Additional_MM_Disp: 0
                      SigmaEpsilon: 1
               Additional_Function: [1×1 struct]
                         Fix_Alpha: 0
                            Fix_C8: 0
                         Diary_Loc: 'C:\Users\Hayden\Documents\Patey_Lab\ThesisCodeBase\Machine_Learning\LiI_BH_Model_XY1\LiI_BH_Model_XY1.log'
                        SDMM_Range: [0 1000]
                        SDXX_Range: [0 40]
                        SDMX_Range: [0 40]
                       SDMM2_Range: [0 1000]
                       SD6MM_Range: [0 1000]
                       SD6XX_Range: [0 10]
                       SD6MX_Range: [0 100]
                       SD8MM_Range: [0 1000]
                       SD8XX_Range: [0 20]
                       SD8MX_Range: [0 200]
                      SRTFMM_Range: [0.1000 500]
                      SRTFXX_Range: [0.1000 20]
                      SRTFMX_Range: [0.1000 20]
                        SAMM_Range: [0.1000 10]
                        SAXX_Range: [0.1000 5]
                        SAMX_Range: [0.1000 5]
                        SRMM_Range: [0.3000 10]
                        SRXX_Range: [0.3000 5]
                        SRMX_Range: [0.3000 5]
                       Sr0MM_Range: [0.1000 0.4000]
                       Sr0XX_Range: [0.1000 0.5000]
                       Sr0MX_Range: [0.1000 0.5000]
                      SepsMM_Range: [0 1000]
                      SepsXX_Range: [0 1000]
                      SepsMX_Range: [0 1000]
                      SgamMM_Range: [1 6.8571]
                      SgamXX_Range: [1 6.8571]
                      SgamMX_Range: [1 6.8571]
                    SgamMM_RangeBH: [6 50]
                    SgamXX_RangeBH: [6 50]
                    SgamMX_RangeBH: [6 50]
                           Q_Range: [0.9500 1.0500]
                           Q_value: 1
                Additional_GAdjust: {}
         Additional_GAdjust_Ranges: {}
                  Extra_Properties: 1
                      Loss_Options: [1×1 struct]
                       CheckBadFcn: 1
                  MinExpWallHeight: 100
                   MaxRepWellDepth: 0
                  MaxModelMismatch: 0.5000
                 BadFcnLossPenalty: 1000
                  initial_opt_type: 'bayesopt'
           Max_Bayesian_Iterations: 800
                MinSurrogatePoints: 20
                 MinSampleDistance: 0.1000
                         ShowPlots: 1
                   second_opt_type: 'bayesopt'
          Max_Secondary_Iterations: 200
    Secondary_Acquisition_Function: 'lower-confidence-bound'
        ExplorationRatio_Secondary: 1
           SecondaryKernelFunction: 'ardmatern52'
              Max_Local_Iterations: 1000
                       MaxFunEvals: 100
                  Loss_Convergence: 1.0000e-06
                 Param_Convergence: 1.0000e-03
                    final_opt_type: 'fminsearchbnd'
                  switch_final_opt: 1
            Parallel_LiX_Minimizer: 0
               Parallel_Struct_Min: 1
                 Parallel_Bayesopt: 0
                  Liquid_Test_Time: 50
                   Solid_Test_Time: 30
                             Metal: 'Li'
                            Halide: 'I'
                    Longest_Cutoff: 1.1000
                               gmx: 'wsl source ~/.bashrc; gmx_d'
                           gmx_loc: 'wsl source ~/.bashrc; gmx_d'
                        mdrun_opts: ' -v -ntmpi 8 -dd 1 2 4'

******************************
Structures:
    {'Rocksalt'}

Loss Function
******************************
Regularization: L2
Reference Rocksalt Energy: Born-Haber Experimental
Reference Rocksalt/Wurtzite Parameters: Experiment
Enthalpy of Fusion at Experimental MP - Weight: 1
Volume Change of Fusion at Experimental MP - Weight: 1
Liquid Volume at Experimental MP - Weight: 1
Solid Volume at Experimental MP - Weight: 1
Rocksalt Absolute Lattice Energy - Weight: 1
Rocksalt Lattice Parameter a - Weight: 1
******************************
******************************
No checkpoint files found. Starting new calculation.
|==================================================================================================================================================|
| Iter | Eval   | Objective   | Objective   | BestSoFar   | BestSoFar   |        r0_MM |        r0_XX |   epsilon_MM |   epsilon_XX |     gamma_MX |
|      | result |             | runtime     | (observed)  | (estim.)    |              |              |              |              |              |
|==================================================================================================================================================|
|    1 | Best   |      24.033 |      0.4705 |      24.033 |      24.033 |      0.39646 |      0.24376 |       503.47 |       679.76 |       39.295 |
|    2 | Best   |      11.526 |     0.20523 |      11.526 |       12.28 |      0.38185 |      0.49897 |       429.58 |       159.15 |        29.64 |
|    3 | Best   |      11.163 |      0.1558 |      11.163 |      11.165 |      0.13009 |      0.46846 |       94.228 |       331.78 |       37.953 |
|    4 | Accept |      12.229 |     0.13519 |      11.163 |       11.66 |      0.33893 |      0.48745 |       368.92 |        454.6 |       33.863 |
|    5 | Accept |       25.34 |     0.22175 |      11.163 |      11.162 |       0.2672 |      0.48211 |       655.91 |       843.91 |       49.701 |
Starting parallel pool (parpool) using the 'local' profile ...
Connected to the parallel pool (number of workers: 8).
Parallel pool using the 'local' profile is shutting down.
