

******************************
Model Input Parameters
******************************
                       Submit_Jobs: 1
                         BatchMode: 1
                          Continue: 0
                       JobSettings: [1×1 struct]
                              Salt: 'LiI'
                         Structure: 'Rocksalt'
                     Use_Conv_cell: 1
                  Liquid_Interface: 0
                   Liquid_Fraction: 0.5
                            Theory: 'BH'
                             Model: ''
                        WaterModel: 'SPC/E'
                             JobID: ''
                           N_atoms: 5000
                     Cutoff_Buffer: 1.2
                     Prev_geom_loc: ''
                    Prev_geom_time: []
                    Target_Density: []
                       TF_Paramset: 0
                        Thermostat: 'v-rescale'
                          Target_T: 0
                   Time_Constant_T: 0.2
                        Nsttcouple: 10
                               MDP: [1×1 struct]
                          Barostat: 'Berendsen'
                          Isotropy: 'isotropic'
                          Target_P: 1
                   Time_Constant_P: 1
                        Nstpcouple: 50
              ScaleCompressibility: 1
          UseMoltenCompressibility: 0
                         Annealing: 'no'
                   Annealing_Times: []
                   Annealing_Temps: []
                      Table_Length: 4.01
                         CoordType: 'gro'
                     Output_Coords: 1000
          Output_Coords_Compressed: 0
                   Output_Velocity: 0
                     Output_Forces: 0
                     Calc_Energies: 100
                   Output_Energies: 1000
              Update_NeighbourList: 10
                 Skip_Minimization: 0
                   Find_Min_Params: 1
               Find_Similar_Params: 1
                        Data_Types: 1
                            MinMDP: [1×1 struct]
                  PreEquilibration: 0
                               pbc: 'on'
                        GenCluster: 0
                      Cluster_Frac: 0.5
                         Expand_LP: 1
                     Thermal_Solid: 0
                       Expand_a_SC: 1
                       Expand_b_SC: 1
                       Expand_c_SC: 1
                          Expand_a: 1
                          Expand_b: 1
                          Expand_c: 1
                          c_over_a: 1
                        Manual_Box: 0
                      Manual_Box_a: 1
                      Manual_Box_b: 1
                      Manual_Box_c: 1
                     Manual_Radius: 1
                     Delete_MDPout: 0
                      Delete_MDlog: 0
                    Delete_ConfOut: 0
                        Delete_TPR: 0
                    Delete_Backups: 1
                   Delete_Minimize: 0
                      Delete_Equil: 1
                    Delete_outputs: 0
                      Delete_subms: 0
                        Delete_cpt: 1
                           MaxWarn: 1
                     Top_gen_pairs: 'no'
                       Top_fudgeLJ: 1
                       Top_fudgeQQ: 1
                    Table_StepSize: 0.0005
                              home: 'C:\Users\Hayden\Documents\Patey_Lab\ThesisCodeBase'
                           project: 'C:\Users\Hayden\Documents\Patey_Lab'
                          computer: 'unbearabull'
                             slurm: 0
                         BO_Models: 'C:\Users\Hayden\Documents\Patey_Lab\BO_Models'
                              qsub: ''
                           passlog: ' ^&^> '
                              pipe: '^|'
                               wsl: 'wsl source ~/.bashrc; '
                        MLModelDir: 'C:\Users\Hayden\Documents\Patey_Lab\Machine_Learning_Structure_Finder\LiX_Structure_Selector_Optimization'
            Project_Directory_Name: 'Melting_Point_Studies'
                         CheckTime: 25
                      MaxCheckTime: 1000
                                T0: 800
                                lb: 500
                                ub: 2000
               MeltFreezeThreshold: 0.25
                    SlopeThreshold: 0.0001
                   MaxMPIterations: 10
                     StepTolerance: 0
                          MaxTDiff: 1
               FinalDensityProfile: 1
                  Delete_T_History: 0
                 Equilibrate_Solid: 30
                Equilibrate_Liquid: 50
                 MinInterfaceWidth: 0.075
                      RefStructure: 'Liquid'
                         Optimizer: 'MPSearcher'
                  ExplorationRatio: 2
              Acquisition_Function: 'expected-improvement-plus'
                     N_Seed_Points: 2
                    KernelFunction: 'ardmatern52'
                   InitialMeshSize: 100
                MeshSizeMultiplier: 2
                 FunctionTolerance: 0
                  BracketThreshold: 5
                       MinStepSize: 1
            UseDerivativeWeighting: 0
                      IgnoreBounds: 0
                  RunPostProcessor: 1
                    SaveTrajectory: 1
              SavePredictionsImage: 1
                      SaveFeatures: 0
                   SavePredictions: 0
                     ML_TimeLength: 21
                       ML_TimeStep: 5
                      TimePerFrame: 5
                                 S: [1×1 struct]
                           CR_Damp: [1×1 struct]
                           C6_Damp: [1×1 struct]
                        GAdjust_MX: [0 0 1]
                        GAdjust_MM: [0 0 1]
                        GAdjust_XX: [0 0 1]
                          Trial_ID: 'XX1'
                        Structures: {'Rocksalt'}
               Restart_Calculation: 1
                        Fix_Charge: 1
                        Additivity: 1
                Additional_MM_Disp: 0
                      SigmaEpsilon: 1
               Additional_Function: [1×1 struct]
                         Fix_Alpha: 0
                            Fix_C8: 0
                        SDMM_Range: [0 1000]
                        SDXX_Range: [0 40]
                        SDMX_Range: [0 40]
                       SDMM2_Range: [0 1000]
                       SD6MM_Range: [0 1000]
                       SD6XX_Range: [0 10]
                       SD6MX_Range: [0 100]
                       SD8MM_Range: [0 1000]
                       SD8XX_Range: [0 20]
                       SD8MX_Range: [0 200]
                      SRTFMM_Range: [0.1 500]
                      SRTFXX_Range: [0.1 20]
                      SRTFMX_Range: [0.1 20]
                        SAMM_Range: [0.1 10]
                        SAXX_Range: [0.1 5]
                        SAMX_Range: [0.1 5]
                        SRMM_Range: [0.3 10]
                        SRXX_Range: [0.3 5]
                        SRMX_Range: [0.3 5]
                       Sr0MM_Range: [0.1 0.4]
                       Sr0XX_Range: [0.1 0.5]
                       Sr0MX_Range: [0.1 0.5]
                      SepsMM_Range: [0 1000]
                      SepsXX_Range: [0 1000]
                      SepsMX_Range: [0 1000]
                      SgamMM_Range: [1 6.85714285714286]
                      SgamXX_Range: [1 6.85714285714286]
                      SgamMX_Range: [1 6.85714285714286]
                    SgamMM_RangeBH: [6 50]
                    SgamXX_RangeBH: [6 50]
                    SgamMX_RangeBH: [6 50]
                           Q_Range: [0.95 1.05]
                           Q_value: 1
                Additional_GAdjust: {}
         Additional_GAdjust_Ranges: {}
                            C6Damp: [1×1 struct]
                            CRDamp: [1×1 struct]
                  Extra_Properties: 1
                      Loss_Options: [1×1 struct]
                       CheckBadFcn: 1
                  MinExpWallHeight: 100
                   MaxRepWellDepth: 0
                  MaxModelMismatch: 0.75
                 BadFcnLossPenalty: 1000
                  initial_opt_type: 'bayesopt'
           Max_Bayesian_Iterations: 800
                MinSurrogatePoints: 20
                 MinSampleDistance: 0.1
                         ShowPlots: 1
                   second_opt_type: 'bayesopt'
          Max_Secondary_Iterations: 200
    Secondary_Acquisition_Function: 'lower-confidence-bound'
        ExplorationRatio_Secondary: 1
           SecondaryKernelFunction: 'ardmatern52'
              Max_Local_Iterations: 1000
                       MaxFunEvals: 100
                  Loss_Convergence: 1e-06
                 Param_Convergence: 0.001
                    final_opt_type: 'fminsearchbnd'
                  switch_final_opt: 1
            Parallel_LiX_Minimizer: 0
               Parallel_Struct_Min: 1
                 Parallel_Bayesopt: 0
                             Metal: 'Li'
                            Halide: 'I'
                    Longest_Cutoff: 1.5
                               gmx: 'wsl source ~/.bashrc; gmx_d'
                           gmx_loc: 'wsl source ~/.bashrc; gmx_d'
                        mdrun_opts: ' -v -ntmpi 8'

******************************
Structures:
    {'Rocksalt'}

Loss Function
******************************
Regularization: L2
Reference Rocksalt Energy: Born-Haber Experimental
Reference Rocksalt/Wurtzite Parameters: Experiment
Solid Volume at Experimental MP - Weight: 1
Melting Point - Weight: 1
Rocksalt Absolute Lattice Energy - Weight: 1
Rocksalt Lattice Parameter a - Weight: 1
******************************
******************************
No checkpoint files found. Starting new calculation.
|==================================================================================================================================================|
| Iter | Eval   | Objective   | Objective   | BestSoFar   | BestSoFar   |        r0_MM |        r0_XX |   epsilon_MM |   epsilon_XX |     gamma_MX |
|      | result |             | runtime     | (observed)  | (estim.)    |              |              |              |              |              |
|==================================================================================================================================================|
|    1 | Best   |       24.14 |     0.27212 |       24.14 |       24.14 |      0.37115 |      0.48763 |       437.68 |       557.99 |       32.002 |
|    2 | Best   |       13.52 |     0.15244 |       13.52 |       13.52 |      0.35672 |      0.22596 |       956.55 |       53.165 |        20.17 |
|    3 | Best   |      11.564 |     0.14083 |      11.564 |      11.564 |      0.24615 |      0.12139 |       633.77 |       657.09 |       34.869 |
Beginning LiI Rocksalt BH Optimization...
Starting parallel pool (parpool) using the 'local' profile ...
