

******************************
Model Input Parameters
******************************
                        Submit_Jobs: 1
                          BatchMode: 1
                           Continue: 0
                              Hours: 3
                             N_Calc: 1
                               Mins: 0
                              Nodes: 1
                              Cores: 8
                         Mempernode: '0'
                    SinglePrecision: 0
                            BigNode: 0
                          MPI_Ranks: 8
                        OMP_Threads: 1
                               npme: []
                                 dd: []
                                dds: 0.8000
                                DLB: 1
                            TunePME: 1
                            Verbose: 1
                        gmx_version: ''
                               Salt: 'LiF'
                          Structure: 'Rocksalt'
                      Use_Conv_cell: 1
                   Liquid_Interface: 1
                    Liquid_Fraction: 0.5000
                             Theory: 'JC'
                              Model: ''
                         WaterModel: 'SPC/E'
                              JobID: ''
                            N_atoms: 2000
                      Cutoff_Buffer: 1.2000
             ScaleInitialLiqDensity: 0.8000
                     GaussianCharge: 1
                GaussianChargeModel: 'Alexandria'
                       Polarization: 0
                 niter_polarization: 1000
                 emtol_polarization: 0.1000
                      Prev_geom_loc: ''
                     Prev_geom_time: []
                     Target_Density: []
                        TF_Paramset: 0
                         Thermostat: 'v-rescale'
                           Target_T: 0
                    Time_Constant_T: 0.2000
                         Nsttcouple: 10
                                MDP: [1×1 struct]
                           Barostat: 'Parrinello-Rahman'
                           Isotropy: 'semiisotropic'
                           Target_P: [1 1]
                    Time_Constant_P: 1
                         Nstpcouple: 50
               ScaleCompressibility: 1
           UseMoltenCompressibility: 0
                          Annealing: 'no'
                    Annealing_Times: []
                    Annealing_Temps: []
                       Table_Length: 4.0100
                          CoordType: 'gro'
                      Output_Coords: 1000
                    Output_Velocity: 0
                      Output_Forces: 0
                      Calc_Energies: 100
                    Output_Energies: 1000
               Update_NeighbourList: 10
                  Skip_Minimization: 0
                    Find_Min_Params: 1
                Find_Similar_Params: 0
                         Data_Types: 1
                             MinMDP: [1×1 struct]
                   PreEquilibration: 0.3000
                           Geometry: []
                        Ref_Density: NaN
                                pbc: 'on'
                         GenCluster: 0
                       Cluster_Frac: 0.5000
                          Expand_LP: 1
                      Thermal_Solid: 0
                        Expand_a_SC: 1
                        Expand_b_SC: 1
                        Expand_c_SC: 1
                           Expand_a: 1
                           Expand_b: 1
                           Expand_c: 1
                           c_over_a: 2
                         Manual_Box: 0
                       Manual_Box_a: 1
                       Manual_Box_b: 1
                       Manual_Box_c: 1
                      Manual_Radius: 1
                      Delete_MDPout: 0
                       Delete_MDlog: 0
                     Delete_ConfOut: 0
                         Delete_TPR: 0
                     Delete_Backups: 1
                    Delete_Minimize: 0
                       Delete_Equil: 0
                     Delete_outputs: 0
                       Delete_subms: 0
                         Delete_cpt: 1
                            MaxWarn: 2
                      Top_gen_pairs: 'no'
                        Top_fudgeLJ: 1
                        Top_fudgeQQ: 1
                     Table_StepSize: 5.0000e-04
                               home: 'C:\Users\Hayden\Documents\Patey_Lab\ThesisCodeBase'
                            project: 'C:\Users\Hayden\Documents\Patey_Lab'
                           computer: 'unbearabull'
                              slurm: 0
                          BO_Models: 'C:\Users\Hayden\Documents\Patey_Lab\Model_Building\Completed'
                               qsub: ''
                            passlog: ' ^&^> '
                               pipe: '^|'
                                wsl: 'wsl source ~/.bashrc; '
                         MLModelDir: 'C:\Users\Hayden\Documents\Patey_Lab\Machine_Learning_Structure_Finder\LiX_Structure_Selector_Optimization'
                        scratch_dir: 'C:\Users\Hayden\Documents\Patey_Lab\Model_Building\LiF\JC_Model_XX5'
             Project_Directory_Name: 'Model_Building'
                          CheckTime: 25
                       MaxCheckTime: 5000
                                 T0: 800
                                 lb: 0
                                 ub: 2200
                MeltFreezeThreshold: 0.2500
                     SlopeThreshold: 1.0000e+10
                    MaxMPIterations: 10
                      StepTolerance: 0
                           MaxTDiff: 0.0100
                FinalDensityProfile: 1
                   Delete_T_History: 0
                  MinInterfaceWidth: 0.0750
                       RefStructure: 'Liquid'
                  QECompressibility: 1.0000e-07
               CheckAmorphousLiquid: 0
               CheckAmorphousHalide: 0
             AmorphousDiffThreshold: 1.0000e-06
                MP_Liquid_Test_Time: 100
               MP_Equilibrate_Solid: 15
              MP_Equilibrate_Liquid: 20
                        MinTimeStep: 2.5000e-04
                    StaticCheckTime: 1
                          Optimizer: 'MPSearcher'
                   ExplorationRatio: 2
               Acquisition_Function: 'expected-improvement-plus'
                      N_Seed_Points: 2
                     KernelFunction: 'ardmatern52'
                    InitialMeshSize: 100
                 MeshSizeMultiplier: 2
                  FunctionTolerance: 0
                   BracketThreshold: 10
                        MinStepSize: 0.2500
             UseDerivativeWeighting: 0
                       IgnoreBounds: 0
                   RunPostProcessor: 1
                     SaveTrajectory: 1
               SavePredictionsImage: 1
                       SaveFeatures: 0
                    SavePredictions: 0
                      ML_TimeLength: 0
                        ML_TimeStep: 0
                       TimePerFrame: 1
                        Qlm_Average: 1
                            Voronoi: 0
                  RunEnergyAnalysis: {}
                                  S: [1×1 struct]
                            CR_Damp: [1×1 struct]
                            C6_Damp: [1×1 struct]
                         GAdjust_MX: [0 0 1]
                         GAdjust_MM: [0 0 1]
                         GAdjust_XX: [0 0 1]
                       SigmaEpsilon: 1
                   Liquid_Test_Time: 200
            Liquid_Equilibrate_Time: 25
                    Solid_Test_Time: 50
                           Trial_ID: 'XX5'
                         Structures: {'Wurtzite'  'Rocksalt'  'FiveFive'  'CsCl'}
               Continue_Calculation: 1
                         Fix_Charge: 1
                         Additivity: 1
                          Comb_rule: 'Lorentz-Berthelot'
                 Additional_MM_Disp: 0
                         InnerRange: 0
                Additional_Function: [1×1 struct]
                          Fix_Alpha: 0
                             Fix_C8: 0
                          Fix_Mie_n: 1
                          Diary_Loc: 'C:\Users\Hayden\Documents\Patey_Lab\ThesisCodeBase\Machine_Learning\LiF_JC_Model_XX5\LiF_JC_Model_XX5.log'
              Initialize_From_Model: {'KA'}
    Initialize_From_Model_Subsample: Inf
                            Q_Range: [0.9500 1.0500]
                            Q_value: 1
                 Additional_GAdjust: {}
          Additional_GAdjust_Ranges: {}
                   Extra_Properties: 1
                       Loss_Options: [1×1 struct]
               UseCoupledConstraint: 0
                        CheckBadFcn: 1
                   MinExpWallHeight: 300
                    MaxRepWellDepth: 0
                    MaxAttWellDepth: -1000
                     MinModelVolume: 10
                     MaxModelVolume: 1024
                         MaxMXWellR: 8
                         MinMXWellR: 0.5000
                  BadFcnLossPenalty: 1000
                        MinSkipLoss: 2
                          EnforceRR: 1
                    GPActiveSetSize: 1000
                   initial_opt_type: 'bayesopt'
               Initial_N_Multiplier: 40
            Max_Bayesian_Iterations: 600
                 MinSurrogatePoints: 20
                  MinSampleDistance: 0.1000
                          ShowPlots: 0
                    second_opt_type: 'bayesopt'
           Max_Secondary_Iterations: 50
     Secondary_Acquisition_Function: 'expected-improvement'
         ExplorationRatio_Secondary: 1
            SecondaryKernelFunction: 'ardmatern52'
               Max_Local_Iterations: 10
                        MaxFunEvals: 100
                   Loss_Convergence: 1.0000e-06
                  Param_Convergence: 1.0000e-03
                     final_opt_type: 'none'
                   switch_final_opt: 0
             Parallel_LiX_Minimizer: 0
                Parallel_Struct_Min: 1
                  Parallel_Bayesopt: 0
                           OuterDir: 'C:\Users\Hayden\Documents\Patey_Lab\ThesisCodeBase\Machine_Learning\LiF_JC_Model_XX5'
                              Metal: 'Li'
                             Halide: 'F'
                     Longest_Cutoff: 1.1000
                        postprocess: ''
                         mdrun_opts: ' -v -ntmpi 8 -ntomp 1'
                                gmx: 'wsl source ~/.bashrc; gmx_d '
                            gmx_loc: 'wsl source ~/.bashrc; gmx_d '
                             grompp: 'grompp'
                              mdrun: 'mdrun'
                           g_energy: 'energy'
                              g_msd: 'msd'
                            trjconv: 'trjconv'
                            g_check: 'check'
                            genconf: 'genconf'
                          g_density: 'density'
                           editconf: 'editconf'
                   insert_molecules: 'insert-molecules'
                        convert_tpr: 'convert-tpr'
                             g_traj: 'traj'

******************************
Structures:
    {'Wurtzite'}    {'Rocksalt'}    {'FiveFive'}    {'CsCl'}

Loss Function
******************************
Regularization: L2
Reference Rocksalt Energy: Born-Haber Experimental
Reference Rocksalt/Wurtzite Parameters: Experiment
Enthalpy of Fusion at Experimental MP - Weight: 10
Volume Change of Fusion at Experimental MP - Weight: 10
Liquid Volume at Experimental MP - Weight: 1
Solid Volume at Experimental MP - Weight: 1
Li Diffusion Constant at Experimental MP - Weight: 0.1
Rocksalt - Wurtzite Energy Gap - Value: 0
Rocksalt - Wurtzite Energy Gap - Weight: 1000
Rocksalt - Wurtzite Energy Gap Enforcement: Actual Gap must be less than Target Gap.
Otherwise loss function increases.
Rocksalt - FiveFive Energy Gap - Value: 0
Rocksalt - FiveFive Energy Gap - Weight: 1000
Rocksalt - FiveFive Energy Gap Enforcement: Actual Gap must be less than Target Gap.
Otherwise loss function increases.
Rocksalt - CsCl Energy Gap - Value: 0
Rocksalt - CsCl Energy Gap - Weight: 1000
Rocksalt - CsCl Energy Gap Enforcement: Actual Gap must be less than Target Gap.
Otherwise loss function increases.
******************************
******************************
No checkpoint files found. Starting new calculation.
{Error using <a href="matlab:matlab.internal.language.introspective.errorDocCallback('bayesoptim_priv.BayesoptOptions/checkInitialConstraintViolations', 'C:\Users\Hayden\Documents\Patey_Lab\ThesisCodeBase\Machine_Learning\bayesoptim\+bayesoptim_priv\BayesoptOptions.m', 550)" style="font-weight:bold">bayesoptim_priv.BayesoptOptions/checkInitialConstraintViolations</a> (<a href="matlab: opentoline('C:\Users\Hayden\Documents\Patey_Lab\ThesisCodeBase\Machine_Learning\bayesoptim\+bayesoptim_priv\BayesoptOptions.m',550,0)">line 550</a>)
The width of InitialConstraintViolations (1) must match the 'NumCoupledConstraints' parameter (0).

Error in <a href="matlab:matlab.internal.language.introspective.errorDocCallback('bayesoptim_priv.BayesoptOptions/checkAndFillInitializationData', 'C:\Users\Hayden\Documents\Patey_Lab\ThesisCodeBase\Machine_Learning\bayesoptim\+bayesoptim_priv\BayesoptOptions.m', 471)" style="font-weight:bold">bayesoptim_priv.BayesoptOptions/checkAndFillInitializationData</a> (<a href="matlab: opentoline('C:\Users\Hayden\Documents\Patey_Lab\ThesisCodeBase\Machine_Learning\bayesoptim\+bayesoptim_priv\BayesoptOptions.m',471,0)">line 471</a>)
                    this = checkInitialConstraintViolations(this, N);

Error in <a href="matlab:matlab.internal.language.introspective.errorDocCallback('bayesoptim_priv.BayesoptOptions/validateAndFillDefaults', 'C:\Users\Hayden\Documents\Patey_Lab\ThesisCodeBase\Machine_Learning\bayesoptim\+bayesoptim_priv\BayesoptOptions.m', 171)" style="font-weight:bold">bayesoptim_priv.BayesoptOptions/validateAndFillDefaults</a> (<a href="matlab: opentoline('C:\Users\Hayden\Documents\Patey_Lab\ThesisCodeBase\Machine_Learning\bayesoptim\+bayesoptim_priv\BayesoptOptions.m',171,0)">line 171</a>)
            this = checkAndFillInitializationData(this);

Error in <a href="matlab:matlab.internal.language.introspective.errorDocCallback('bayesoptim_priv.BayesoptOptions', 'C:\Users\Hayden\Documents\Patey_Lab\ThesisCodeBase\Machine_Learning\bayesoptim\+bayesoptim_priv\BayesoptOptions.m', 126)" style="font-weight:bold">bayesoptim_priv.BayesoptOptions</a> (<a href="matlab: opentoline('C:\Users\Hayden\Documents\Patey_Lab\ThesisCodeBase\Machine_Learning\bayesoptim\+bayesoptim_priv\BayesoptOptions.m',126,0)">line 126</a>)
            this = validateAndFillDefaults(this);

Error in <a href="matlab:matlab.internal.language.introspective.errorDocCallback('bayesopt_priv', 'C:\Users\Hayden\Documents\Patey_Lab\ThesisCodeBase\Machine_Learning\bayesoptim\bayesopt_priv.m', 322)" style="font-weight:bold">bayesopt_priv</a> (<a href="matlab: opentoline('C:\Users\Hayden\Documents\Patey_Lab\ThesisCodeBase\Machine_Learning\bayesoptim\bayesopt_priv.m',322,0)">line 322</a>)
Options = bayesoptim_priv.BayesoptOptions(ObjectiveFcn, VariableDescriptions, varargin);

Error in <a href="matlab:matlab.internal.language.introspective.errorDocCallback('Bayesian_Optimize_LiX_Parameters', 'C:\Users\Hayden\Documents\Patey_Lab\ThesisCodeBase\Machine_Learning\Bayesian_Optimize_LiX_Parameters.m', 384)" style="font-weight:bold">Bayesian_Optimize_LiX_Parameters</a> (<a href="matlab: opentoline('C:\Users\Hayden\Documents\Patey_Lab\ThesisCodeBase\Machine_Learning\Bayesian_Optimize_LiX_Parameters.m',384,0)">line 384</a>)
                    results = bayesopt_priv(fun,params,'IsObjectiveDeterministic',Deterministic,...

Error in <a href="matlab:matlab.internal.language.introspective.errorDocCallback('Bayesian_Optimize_Local_Submit', 'C:\Users\Hayden\Documents\Patey_Lab\ThesisCodeBase\Machine_Learning\Bayesian_Optimize_Local_Submit.m', 233)" style="font-weight:bold">Bayesian_Optimize_Local_Submit</a> (<a href="matlab: opentoline('C:\Users\Hayden\Documents\Patey_Lab\ThesisCodeBase\Machine_Learning\Bayesian_Optimize_Local_Submit.m',233,0)">line 233</a>)
Bayesian_Optimize_LiX_Parameters(Settings)
} 
opentoline('C:\Users\Hayden\Documents\Patey_Lab\ThesisCodeBase\Machine_Learning\Bayesian_Optimize_LiX_Parameters.m',384,0)
Bayesian_Optimize_Local_Submit


******************************
Model Input Parameters
******************************
                        Submit_Jobs: 1
                          BatchMode: 1
                           Continue: 0
                              Hours: 3
                             N_Calc: 1
                               Mins: 0
                              Nodes: 1
                              Cores: 8
                         Mempernode: '0'
                    SinglePrecision: 0
                            BigNode: 0
                          MPI_Ranks: 8
                        OMP_Threads: 1
                               npme: []
                                 dd: []
                                dds: 0.8000
                                DLB: 1
                            TunePME: 1
                            Verbose: 1
                        gmx_version: ''
                               Salt: 'LiF'
                          Structure: 'Rocksalt'
                      Use_Conv_cell: 1
                   Liquid_Interface: 1
                    Liquid_Fraction: 0.5000
                             Theory: 'JC'
                              Model: ''
                         WaterModel: 'SPC/E'
                              JobID: ''
                            N_atoms: 2000
                      Cutoff_Buffer: 1.2000
             ScaleInitialLiqDensity: 0.8000
                     GaussianCharge: 1
                GaussianChargeModel: 'Alexandria'
                       Polarization: 0
                 niter_polarization: 1000
                 emtol_polarization: 0.1000
                      Prev_geom_loc: ''
                     Prev_geom_time: []
                     Target_Density: []
                        TF_Paramset: 0
                         Thermostat: 'v-rescale'
                           Target_T: 0
                    Time_Constant_T: 0.2000
                         Nsttcouple: 10
                                MDP: [1×1 struct]
                           Barostat: 'Parrinello-Rahman'
                           Isotropy: 'semiisotropic'
                           Target_P: [1 1]
                    Time_Constant_P: 1
                         Nstpcouple: 50
               ScaleCompressibility: 1
           UseMoltenCompressibility: 0
                          Annealing: 'no'
                    Annealing_Times: []
                    Annealing_Temps: []
                       Table_Length: 4.0100
                          CoordType: 'gro'
                      Output_Coords: 1000
                    Output_Velocity: 0
                      Output_Forces: 0
                      Calc_Energies: 100
                    Output_Energies: 1000
               Update_NeighbourList: 10
                  Skip_Minimization: 0
                    Find_Min_Params: 1
                Find_Similar_Params: 0
                         Data_Types: 1
                             MinMDP: [1×1 struct]
                   PreEquilibration: 0.3000
                           Geometry: []
                        Ref_Density: NaN
                                pbc: 'on'
                         GenCluster: 0
                       Cluster_Frac: 0.5000
                          Expand_LP: 1
                      Thermal_Solid: 0
                        Expand_a_SC: 1
                        Expand_b_SC: 1
                        Expand_c_SC: 1
                           Expand_a: 1
                           Expand_b: 1
                           Expand_c: 1
                           c_over_a: 2
                         Manual_Box: 0
                       Manual_Box_a: 1
                       Manual_Box_b: 1
                       Manual_Box_c: 1
                      Manual_Radius: 1
                      Delete_MDPout: 0
                       Delete_MDlog: 0
                     Delete_ConfOut: 0
                         Delete_TPR: 0
                     Delete_Backups: 1
                    Delete_Minimize: 0
                       Delete_Equil: 0
                     Delete_outputs: 0
                       Delete_subms: 0
                         Delete_cpt: 1
                            MaxWarn: 2
                      Top_gen_pairs: 'no'
                        Top_fudgeLJ: 1
                        Top_fudgeQQ: 1
                     Table_StepSize: 5.0000e-04
                               home: 'C:\Users\Hayden\Documents\Patey_Lab\ThesisCodeBase'
                            project: 'C:\Users\Hayden\Documents\Patey_Lab'
                           computer: 'unbearabull'
                              slurm: 0
                          BO_Models: 'C:\Users\Hayden\Documents\Patey_Lab\Model_Building\Completed'
                               qsub: ''
                            passlog: ' ^&^> '
                               pipe: '^|'
                                wsl: 'wsl source ~/.bashrc; '
                         MLModelDir: 'C:\Users\Hayden\Documents\Patey_Lab\Machine_Learning_Structure_Finder\LiX_Structure_Selector_Optimization'
                        scratch_dir: 'C:\Users\Hayden\Documents\Patey_Lab\Model_Building\LiF\JC_Model_XX5'
             Project_Directory_Name: 'Model_Building'
                          CheckTime: 25
                       MaxCheckTime: 5000
                                 T0: 800
                                 lb: 0
                                 ub: 2200
                MeltFreezeThreshold: 0.2500
                     SlopeThreshold: 1.0000e+10
                    MaxMPIterations: 10
                      StepTolerance: 0
                           MaxTDiff: 0.0100
                FinalDensityProfile: 1
                   Delete_T_History: 0
                  MinInterfaceWidth: 0.0750
                       RefStructure: 'Liquid'
                  QECompressibility: 1.0000e-07
               CheckAmorphousLiquid: 0
               CheckAmorphousHalide: 0
             AmorphousDiffThreshold: 1.0000e-06
                MP_Liquid_Test_Time: 100
               MP_Equilibrate_Solid: 15
              MP_Equilibrate_Liquid: 20
                        MinTimeStep: 2.5000e-04
                    StaticCheckTime: 1
                          Optimizer: 'MPSearcher'
                   ExplorationRatio: 2
               Acquisition_Function: 'expected-improvement-plus'
                      N_Seed_Points: 2
                     KernelFunction: 'ardmatern52'
                    InitialMeshSize: 100
                 MeshSizeMultiplier: 2
                  FunctionTolerance: 0
                   BracketThreshold: 10
                        MinStepSize: 0.2500
             UseDerivativeWeighting: 0
                       IgnoreBounds: 0
                   RunPostProcessor: 1
                     SaveTrajectory: 1
               SavePredictionsImage: 1
                       SaveFeatures: 0
                    SavePredictions: 0
                      ML_TimeLength: 0
                        ML_TimeStep: 0
                       TimePerFrame: 1
                        Qlm_Average: 1
                            Voronoi: 0
                  RunEnergyAnalysis: {}
                                  S: [1×1 struct]
                            CR_Damp: [1×1 struct]
                            C6_Damp: [1×1 struct]
                         GAdjust_MX: [0 0 1]
                         GAdjust_MM: [0 0 1]
                         GAdjust_XX: [0 0 1]
                       SigmaEpsilon: 1
                   Liquid_Test_Time: 200
            Liquid_Equilibrate_Time: 25
                    Solid_Test_Time: 50
                           Trial_ID: 'XX5'
                         Structures: {'Wurtzite'  'Rocksalt'  'FiveFive'  'CsCl'}
               Continue_Calculation: 1
                         Fix_Charge: 1
                         Additivity: 1
                          Comb_rule: 'Lorentz-Berthelot'
                 Additional_MM_Disp: 0
                         InnerRange: 0
                Additional_Function: [1×1 struct]
                          Fix_Alpha: 0
                             Fix_C8: 0
                          Fix_Mie_n: 1
                          Diary_Loc: 'C:\Users\Hayden\Documents\Patey_Lab\ThesisCodeBase\Machine_Learning\LiF_JC_Model_XX5\LiF_JC_Model_XX5.log'
              Initialize_From_Model: {'KA'}
    Initialize_From_Model_Subsample: Inf
                            Q_Range: [0.9500 1.0500]
                            Q_value: 1
                 Additional_GAdjust: {}
          Additional_GAdjust_Ranges: {}
                   Extra_Properties: 1
                       Loss_Options: [1×1 struct]
               UseCoupledConstraint: 0
                        CheckBadFcn: 1
                   MinExpWallHeight: 300
                    MaxRepWellDepth: 0
                    MaxAttWellDepth: -1000
                     MinModelVolume: 10
                     MaxModelVolume: 1024
                         MaxMXWellR: 8
                         MinMXWellR: 0.5000
                  BadFcnLossPenalty: 1000
                        MinSkipLoss: 2
                          EnforceRR: 1
                    GPActiveSetSize: 1000
                   initial_opt_type: 'bayesopt'
               Initial_N_Multiplier: 40
            Max_Bayesian_Iterations: 600
                 MinSurrogatePoints: 20
                  MinSampleDistance: 0.1000
                          ShowPlots: 0
                    second_opt_type: 'bayesopt'
           Max_Secondary_Iterations: 50
     Secondary_Acquisition_Function: 'expected-improvement'
         ExplorationRatio_Secondary: 1
            SecondaryKernelFunction: 'ardmatern52'
               Max_Local_Iterations: 10
                        MaxFunEvals: 100
                   Loss_Convergence: 1.0000e-06
                  Param_Convergence: 1.0000e-03
                     final_opt_type: 'none'
                   switch_final_opt: 0
             Parallel_LiX_Minimizer: 0
                Parallel_Struct_Min: 1
                  Parallel_Bayesopt: 0
                           OuterDir: 'C:\Users\Hayden\Documents\Patey_Lab\ThesisCodeBase\Machine_Learning\LiF_JC_Model_XX5'
                              Metal: 'Li'
                             Halide: 'F'
                     Longest_Cutoff: 1.1000
                        postprocess: ''
                         mdrun_opts: ' -v -ntmpi 8 -ntomp 1'
                                gmx: 'wsl source ~/.bashrc; gmx_d '
                            gmx_loc: 'wsl source ~/.bashrc; gmx_d '
                             grompp: 'grompp'
                              mdrun: 'mdrun'
                           g_energy: 'energy'
                              g_msd: 'msd'
                            trjconv: 'trjconv'
                            g_check: 'check'
                            genconf: 'genconf'
                          g_density: 'density'
                           editconf: 'editconf'
                   insert_molecules: 'insert-molecules'
                        convert_tpr: 'convert-tpr'
                             g_traj: 'traj'

******************************
Structures:
    {'Wurtzite'}    {'Rocksalt'}    {'FiveFive'}    {'CsCl'}

Loss Function
******************************
Regularization: L2
Reference Rocksalt Energy: Born-Haber Experimental
Reference Rocksalt/Wurtzite Parameters: Experiment
Enthalpy of Fusion at Experimental MP - Weight: 10
Volume Change of Fusion at Experimental MP - Weight: 10
Liquid Volume at Experimental MP - Weight: 1
Solid Volume at Experimental MP - Weight: 1
Li Diffusion Constant at Experimental MP - Weight: 0.1
Rocksalt - Wurtzite Energy Gap - Value: 0
Rocksalt - Wurtzite Energy Gap - Weight: 1000
Rocksalt - Wurtzite Energy Gap Enforcement: Actual Gap must be less than Target Gap.
Otherwise loss function increases.
Rocksalt - FiveFive Energy Gap - Value: 0
Rocksalt - FiveFive Energy Gap - Weight: 1000
Rocksalt - FiveFive Energy Gap Enforcement: Actual Gap must be less than Target Gap.
Otherwise loss function increases.
Rocksalt - CsCl Energy Gap - Value: 0
Rocksalt - CsCl Energy Gap - Weight: 1000
Rocksalt - CsCl Energy Gap Enforcement: Actual Gap must be less than Target Gap.
Otherwise loss function increases.
******************************
******************************
No checkpoint files found. Starting new calculation.
Prev_Data

Prev_Data = 

  <a href="matlab:helpPopup struct" style="font-weight:bold">struct</a> with fields:

                           InitialX: [461×4 table]
        InitialConstraintViolations: [461×1 double]
                 InitialErrorValues: [461×1 double]
                    InitialUserData: {461×1 cell}
    InitialObjectiveEvaluationTimes: [461×1 double]
              InitialIterationTimes: [461×1 double]
                   InitialObjective: [461×1 double]

NumCC

NumCC =

     0

open LoadPrevModelData
Prev_Data

Prev_Data = 

  <a href="matlab:helpPopup struct" style="font-weight:bold">struct</a> with fields:

                           InitialX: [461×4 table]
        InitialConstraintViolations: [461×1 double]
                 InitialErrorValues: [461×1 double]
                    InitialUserData: {461×1 cell}
    InitialObjectiveEvaluationTimes: [461×1 double]
              InitialIterationTimes: [461×1 double]
                   InitialObjective: [461×1 double]

size(Prev_Data.InitialConstraintViolations)

ans =

   461     1

size(Prev_Data.InitialConstraintViolations,2)

ans =

     1

width(Prev_Data.InitialConstraintViolations)

ans =

     1

NumCC

NumCC =

     0

open LoadPrevModelData
double.empty(size(Prev_Data.InitialConstraintViolations,1),0)

ans =

  461×0 empty <a href="matlab:helpPopup double" style="font-weight:bold">double</a> matrix

Prev_Data.InitialConstraintViolations

ans =

    6.9088
   -1.0000
    6.9088
    6.9088
   -1.0000
    6.9088
   -1.0000
    6.9088
    6.9088
    6.9088
    6.9088
    6.9088
    6.9088
   -1.0000
    6.9088
    6.9088
   -1.0000
   -1.0000
   -1.0000
    6.9088
   -1.0000
    6.9088
    6.9088
    6.9088
   -1.0000
   -1.0000
    6.9088
   -1.0000
   -1.0000
   -1.0000
   -1.0000
    6.9088
    6.9088
    6.9088
    6.9088
   -1.0000
   -1.0000
   -1.0000
    6.9088
    4.7408
    6.9088
    6.9088
   -1.0000
    6.9088
   -1.0000
    6.9088
    6.9088
    6.9088
   -1.0000
    6.9088
    6.9088
    6.9088
    6.9088
    6.9088
   -1.0000
    6.9088
    6.9088
   -1.0000
    6.9088
   -1.0000
    6.9088
    6.9088
   -1.0000
   -1.0000
   -1.0000
    6.9088
   -1.0000
    6.0124
    6.9088
    6.9088
   -1.0000
    6.9088
    6.9088
   -1.0000
   -1.0000
   -1.0000
   -1.0000
    6.9088
    6.9088
   -1.0000
    6.9088
    5.7799
   -1.0000
   -1.0000
    6.9088
   -1.0000
    6.9088
   -1.0000
    6.9088
    6.9088
   -1.0000
   -1.0000
   -1.0000
    6.9088
    6.9088
   -1.0000
    6.9088
    6.9088
   -1.0000
    6.9088
   -1.0000
    6.9088
    6.9088
    6.9088
    6.9088
   -1.0000
   -1.0000
    6.9088
    6.9088
    6.9088
    6.9088
    6.9088
    6.9088
    6.9088
    6.9088
   -1.0000
    6.9088
    6.9088
   -1.0000
    6.9088
    6.9088
    6.9088
    6.9088
    6.9088
   -1.0000
   -1.0000
   -1.0000
    6.9088
    6.9088
    6.9088
    6.9088
   -1.0000
    6.9088
    6.9088
    6.9088
    6.9088
   -1.0000
   -1.0000
    6.9088
    6.9088
    6.9088
   -1.0000
    6.9088
    6.9088
    6.9088
    6.9088
    6.9088
    6.9088
    6.9088
    6.9088
    6.9088
   -1.0000
    6.9088
    6.9088
    6.9088
   -1.0000
   -1.0000
   -1.0000
   -1.0000
    6.9088
    6.9088
    6.9088
    6.9088
    6.9088
    6.9088
    6.9088
    6.9088
   -1.0000
    6.9088
    6.9088
    4.7321
    6.9088
    6.9088
    6.9088
    6.9088
    6.9088
    6.9088
    6.9088
    6.9088
    6.9088
    6.9088
    6.9088
    6.9088
    6.9088
   -1.0000
   -1.0000
   -1.0000
   -1.0000
   -1.0000
   -1.0000
    6.9088
    6.9088
    6.9088
   -1.0000
   -1.0000
    6.9088
   -1.0000
   -1.0000
   -1.0000
   -1.0000
   -1.0000
   -1.0000
   -1.0000
    6.9088
   -1.0000
   -1.0000
   -1.0000
   -1.0000
   -1.0000
   -1.0000
   -1.0000
   -1.0000
   -1.0000
   -1.0000
   -1.0000
   -1.0000
   -1.0000
   -1.0000
   -1.0000
   -1.0000
    6.9088
   -1.0000
   -1.0000
   -1.0000
    6.9088
    6.9088
   -1.0000
   -1.0000
   -1.0000
   -1.0000
   -1.0000
   -1.0000
   -1.0000
   -1.0000
   -1.0000
    6.9088
    6.9088
   -1.0000
   -1.0000
   -1.0000
    6.9088
    6.9088
   -1.0000
    6.9088
    6.9088
   -1.0000
   -1.0000
    6.9088
   -1.0000
   -1.0000
   -1.0000
    6.9088
   -1.0000
   -1.0000
   -1.0000
   -1.0000
   -1.0000
   -1.0000
   -1.0000
   -1.0000
   -1.0000
   -1.0000
   -1.0000
   -1.0000
   -1.0000
   -1.0000
   -1.0000
   -1.0000
   -1.0000
   -1.0000
   -1.0000
   -1.0000
   -1.0000
   -1.0000
   -1.0000
   -1.0000
   -1.0000
   -1.0000
   -1.0000
   -1.0000
   -1.0000
   -1.0000
   -1.0000
   -1.0000
   -1.0000
   -1.0000
   -1.0000
   -1.0000
   -1.0000
   -1.0000
    6.9088
   -1.0000
   -1.0000
   -1.0000
   -1.0000
   -1.0000
    6.9088
   -1.0000
   -1.0000
   -1.0000
   -1.0000
   -1.0000
   -1.0000
   -1.0000
   -1.0000
    6.9088
    6.9088
   -1.0000
    6.9088
   -1.0000
   -1.0000
   -1.0000
   -1.0000
   -1.0000
   -1.0000
   -1.0000
   -1.0000
   -1.0000
   -1.0000
   -1.0000
   -1.0000
   -1.0000
   -1.0000
   -1.0000
   -1.0000
   -1.0000
   -1.0000
   -1.0000
   -1.0000
   -1.0000
    6.9088
   -1.0000
   -1.0000
    6.9088
   -1.0000
   -1.0000
   -1.0000
   -1.0000
    6.9088
    6.9088
   -1.0000
    6.9088
   -1.0000
   -1.0000
    6.9088
    6.9088
    6.9088
    6.9088
    6.9088
    6.9088
    6.9088
    6.9088
   -1.0000
    6.9088
    6.9088
    6.9088
    6.9088
    6.9088
    6.9088
    6.9088
    6.9088
    6.9088
    6.9088
   -1.0000
    6.9088
    6.9088
    6.9088
    6.9088
    6.9088
    6.9088
    6.9088
    6.9088
    6.9088
   -1.0000
    6.9088
    6.9088
    6.9088
    6.9088
    6.9088
    6.9088
    6.9088
    6.9088
    6.9088
    6.9088
    6.9088
    6.9088
    6.9088
    6.9088
    6.9088
    6.9088
    6.9088
    6.9088
   -1.0000
   -1.0000
    6.9088
    6.9088
    6.9088
    6.9088
   -1.0000
   -1.0000
    6.9088
    6.9088
    6.9088
    6.9088
    6.9088
    6.9088
    6.9088
    6.9088
    6.9088
    6.9088
    6.9088
    6.9088
    6.9088
    6.9088
    6.9088
    6.9088
    6.9088
    6.9088
    6.9088
    6.9088
    6.9088
    6.9088
    6.9088
    6.9088
    6.9088
    6.9088
    6.9088
   -1.0000
    6.9088
    6.9088
    6.9088
    6.9088
    6.9088
    6.9088
    6.9088
    6.9088
    6.9088
    6.9088
    6.9088
    6.9088
    6.9088
   -1.0000
    6.9088
    6.9088
    6.9088
    6.9088
    6.9088
    6.9088
    6.9088
    6.9088
    6.9088
   -1.0000
   -1.0000
    6.9088
    6.9088
    6.9088
    6.9088
    6.9088
    6.9088
   -1.0000
   -1.0000

Prev_Data

Prev_Data = 

  <a href="matlab:helpPopup struct" style="font-weight:bold">struct</a> with fields:

                           InitialX: [461×4 table]
        InitialConstraintViolations: [461×1 double]
                 InitialErrorValues: [461×1 double]
                    InitialUserData: {461×1 cell}
    InitialObjectiveEvaluationTimes: [461×1 double]
              InitialIterationTimes: [461×1 double]
                   InitialObjective: [461×1 double]

width(Prev_Data.InitialConstraintViolations) > NumCC

ans =

  <a href="matlab:helpPopup logical" style="font-weight:bold">logical</a>

   1

Prev_Data.InitialConstraintViolations = double.empty(size(Prev_Data.InitialConstraintViolations,1),0)

Prev_Data = 

  <a href="matlab:helpPopup struct" style="font-weight:bold">struct</a> with fields:

                           InitialX: [461×4 table]
        InitialConstraintViolations: [461×0 double]
                 InitialErrorValues: [461×1 double]
                    InitialUserData: {461×1 cell}
    InitialObjectiveEvaluationTimes: [461×1 double]
              InitialIterationTimes: [461×1 double]
                   InitialObjective: [461×1 double]

width(Prev_Data.InitialConstraintViolations)

ans =

     0

