

******************************
Model Input Parameters
******************************
                       Submit_Jobs: 1
                         BatchMode: 1
                          Continue: 0
                       JobSettings: [1×1 struct]
                           Verbose: 1
                              Salt: 'LiBr'
                         Structure: 'Rocksalt'
                     Use_Conv_cell: 1
                  Liquid_Interface: 1
                   Liquid_Fraction: 0.5
                            Theory: 'JC'
                             Model: ''
                        WaterModel: 'SPC/E'
                             JobID: ''
                           N_atoms: 2000
                     Cutoff_Buffer: 1.2
            ScaleInitialLiqDensity: 0.8
                     Prev_geom_loc: ''
                    Prev_geom_time: []
                    Target_Density: []
                       TF_Paramset: 0
                        Thermostat: 'v-rescale'
                          Target_T: 0
                   Time_Constant_T: 0.2
                        Nsttcouple: 10
                               MDP: [1×1 struct]
                          Barostat: 'Parrinello-Rahman'
                          Isotropy: 'semiisotropic'
                          Target_P: [1 1]
                   Time_Constant_P: 1
                        Nstpcouple: 50
              ScaleCompressibility: 1
          UseMoltenCompressibility: 0
                         Annealing: 'no'
                   Annealing_Times: []
                   Annealing_Temps: []
                      Table_Length: 4.01
                         CoordType: 'gro'
                     Output_Coords: 1000
          Output_Coords_Compressed: 0
                   Output_Velocity: 0
                     Output_Forces: 0
                     Calc_Energies: 100
                   Output_Energies: 1000
              Update_NeighbourList: 10
                 Skip_Minimization: 0
                   Find_Min_Params: 1
               Find_Similar_Params: 0
                        Data_Types: 1
                            MinMDP: [1×1 struct]
                  PreEquilibration: 0.3
                               pbc: 'on'
                        GenCluster: 0
                      Cluster_Frac: 0.5
                         Expand_LP: 1
                     Thermal_Solid: 0
                       Expand_a_SC: 1
                       Expand_b_SC: 1
                       Expand_c_SC: 1
                          Expand_a: 1
                          Expand_b: 1
                          Expand_c: 1
                          c_over_a: 2
                        Manual_Box: 0
                      Manual_Box_a: 1
                      Manual_Box_b: 1
                      Manual_Box_c: 1
                     Manual_Radius: 1
                     Delete_MDPout: 0
                      Delete_MDlog: 0
                    Delete_ConfOut: 0
                        Delete_TPR: 0
                    Delete_Backups: 1
                   Delete_Minimize: 0
                      Delete_Equil: 0
                    Delete_outputs: 0
                      Delete_subms: 0
                        Delete_cpt: 1
                           MaxWarn: 2
                     Top_gen_pairs: 'no'
                       Top_fudgeLJ: 1
                       Top_fudgeQQ: 1
                    Table_StepSize: 0.0005
                              home: 'C:\Users\Hayden\Documents\Patey_Lab\ThesisCodeBase'
                           project: 'C:\Users\Hayden\Documents\Patey_Lab'
                          computer: 'unbearabull'
                             slurm: 0
                         BO_Models: 'C:\Users\Hayden\Documents\Patey_Lab\BO_Models'
                              qsub: ''
                           passlog: ' ^&^> '
                              pipe: '^|'
                               wsl: 'wsl source ~/.bashrc; '
                        MLModelDir: 'C:\Users\Hayden\Documents\Patey_Lab\Machine_Learning_Structure_Finder\LiX_Structure_Selector_Optimization'
            Project_Directory_Name: 'Melting_Point_Studies'
                         CheckTime: 25
                      MaxCheckTime: 5000
                                T0: 800
                                lb: 0
                                ub: 2200
               MeltFreezeThreshold: 0.25
                    SlopeThreshold: 10000000000
                   MaxMPIterations: 10
                     StepTolerance: 0
                          MaxTDiff: 0.01
               FinalDensityProfile: 1
                  Delete_T_History: 0
                 MinInterfaceWidth: 0.075
                      RefStructure: 'Liquid'
                 QECompressibility: 1e-07
              CheckAmorphousLiquid: 1
              CheckAmorphousHalide: 0
            AmorphousDiffThreshold: 1e-06
                         Optimizer: 'MPSearcher'
                  ExplorationRatio: 2
              Acquisition_Function: 'expected-improvement-plus'
                     N_Seed_Points: 2
                    KernelFunction: 'ardmatern52'
                   InitialMeshSize: 20
                MeshSizeMultiplier: 5
                 FunctionTolerance: 0
                  BracketThreshold: 5
                       MinStepSize: 0.25
            UseDerivativeWeighting: 0
                      IgnoreBounds: 0
                  RunPostProcessor: 1
                    SaveTrajectory: 1
              SavePredictionsImage: 1
                      SaveFeatures: 0
                   SavePredictions: 0
                     ML_TimeLength: 21
                       ML_TimeStep: 5
                      TimePerFrame: 5
                                 S: [1×1 struct]
                           CR_Damp: [1×1 struct]
                           C6_Damp: [1×1 struct]
                        GAdjust_MX: [0 0 1]
                        GAdjust_MM: [0 0 1]
                        GAdjust_XX: [0 0 1]
                  Liquid_Test_Time: 100
           Liquid_Equilibrate_Time: 25
                   Solid_Test_Time: 30
                 Equilibrate_Solid: 15
                Equilibrate_Liquid: 20
                       MinTimeStep: 0.00025
                          Trial_ID: 'XX1'
                        Structures: {'Wurtzite'  'Rocksalt'}
               Restart_Calculation: 1
                        Fix_Charge: 1
                        Additivity: 1
                Additional_MM_Disp: 0
                      SigmaEpsilon: 1
               Additional_Function: [1×1 struct]
                         Fix_Alpha: 0
                            Fix_C8: 0
                         Diary_Loc: 'C:\Users\Hayden\Documents\Patey_Lab\ThesisCodeBase\LiX_Minimization_scripts\LiBr_JC_Model_XX1\LiBr_JC_Model_XX1\LiBr_JC_Model_XX1\LiBr_JC_Model_XX1.log'
                        SDMM_Range: [0 1000]
                        SDXX_Range: [0 40]
                        SDMX_Range: [0 40]
                       SDMM2_Range: [0 1000]
                       SD6MM_Range: [0 1000]
                       SD6XX_Range: [0 10]
                       SD6MX_Range: [0 100]
                       SD8MM_Range: [0 1000]
                       SD8XX_Range: [0 20]
                       SD8MX_Range: [0 200]
                      SRTFMM_Range: [0.1 500]
                      SRTFXX_Range: [0.1 20]
                      SRTFMX_Range: [0.1 20]
                        SAMM_Range: [0.1 10]
                        SAXX_Range: [0.1 5]
                        SAMX_Range: [0.1 5]
                        SRMM_Range: [0.1 50]
                        SRXX_Range: [0.1 50]
                        SRMX_Range: [0.1 50]
                       Sr0MM_Range: [0.1 0.4]
                       Sr0XX_Range: [0.1 0.8]
                       Sr0MX_Range: [0.1 0.8]
                      SepsMM_Range: [0 1000]
                      SepsXX_Range: [0 1000]
                      SepsMX_Range: [0 1000]
                      SgamMM_Range: [1 6.85714285714286]
                      SgamXX_Range: [1 6.85714285714286]
                      SgamMX_Range: [1 6.85714285714286]
                    SgamMM_RangeBH: [6 80]
                    SgamXX_RangeBH: [6 80]
                    SgamMX_RangeBH: [6 80]
                           Q_Range: [0.95 1.05]
                           Q_value: 1
                Additional_GAdjust: {}
         Additional_GAdjust_Ranges: {}
                  Extra_Properties: 1
                      Loss_Options: [1×1 struct]
                       CheckBadFcn: 1
                  MinExpWallHeight: 200
                   MaxRepWellDepth: 0
                    MinModelVolume: 10
                    MaxModelVolume: 2000
                 BadFcnLossPenalty: 1000
                       MinSkipLoss: 2
                  initial_opt_type: 'bayesopt'
           Max_Bayesian_Iterations: 100
                MinSurrogatePoints: 20
                 MinSampleDistance: 0.1
                         ShowPlots: 1
                   second_opt_type: 'bayesopt'
          Max_Secondary_Iterations: 100
    Secondary_Acquisition_Function: 'lower-confidence-bound'
        ExplorationRatio_Secondary: 1
           SecondaryKernelFunction: 'ardmatern52'
              Max_Local_Iterations: 10
                       MaxFunEvals: 100
                  Loss_Convergence: 1e-06
                 Param_Convergence: 0.001
                    final_opt_type: 'fminsearchbnd'
                  switch_final_opt: 0
            Parallel_LiX_Minimizer: 0
               Parallel_Struct_Min: 1
                 Parallel_Bayesopt: 0
                       scratch_dir: 'C:\Users\Hayden\Documents\Patey_Lab\Model_Building\LiBr\JC_Model_XX1'
                          OuterDir: 'C:\Users\Hayden\Documents\Patey_Lab\ThesisCodeBase\LiX_Minimization_scripts\LiBr_JC_Model_XX1\LiBr_JC_Model_XX1\LiBr_JC_Model_XX1'
                             Metal: 'Li'
                            Halide: 'Br'
                    Longest_Cutoff: 1.1
                               gmx: 'wsl source ~/.bashrc; gmx_d'
                           gmx_loc: 'wsl source ~/.bashrc; gmx_d'
                        mdrun_opts: ' -v -ntmpi 8 -dd 1 2 4'

******************************
Structures:
    {'Wurtzite'}    {'Rocksalt'}

Loss Function
******************************
Regularization: L2
Reference Rocksalt Energy: Born-Haber Experimental
Reference Rocksalt/Wurtzite Parameters: Experiment
Enthalpy of Fusion at Experimental MP - Weight: 1
Volume Change of Fusion at Experimental MP - Weight: 1
Liquid Volume at Experimental MP - Weight: 1
Solid Volume at Experimental MP - Weight: 1
Li Diffusion Constant at Experimental MP - Weight: 1
Wurtzite Relative Lattice Energy - Weight: 1
******************************
******************************
No checkpoint files found. Starting new calculation.
    ovf_idx = ov_idx(~ovcc_idx,:);
    ovfl_idx = sub2ind(size(U_jj_opovf_set),(1:numel(ovf_idx)).',ovf_idx)

ovfl_idx =

  0×1 empty <a href="matlab:helpPopup double" style="font-weight:bold">double</a> column vector

