This is pdfTeX, Version 3.14159265-2.6-1.40.19 (MiKTeX 2.9.6840 64-bit) (preloaded format=pdflatex 2018.10.6)  20 JUN 2019 16:28
entering extended mode
**./Scheiber_Comp_Report.tex
(Scheiber_Comp_Report.tex
LaTeX2e <2018-04-01> patch level 5
("C:\Program Files\MiKTeX 2.9\tex\latex\base\article.cls"
Document Class: article 2014/09/29 v1.4h Standard LaTeX document class
("C:\Program Files\MiKTeX 2.9\tex\latex\base\size11.clo"
File: size11.clo 2014/09/29 v1.4h Standard LaTeX file (size option)
)
\c@part=\count80
\c@section=\count81
\c@subsection=\count82
\c@subsubsection=\count83
\c@paragraph=\count84
\c@subparagraph=\count85
\c@figure=\count86
\c@table=\count87
\abovecaptionskip=\skip41
\belowcaptionskip=\skip42
\bibindent=\dimen102
)
("C:\Program Files\MiKTeX 2.9\tex\latex\amsmath\amsmath.sty"
Package: amsmath 2017/09/02 v2.17a AMS math features
\@mathmargin=\skip43

For additional information on amsmath, use the `?' option.
("C:\Program Files\MiKTeX 2.9\tex\latex\amsmath\amstext.sty"
Package: amstext 2000/06/29 v2.01 AMS text

("C:\Program Files\MiKTeX 2.9\tex\latex\amsmath\amsgen.sty"
File: amsgen.sty 1999/11/30 v2.0 generic functions
\@emptytoks=\toks14
\ex@=\dimen103
))
("C:\Program Files\MiKTeX 2.9\tex\latex\amsmath\amsbsy.sty"
Package: amsbsy 1999/11/29 v1.2d Bold Symbols
\pmbraise@=\dimen104
)
("C:\Program Files\MiKTeX 2.9\tex\latex\amsmath\amsopn.sty"
Package: amsopn 2016/03/08 v2.02 operator names
)
\inf@bad=\count88
LaTeX Info: Redefining \frac on input line 213.
\uproot@=\count89
\leftroot@=\count90
LaTeX Info: Redefining \overline on input line 375.
\classnum@=\count91
\DOTSCASE@=\count92
LaTeX Info: Redefining \ldots on input line 472.
LaTeX Info: Redefining \dots on input line 475.
LaTeX Info: Redefining \cdots on input line 596.
\Mathstrutbox@=\box26
\strutbox@=\box27
\big@size=\dimen105
LaTeX Font Info:    Redeclaring font encoding OML on input line 712.
LaTeX Font Info:    Redeclaring font encoding OMS on input line 713.
\macc@depth=\count93
\c@MaxMatrixCols=\count94
\dotsspace@=\muskip10
\c@parentequation=\count95
\dspbrk@lvl=\count96
\tag@help=\toks15
\row@=\count97
\column@=\count98
\maxfields@=\count99
\andhelp@=\toks16
\eqnshift@=\dimen106
\alignsep@=\dimen107
\tagshift@=\dimen108
\tagwidth@=\dimen109
\totwidth@=\dimen110
\lineht@=\dimen111
\@envbody=\toks17
\multlinegap=\skip44
\multlinetaggap=\skip45
\mathdisplay@stack=\toks18
LaTeX Info: Redefining \[ on input line 2817.
LaTeX Info: Redefining \] on input line 2818.
)
("C:\Program Files\MiKTeX 2.9\tex\latex\amsfonts\amssymb.sty"
Package: amssymb 2013/01/14 v3.01 AMS font symbols

("C:\Program Files\MiKTeX 2.9\tex\latex\amsfonts\amsfonts.sty"
Package: amsfonts 2013/01/14 v3.01 Basic AMSFonts support
\symAMSa=\mathgroup4
\symAMSb=\mathgroup5
LaTeX Font Info:    Overwriting math alphabet `\mathfrak' in version `bold'
(Font)                  U/euf/m/n --> U/euf/b/n on input line 106.
))
("C:\Program Files\MiKTeX 2.9\tex\latex\float\float.sty"
Package: float 2001/11/08 v1.3d Float enhancements (AL)
\c@float@type=\count100
\float@exts=\toks19
\float@box=\box28
\@float@everytoks=\toks20
\@floatcapt=\box29
)
(C:\Users\Hayden\AppData\Roaming\MiKTeX\2.9\tex\latex\was\gensymb.sty
Package: gensymb 2003/07/02 v1.0 (WaS)
)
("C:\Program Files\MiKTeX 2.9\tex\latex\graphics\graphicx.sty"
Package: graphicx 2017/06/01 v1.1a Enhanced LaTeX Graphics (DPC,SPQR)

("C:\Program Files\MiKTeX 2.9\tex\latex\graphics\keyval.sty"
Package: keyval 2014/10/28 v1.15 key=value parser (DPC)
\KV@toks@=\toks21
)
("C:\Program Files\MiKTeX 2.9\tex\latex\graphics\graphics.sty"
Package: graphics 2017/06/25 v1.2c Standard LaTeX Graphics (DPC,SPQR)

("C:\Program Files\MiKTeX 2.9\tex\latex\graphics\trig.sty"
Package: trig 2016/01/03 v1.10 sin cos tan (DPC)
)
("C:\Program Files\MiKTeX 2.9\tex\latex\graphics-cfg\graphics.cfg"
File: graphics.cfg 2016/06/04 v1.11 sample graphics configuration
)
Package graphics Info: Driver file: pdftex.def on input line 99.

("C:\Program Files\MiKTeX 2.9\tex\latex\graphics-def\pdftex.def"
File: pdftex.def 2018/01/08 v1.0l Graphics/color driver for pdftex
))
\Gin@req@height=\dimen112
\Gin@req@width=\dimen113
)
("C:\Program Files\MiKTeX 2.9\tex\latex\geometry\geometry.sty"
Package: geometry 2018/04/16 v5.8 Page Geometry

("C:\Program Files\MiKTeX 2.9\tex\generic\oberdiek\ifpdf.sty"
Package: ifpdf 2018/09/07 v3.3 Provides the ifpdf switch
)
("C:\Program Files\MiKTeX 2.9\tex\generic\oberdiek\ifvtex.sty"
Package: ifvtex 2016/05/16 v1.6 Detect VTeX and its facilities (HO)
Package ifvtex Info: VTeX not detected.
)
("C:\Program Files\MiKTeX 2.9\tex\generic\ifxetex\ifxetex.sty"
Package: ifxetex 2010/09/12 v0.6 Provides ifxetex conditional
)
\Gm@cnth=\count101
\Gm@cntv=\count102
\c@Gm@tempcnt=\count103
\Gm@bindingoffset=\dimen114
\Gm@wd@mp=\dimen115
\Gm@odd@mp=\dimen116
\Gm@even@mp=\dimen117
\Gm@layoutwidth=\dimen118
\Gm@layoutheight=\dimen119
\Gm@layouthoffset=\dimen120
\Gm@layoutvoffset=\dimen121
\Gm@dimlist=\toks22

("C:\Program Files\MiKTeX 2.9\tex\latex\geometry\geometry.cfg"))
(C:\Users\Hayden\AppData\Roaming\MiKTeX\2.9\tex\latex\ms\ragged2e.sty
Package: ragged2e 2009/05/21 v2.1 ragged2e Package (MS)

(C:\Users\Hayden\AppData\Roaming\MiKTeX\2.9\tex\latex\ms\everysel.sty
Package: everysel 2011/10/28 v1.2 EverySelectfont Package (MS)
)
\CenteringLeftskip=\skip46
\RaggedLeftLeftskip=\skip47
\RaggedRightLeftskip=\skip48
\CenteringRightskip=\skip49
\RaggedLeftRightskip=\skip50
\RaggedRightRightskip=\skip51
\CenteringParfillskip=\skip52
\RaggedLeftParfillskip=\skip53
\RaggedRightParfillskip=\skip54
\JustifyingParfillskip=\skip55
\CenteringParindent=\skip56
\RaggedLeftParindent=\skip57
\RaggedRightParindent=\skip58
\JustifyingParindent=\skip59
)
(C:\Users\Hayden\AppData\Roaming\MiKTeX\2.9\tex\latex\setspace\setspace.sty
Package: setspace 2011/12/19 v6.7a set line spacing
)
(C:\Users\Hayden\AppData\Roaming\MiKTeX\2.9\tex\latex\cleveref\cleveref.sty
Package: cleveref 2018/03/27 v0.21.4 Intelligent cross-referencing
)
(C:\Users\Hayden\AppData\Roaming\MiKTeX\2.9\tex\latex\siunitx\siunitx.sty
(C:\Users\Hayden\AppData\Roaming\MiKTeX\2.9\tex\latex\l3kernel\expl3.sty
Package: expl3 2018-09-24 L3 programming layer (loader) 

(C:\Users\Hayden\AppData\Roaming\MiKTeX\2.9\tex\latex\l3kernel\expl3-code.tex
Package: expl3 2018-09-24 L3 programming layer (code)
\c_max_int=\count104
\l_tmpa_int=\count105
\l_tmpb_int=\count106
\g_tmpa_int=\count107
\g_tmpb_int=\count108
\g__kernel_prg_map_int=\count109
\c_log_iow=\count110
\l_iow_line_count_int=\count111
\l__iow_line_target_int=\count112
\l__iow_one_indent_int=\count113
\l__iow_indent_int=\count114
\c_zero_dim=\dimen122
\c_max_dim=\dimen123
\l_tmpa_dim=\dimen124
\l_tmpb_dim=\dimen125
\g_tmpa_dim=\dimen126
\g_tmpb_dim=\dimen127
\c_zero_skip=\skip60
\c_max_skip=\skip61
\l_tmpa_skip=\skip62
\l_tmpb_skip=\skip63
\g_tmpa_skip=\skip64
\g_tmpb_skip=\skip65
\c_zero_muskip=\muskip11
\c_max_muskip=\muskip12
\l_tmpa_muskip=\muskip13
\l_tmpb_muskip=\muskip14
\g_tmpa_muskip=\muskip15
\g_tmpb_muskip=\muskip16
\l_keys_choice_int=\count115
\l__intarray_loop_int=\count116
\c__intarray_sp_dim=\dimen128
\g__intarray_font_int=\count117
\c__fp_leading_shift_int=\count118
\c__fp_middle_shift_int=\count119
\c__fp_trailing_shift_int=\count120
\c__fp_big_leading_shift_int=\count121
\c__fp_big_middle_shift_int=\count122
\c__fp_big_trailing_shift_int=\count123
\c__fp_Bigg_leading_shift_int=\count124
\c__fp_Bigg_middle_shift_int=\count125
\c__fp_Bigg_trailing_shift_int=\count126
\c__kernel_randint_max_int=\count127
\g__fp_array_int=\count128
\l__fp_array_loop_int=\count129
\l__sort_length_int=\count130
\l__sort_min_int=\count131
\l__sort_top_int=\count132
\l__sort_max_int=\count133
\l__sort_true_max_int=\count134
\l__sort_block_int=\count135
\l__sort_begin_int=\count136
\l__sort_end_int=\count137
\l__sort_A_int=\count138
\l__sort_B_int=\count139
\l__sort_C_int=\count140
\l__tl_analysis_normal_int=\count141
\l__tl_analysis_index_int=\count142
\l__tl_analysis_nesting_int=\count143
\l__tl_analysis_type_int=\count144
\l__regex_internal_a_int=\count145
\l__regex_internal_b_int=\count146
\l__regex_internal_c_int=\count147
\l__regex_balance_int=\count148
\l__regex_group_level_int=\count149
\l__regex_mode_int=\count150
\c__regex_cs_in_class_mode_int=\count151
\c__regex_cs_mode_int=\count152
\l__regex_catcodes_int=\count153
\l__regex_default_catcodes_int=\count154
\c__regex_catcode_D_int=\count155
\c__regex_catcode_S_int=\count156
\c__regex_catcode_L_int=\count157
\c__regex_catcode_O_int=\count158
\c__regex_catcode_A_int=\count159
\c__regex_all_catcodes_int=\count160
\l__regex_show_lines_int=\count161
\l__regex_min_state_int=\count162
\l__regex_max_state_int=\count163
\l__regex_left_state_int=\count164
\l__regex_right_state_int=\count165
\l__regex_capturing_group_int=\count166
\l__regex_min_pos_int=\count167
\l__regex_max_pos_int=\count168
\l__regex_curr_pos_int=\count169
\l__regex_start_pos_int=\count170
\l__regex_success_pos_int=\count171
\l__regex_curr_char_int=\count172
\l__regex_curr_catcode_int=\count173
\l__regex_last_char_int=\count174
\l__regex_case_changed_char_int=\count175
\l__regex_curr_state_int=\count176
\l__regex_step_int=\count177
\l__regex_min_active_int=\count178
\l__regex_max_active_int=\count179
\l__regex_replacement_csnames_int=\count180
\l__regex_match_count_int=\count181
\l__regex_min_submatch_int=\count182
\l__regex_submatch_int=\count183
\l__regex_zeroth_submatch_int=\count184
\g__regex_trace_regex_int=\count185
\c_empty_box=\box30
\l_tmpa_box=\box31
\l_tmpb_box=\box32
\g_tmpa_box=\box33
\g_tmpb_box=\box34
\l__box_top_dim=\dimen129
\l__box_bottom_dim=\dimen130
\l__box_left_dim=\dimen131
\l__box_right_dim=\dimen132
\l__box_top_new_dim=\dimen133
\l__box_bottom_new_dim=\dimen134
\l__box_left_new_dim=\dimen135
\l__box_right_new_dim=\dimen136
\l__box_internal_box=\box35
\l__coffin_internal_box=\box36
\l__coffin_internal_dim=\dimen137
\l__coffin_offset_x_dim=\dimen138
\l__coffin_offset_y_dim=\dimen139
\l__coffin_x_dim=\dimen140
\l__coffin_y_dim=\dimen141
\l__coffin_x_prime_dim=\dimen142
\l__coffin_y_prime_dim=\dimen143
\c_empty_coffin=\box37
\l__coffin_aligned_coffin=\box38
\l__coffin_aligned_internal_coffin=\box39
\l_tmpa_coffin=\box40
\l_tmpb_coffin=\box41
\l__coffin_display_coffin=\box42
\l__coffin_display_coord_coffin=\box43
\l__coffin_display_pole_coffin=\box44
\l__coffin_display_offset_dim=\dimen144
\l__coffin_display_x_dim=\dimen145
\l__coffin_display_y_dim=\dimen146
\g__file_internal_ior=\read1
\l__coffin_bounding_shift_dim=\dimen147
\l__coffin_left_corner_dim=\dimen148
\l__coffin_right_corner_dim=\dimen149
\l__coffin_bottom_corner_dim=\dimen150
\l__coffin_top_corner_dim=\dimen151
\l__coffin_scaled_total_height_dim=\dimen152
\l__coffin_scaled_width_dim=\dimen153
\l__seq_internal_a_int=\count186
\l__seq_internal_b_int=\count187
)
(C:\Users\Hayden\AppData\Roaming\MiKTeX\2.9\tex\latex\l3kernel\l3pdfmode.def
File: l3pdfmode.def 2018-09-24 v L3 Experimental driver: PDF mode
\l__driver_color_stack_int=\count188
))
(C:\Users\Hayden\AppData\Roaming\MiKTeX\2.9\tex\latex\l3packages\xparse\xparse.
sty
Package: xparse 2018-09-24 L3 Experimental document command parser
\l__xparse_current_arg_int=\count189
\g__xparse_grabber_int=\count190
\l__xparse_m_args_int=\count191
\l__xparse_mandatory_args_int=\count192
\l__xparse_v_nesting_int=\count193
)
Package: siunitx 2018/05/17 v2.7s A comprehensive (SI) units package
 ("C:\Program Files\MiKTeX 2.9\tex\latex\tools\array.sty"
Package: array 2018/04/30 v2.4h Tabular extension package (FMi)
\col@sep=\dimen154
\ar@mcellbox=\box45
\extrarowheight=\dimen155
\NC@list=\toks23
\extratabsurround=\skip66
\backup@length=\skip67
\ar@cellbox=\box46
)
(C:\Users\Hayden\AppData\Roaming\MiKTeX\2.9\tex\latex\l3packages\l3keys2e\l3key
s2e.sty
Package: l3keys2e 2018-09-24 LaTeX2e option processing using LaTeX3 keys
)
\l__siunitx_tmp_box=\box47
\l__siunitx_tmp_dim=\dimen156
\l__siunitx_tmp_int=\count194
\l__siunitx_number_mantissa_length_int=\count195
\l__siunitx_number_uncert_length_int=\count196
\l__siunitx_round_int=\count197
\l__siunitx_process_decimal_int=\count198
\l__siunitx_process_uncertainty_int=\count199
\l__siunitx_process_fixed_int=\count266
\l__siunitx_process_integer_min_int=\count267
\l__siunitx_process_precision_int=\count268
\l__siunitx_group_min_int=\count269
\l__siunitx_angle_marker_box=\box48
\l__siunitx_angle_unit_box=\box49
\l__siunitx_angle_marker_dim=\dimen157
\l__siunitx_angle_unit_dim=\dimen158
\l__siunitx_unit_int=\count270
\l__siunitx_unit_denominator_int=\count271
\l__siunitx_unit_numerator_int=\count272
\l__siunitx_unit_prefix_int=\count273
\l__siunitx_unit_prefix_base_int=\count274
\l__siunitx_unit_prefix_gram_int=\count275
\l__siunitx_number_product_int=\count276
\c__siunitx_one_fill_skip=\skip68
\l__siunitx_table_unit_align_skip=\skip69
\l__siunitx_table_exponent_dim=\dimen159
\l__siunitx_table_integer_dim=\dimen160
\l__siunitx_table_mantissa_dim=\dimen161
\l__siunitx_table_marker_dim=\dimen162
\l__siunitx_table_result_dim=\dimen163
\l__siunitx_table_uncert_dim=\dimen164
\l__siunitx_table_fill_pre_dim=\dimen165
\l__siunitx_table_fill_post_dim=\dimen166
\l__siunitx_table_fill_mid_dim=\dimen167
\l__siunitx_table_pre_box=\box50
\l__siunitx_table_post_box=\box51
\l__siunitx_table_mantissa_box=\box52
\l__siunitx_table_result_box=\box53
\l__siunitx_table_number_align_skip=\skip70
\l__siunitx_table_text_align_skip=\skip71
.................................................
. LaTeX info: "xparse/define-command"
. 
. Defining command \DeclareBinaryPrefix with sig. 'mmm' on line 7237.
.................................................
.................................................
. LaTeX info: "xparse/define-command"
. 
. Defining command \DeclareSIPostPower with sig. 'mm' on line 7240.
.................................................
.................................................
. LaTeX info: "xparse/define-command"
. 
. Defining command \DeclareSIPrefix with sig. 'mmm' on line 7243.
.................................................
.................................................
. LaTeX info: "xparse/define-command"
. 
. Defining command \DeclareSIPrePower with sig. 'mm' on line 7246.
.................................................
.................................................
. LaTeX info: "xparse/define-command"
. 
. Defining command \DeclareSIQualifier with sig. 'mm' on line 7249.
.................................................
.................................................
. LaTeX info: "xparse/define-command"
. 
. Defining command \DeclareSIUnit with sig. 'O{}mm' on line 7252.
.................................................
.................................................
. LaTeX info: "xparse/define-command"
. 
. Defining command \DeclareSIUnitWithOptions with sig. 'mmm' on line 7255.
.................................................
.................................................
. LaTeX info: "xparse/define-command"
. 
. Defining command \ang with sig. 'o>{\SplitArgument {2}{;}}m' on line 7270.
.................................................
.................................................
. LaTeX info: "xparse/define-command"
. 
. Defining command \num with sig. 'om' on line 7279.
.................................................
.................................................
. LaTeX info: "xparse/define-command"
. 
. Defining command \numlist with sig. 'o>{\SplitList {;}}m' on line 7288.
.................................................
.................................................
. LaTeX info: "xparse/define-command"
. 
. Defining command \numrange with sig. 'omm' on line 7297.
.................................................
.................................................
. LaTeX info: "xparse/define-command"
. 
. Defining command \SIlist with sig. 'o>{\SplitList {;}}mm' on line 7309.
.................................................
.................................................
. LaTeX info: "xparse/define-command"
. 
. Defining command \SIrange with sig. 'ommm' on line 7321.
.................................................
.................................................
. LaTeX info: "xparse/define-command"
. 
. Defining command \SI with sig. 'omom' on line 7333.
.................................................
.................................................
. LaTeX info: "xparse/define-command"
. 
. Defining command \sisetup with sig. 'm' on line 7336.
.................................................
.................................................
. LaTeX info: "xparse/define-command"
. 
. Defining command \tablenum with sig. 'om' on line 7351.
.................................................
.................................................
. LaTeX info: "xparse/define-command"
. 
. Defining command \si with sig. 'om' on line 7363.
.................................................
.................................................
. LaTeX info: "xparse/define-command"
. 
. Defining command \numInBookmark with sig. 'om' on line 7410.
.................................................
.................................................
. LaTeX info: "xparse/define-command"
. 
. Defining command \numrangeInBookmark with sig. 'omm' on line 7412.
.................................................
.................................................
. LaTeX info: "xparse/define-command"
. 
. Defining command \SIInBookmark with sig. 'omom' on line 7414.
.................................................
.................................................
. LaTeX info: "xparse/define-command"
. 
. Defining command \SIlistInBookmark with sig. 'omm' on line 7416.
.................................................
.................................................
. LaTeX info: "xparse/define-command"
. 
. Defining command \SIrangeInBookmark with sig. 'ommm' on line 7418.
.................................................
.................................................
. LaTeX info: "xparse/define-command"
. 
. Defining command \siInBookmark with sig. 'om' on line 7419.
.................................................

(C:\Users\Hayden\AppData\Roaming\MiKTeX\2.9\tex\latex\translator\translator.sty
Package: translator 2018/01/04 v1.12 Easy translation of strings in LaTeX
)) (C:\Users\Hayden\AppData\Roaming\MiKTeX\2.9\tex\latex\wrapfig\wrapfig.sty
\wrapoverhang=\dimen168
\WF@size=\dimen169
\c@WF@wrappedlines=\count277
\WF@box=\box54
\WF@everypar=\toks24
Package: wrapfig 2003/01/31  v 3.6
)
("C:\Program Files\MiKTeX 2.9\tex\latex\base\inputenc.sty"
Package: inputenc 2018/04/06 v1.3b Input encoding file
\inpenc@prehook=\toks25
\inpenc@posthook=\toks26
)
("C:\Program Files\MiKTeX 2.9\tex\latex\base\fontenc.sty"
Package: fontenc 2017/04/05 v2.0i Standard LaTeX package

("C:\Program Files\MiKTeX 2.9\tex\latex\base\t1enc.def"
File: t1enc.def 2017/04/05 v2.0i Standard LaTeX file
LaTeX Font Info:    Redeclaring font encoding T1 on input line 48.
))
("C:\Program Files\MiKTeX 2.9\tex\latex\psnfss\mathpazo.sty"
Package: mathpazo 2005/04/12 PSNFSS-v9.2a Palatino w/ Pazo Math (D.Puga, WaS) 
\symupright=\mathgroup6
)
(C:\Users\Hayden\AppData\Roaming\MiKTeX\2.9\tex\latex\xcolor\xcolor.sty
Package: xcolor 2016/05/11 v2.12 LaTeX color extensions (UK)

("C:\Program Files\MiKTeX 2.9\tex\latex\graphics-cfg\color.cfg"
File: color.cfg 2016/01/02 v1.6 sample color configuration
)
Package xcolor Info: Driver file: pdftex.def on input line 225.
Package xcolor Info: Model `cmy' substituted by `cmy0' on input line 1348.
Package xcolor Info: Model `hsb' substituted by `rgb' on input line 1352.
Package xcolor Info: Model `RGB' extended on input line 1364.
Package xcolor Info: Model `HTML' substituted by `rgb' on input line 1366.
Package xcolor Info: Model `Hsb' substituted by `hsb' on input line 1367.
Package xcolor Info: Model `tHsb' substituted by `hsb' on input line 1368.
Package xcolor Info: Model `HSB' substituted by `hsb' on input line 1369.
Package xcolor Info: Model `Gray' substituted by `gray' on input line 1370.
Package xcolor Info: Model `wave' substituted by `hsb' on input line 1371.
)
(C:\Users\Hayden\AppData\Roaming\MiKTeX\2.9\tex\latex\natbib\natbib.sty
Package: natbib 2010/09/13 8.31b (PWD, AO)
\bibhang=\skip72
\bibsep=\skip73
LaTeX Info: Redefining \cite on input line 694.
\c@NAT@ctr=\count278
)
(C:\Users\Hayden\AppData\Roaming\MiKTeX\2.9\tex\latex\caption\caption.sty
Package: caption 2018/10/06 v3.3-154 Customizing captions (AR)

(C:\Users\Hayden\AppData\Roaming\MiKTeX\2.9\tex\latex\caption\caption3.sty
Package: caption3 2018/09/12 v1.8c caption3 kernel (AR)
Package caption3 Info: TeX engine: e-TeX on input line 64.
\captionmargin=\dimen170
\captionmargin@=\dimen171
\captionwidth=\dimen172
\caption@tempdima=\dimen173
\caption@indent=\dimen174
\caption@parindent=\dimen175
\caption@hangindent=\dimen176
)
\c@caption@flags=\count279
\c@ContinuedFloat=\count280
Package caption Info: float package is loaded.
Package caption Info: wrapfig package is loaded.
)
(C:\Users\Hayden\AppData\Roaming\MiKTeX\2.9\tex\latex\caption\subcaption.sty
Package: subcaption 2018/05/01 v1.1-162 Sub-captions (AR)
\c@subfigure=\count281
\c@subtable=\count282
)
(C:\Users\Hayden\AppData\Roaming\MiKTeX\2.9\tex\latex\changepage\chngpage.sty
Package: chngpage 2009/10/20 v1.2b change page layout
\c@cp@cnt=\count283
\c@cp@tempcnt=\count284
)
(Scheiber_Comp_Report.aux)
\openout1 = `Scheiber_Comp_Report.aux'.

LaTeX Font Info:    Checking defaults for OML/cmm/m/it on input line 26.
LaTeX Font Info:    ... okay on input line 26.
LaTeX Font Info:    Checking defaults for T1/cmr/m/n on input line 26.
LaTeX Font Info:    ... okay on input line 26.
LaTeX Font Info:    Checking defaults for OT1/cmr/m/n on input line 26.
LaTeX Font Info:    ... okay on input line 26.
LaTeX Font Info:    Checking defaults for OMS/cmsy/m/n on input line 26.
LaTeX Font Info:    ... okay on input line 26.
LaTeX Font Info:    Checking defaults for OMX/cmex/m/n on input line 26.
LaTeX Font Info:    ... okay on input line 26.
LaTeX Font Info:    Checking defaults for U/cmr/m/n on input line 26.
LaTeX Font Info:    ... okay on input line 26.
LaTeX Font Info:    Try loading font information for T1+ppl on input line 26.

("C:\Program Files\MiKTeX 2.9\tex\latex\psnfss\t1ppl.fd"
File: t1ppl.fd 2001/06/04 font definitions for T1/ppl.
)
LaTeX Info: Redefining \celsius on input line 26.
Package gensymb Info: Faking symbols for \degree and \celsius on input line 26.



Package gensymb Warning: Not defining \perthousand.

LaTeX Info: Redefining \ohm on input line 26.
Package gensymb Info: Using \upOmega for \ohm on input line 26.

Package gensymb Warning: Not defining \micro.

(C:\Users\Hayden\AppData\Roaming\MiKTeX\2.9\tex\context\base\supp-pdf.mkii
[Loading MPS to PDF converter (version 2006.09.02).]
\scratchcounter=\count285
\scratchdimen=\dimen177
\scratchbox=\box55
\nofMPsegments=\count286
\nofMParguments=\count287
\everyMPshowfont=\toks27
\MPscratchCnt=\count288
\MPscratchDim=\dimen178
\MPnumerator=\count289
\makeMPintoPDFobject=\count290
\everyMPtoPDFconversion=\toks28
) ("C:\Program Files\MiKTeX 2.9\tex\latex\oberdiek\epstopdf-base.sty"
Package: epstopdf-base 2016/05/15 v2.6 Base part for package epstopdf

("C:\Program Files\MiKTeX 2.9\tex\generic\oberdiek\infwarerr.sty"
Package: infwarerr 2016/05/16 v1.4 Providing info/warning/error messages (HO)
)
("C:\Program Files\MiKTeX 2.9\tex\latex\oberdiek\grfext.sty"
Package: grfext 2016/05/16 v1.2 Manage graphics extensions (HO)

("C:\Program Files\MiKTeX 2.9\tex\generic\oberdiek\kvdefinekeys.sty"
Package: kvdefinekeys 2016/05/16 v1.4 Define keys (HO)

("C:\Program Files\MiKTeX 2.9\tex\generic\oberdiek\ltxcmds.sty"
Package: ltxcmds 2016/05/16 v1.23 LaTeX kernel commands for general use (HO)
)))
("C:\Program Files\MiKTeX 2.9\tex\latex\oberdiek\kvoptions.sty"
Package: kvoptions 2016/05/16 v3.12 Key value format for package options (HO)

("C:\Program Files\MiKTeX 2.9\tex\generic\oberdiek\kvsetkeys.sty"
Package: kvsetkeys 2016/05/16 v1.17 Key value parser (HO)

("C:\Program Files\MiKTeX 2.9\tex\generic\oberdiek\etexcmds.sty"
Package: etexcmds 2016/05/16 v1.6 Avoid name clashes with e-TeX commands (HO)

("C:\Program Files\MiKTeX 2.9\tex\generic\oberdiek\ifluatex.sty"
Package: ifluatex 2016/05/16 v1.4 Provides the ifluatex switch (HO)
Package ifluatex Info: LuaTeX not detected.
)
Package etexcmds Info: Could not find \expanded.
(etexcmds)             That can mean that you are not using pdfTeX 1.50 or
(etexcmds)             that some package has redefined \expanded.
(etexcmds)             In the latter case, load this package earlier.
)))
("C:\Program Files\MiKTeX 2.9\tex\generic\oberdiek\pdftexcmds.sty"
Package: pdftexcmds 2018/09/10 v0.29 Utility functions of pdfTeX for LuaTeX (HO
)
Package pdftexcmds Info: LuaTeX not detected.
Package pdftexcmds Info: \pdf@primitive is available.
Package pdftexcmds Info: \pdf@ifprimitive is available.
Package pdftexcmds Info: \pdfdraftmode found.
)
Package epstopdf-base Info: Redefining graphics rule for `.eps' on input line 4
38.
Package grfext Info: Graphics extension search list:
(grfext)             [.pdf,.png,.jpg,.mps,.jpeg,.jbig2,.jb2,.PDF,.PNG,.JPG,.JPE
G,.JBIG2,.JB2,.eps]
(grfext)             \AppendGraphicsExtensions on input line 456.
)
*geometry* driver: auto-detecting
*geometry* detected driver: pdftex
*geometry* verbose mode - [ preamble ] result:
* driver: pdftex
* paper: <default>
* layout: <same size as paper>
* layoutoffset:(h,v)=(0.0pt,0.0pt)
* modes: 
* h-part:(L,W,R)=(72.26999pt, 469.75502pt, 72.26999pt)
* v-part:(T,H,B)=(72.26999pt, 650.43001pt, 72.26999pt)
* \paperwidth=614.295pt
* \paperheight=794.96999pt
* \textwidth=469.75502pt
* \textheight=650.43001pt
* \oddsidemargin=0.0pt
* \evensidemargin=0.0pt
* \topmargin=-37.0pt
* \headheight=12.0pt
* \headsep=25.0pt
* \topskip=11.0pt
* \footskip=30.0pt
* \marginparwidth=59.0pt
* \marginparsep=10.0pt
* \columnsep=10.0pt
* \skip\footins=10.0pt plus 4.0pt minus 2.0pt
* \hoffset=0.0pt
* \voffset=0.0pt
* \mag=1000
* \@twocolumnfalse
* \@twosidefalse
* \@mparswitchfalse
* \@reversemarginfalse
* (1in=72.27pt=25.4mm, 1cm=28.453pt)

ABD: EverySelectfont initializing macros
LaTeX Info: Redefining \selectfont on input line 26.
Now handling font encoding TS1 ...
... processing UTF-8 mapping file for font encoding TS1

("C:\Program Files\MiKTeX 2.9\tex\latex\base\ts1enc.dfu"
File: ts1enc.dfu 2018/04/05 v1.2c UTF-8 support for inputenc
   defining Unicode char U+00A2 (decimal 162)
   defining Unicode char U+00A3 (decimal 163)
   defining Unicode char U+00A4 (decimal 164)
   defining Unicode char U+00A5 (decimal 165)
   defining Unicode char U+00A6 (decimal 166)
   defining Unicode char U+00A7 (decimal 167)
   defining Unicode char U+00A8 (decimal 168)
   defining Unicode char U+00A9 (decimal 169)
   defining Unicode char U+00AA (decimal 170)
   defining Unicode char U+00AC (decimal 172)
   defining Unicode char U+00AE (decimal 174)
   defining Unicode char U+00AF (decimal 175)
   defining Unicode char U+00B0 (decimal 176)
   defining Unicode char U+00B1 (decimal 177)
   defining Unicode char U+00B2 (decimal 178)
   defining Unicode char U+00B3 (decimal 179)
   defining Unicode char U+00B4 (decimal 180)
   defining Unicode char U+00B5 (decimal 181)
   defining Unicode char U+00B6 (decimal 182)
   defining Unicode char U+00B7 (decimal 183)
   defining Unicode char U+00B9 (decimal 185)
   defining Unicode char U+00BA (decimal 186)
   defining Unicode char U+00BC (decimal 188)
   defining Unicode char U+00BD (decimal 189)
   defining Unicode char U+00BE (decimal 190)
   defining Unicode char U+00D7 (decimal 215)
   defining Unicode char U+00F7 (decimal 247)
   defining Unicode char U+0192 (decimal 402)
   defining Unicode char U+02C7 (decimal 711)
   defining Unicode char U+02D8 (decimal 728)
   defining Unicode char U+02DD (decimal 733)
   defining Unicode char U+0E3F (decimal 3647)
   defining Unicode char U+2016 (decimal 8214)
   defining Unicode char U+2020 (decimal 8224)
   defining Unicode char U+2021 (decimal 8225)
   defining Unicode char U+2022 (decimal 8226)
   defining Unicode char U+2030 (decimal 8240)
   defining Unicode char U+2031 (decimal 8241)
   defining Unicode char U+203B (decimal 8251)
   defining Unicode char U+203D (decimal 8253)
   defining Unicode char U+2044 (decimal 8260)
   defining Unicode char U+204E (decimal 8270)
   defining Unicode char U+2052 (decimal 8274)
   defining Unicode char U+20A1 (decimal 8353)
   defining Unicode char U+20A4 (decimal 8356)
   defining Unicode char U+20A6 (decimal 8358)
   defining Unicode char U+20A9 (decimal 8361)
   defining Unicode char U+20AB (decimal 8363)
   defining Unicode char U+20AC (decimal 8364)
   defining Unicode char U+20B1 (decimal 8369)
   defining Unicode char U+2103 (decimal 8451)
   defining Unicode char U+2116 (decimal 8470)
   defining Unicode char U+2117 (decimal 8471)
   defining Unicode char U+211E (decimal 8478)
   defining Unicode char U+2120 (decimal 8480)
   defining Unicode char U+2122 (decimal 8482)
   defining Unicode char U+2126 (decimal 8486)
   defining Unicode char U+2127 (decimal 8487)
   defining Unicode char U+212E (decimal 8494)
   defining Unicode char U+2190 (decimal 8592)
   defining Unicode char U+2191 (decimal 8593)
   defining Unicode char U+2192 (decimal 8594)
   defining Unicode char U+2193 (decimal 8595)
   defining Unicode char U+2329 (decimal 9001)
   defining Unicode char U+232A (decimal 9002)
   defining Unicode char U+2422 (decimal 9250)
   defining Unicode char U+25E6 (decimal 9702)
   defining Unicode char U+25EF (decimal 9711)
   defining Unicode char U+266A (decimal 9834)
   defining Unicode char U+FEFF (decimal 65279)
)
(C:\Users\Hayden\AppData\Roaming\MiKTeX\2.9\tex\latex\translator\translator-bas
ic-dictionary-English.dict
Dictionary: translator-basic-dictionary, Language: English 
)
(C:\Users\Hayden\AppData\Roaming\MiKTeX\2.9\tex\latex\siunitx\siunitx-abbreviat
ions.cfg
File: siunitx-abbreviations.cfg 2017/11/26 v2.7k siunitx: Abbreviated units
)
Package caption Info: Begin \AtBeginDocument code.
Package caption Info: End \AtBeginDocument code.
LaTeX Font Info:    Try loading font information for OT1+ppl on input line 26.
 ("C:\Program Files\MiKTeX 2.9\tex\latex\psnfss\ot1ppl.fd"
File: ot1ppl.fd 2001/06/04 font definitions for OT1/ppl.
)
LaTeX Font Info:    Try loading font information for OML+zplm on input line 26.


("C:\Program Files\MiKTeX 2.9\tex\latex\psnfss\omlzplm.fd"
File: omlzplm.fd 2002/09/08 Fontinst v1.914 font definitions for OML/zplm.
)
LaTeX Font Info:    Try loading font information for OMS+zplm on input line 26.


("C:\Program Files\MiKTeX 2.9\tex\latex\psnfss\omszplm.fd"
File: omszplm.fd 2002/09/08 Fontinst v1.914 font definitions for OMS/zplm.
)
LaTeX Font Info:    Try loading font information for OMX+zplm on input line 26.


("C:\Program Files\MiKTeX 2.9\tex\latex\psnfss\omxzplm.fd"
File: omxzplm.fd 2002/09/08 Fontinst v1.914 font definitions for OMX/zplm.
)
LaTeX Font Info:    Font shape `U/msa/m/n' will be
(Font)              scaled to size 11.40997pt on input line 26.
LaTeX Font Info:    Font shape `U/msa/m/n' will be
(Font)              scaled to size 8.33606pt on input line 26.
LaTeX Font Info:    Font shape `U/msa/m/n' will be
(Font)              scaled to size 6.25204pt on input line 26.
LaTeX Font Info:    Font shape `U/msb/m/n' will be
(Font)              scaled to size 11.40997pt on input line 26.
LaTeX Font Info:    Font shape `U/msb/m/n' will be
(Font)              scaled to size 8.33606pt on input line 26.
LaTeX Font Info:    Font shape `U/msb/m/n' will be
(Font)              scaled to size 6.25204pt on input line 26.
LaTeX Font Info:    Try loading font information for OT1+zplm on input line 26.


("C:\Program Files\MiKTeX 2.9\tex\latex\psnfss\ot1zplm.fd"
File: ot1zplm.fd 2002/09/08 Fontinst v1.914 font definitions for OT1/zplm.
) (title.tex
Package epstopdf Info: Source file: <figures/UBC_Chemlogo.eps>
(epstopdf)                    date: 2017-01-17 18:10:58
(epstopdf)                    size: 652150 bytes
(epstopdf)             Output file: <figures/UBC_Chemlogo-eps-converted-to.pdf>

(epstopdf)                    date: 2019-01-25 16:37:39
(epstopdf)                    size: 17857 bytes
(epstopdf)             Command: <epstopdf --outfile=figures/UBC_Chemlogo-eps-co
nverted-to.pdf figures/UBC_Chemlogo.eps>
(epstopdf)             \includegraphics on input line 11.
Package epstopdf Info: Output file is already uptodate.


pdfTeX warning: pdflatex.exe (file ./figures/UBC_Chemlogo-eps-converted-to.pdf)
: PDF inclusion: found PDF version <1.7>, but at most version <1.5> allowed
<figures/UBC_Chemlogo-eps-converted-to.pdf, id=1, 568.1225pt x 132.495pt>
File: figures/UBC_Chemlogo-eps-converted-to.pdf Graphic file (type pdf)
<use figures/UBC_Chemlogo-eps-converted-to.pdf>
Package pdftex.def Info: figures/UBC_Chemlogo-eps-converted-to.pdf  used on inp
ut line 11.
(pdftex.def)             Requested size: 469.75502pt x 109.55838pt.
LaTeX Font Info:    Font shape `T1/ppl/bx/n' in size <20.74> not available
(Font)              Font shape `T1/ppl/b/n' tried instead on input line 28.
LaTeX Font Info:    Font shape `T1/ppl/bx/n' in size <10.95> not available
(Font)              Font shape `T1/ppl/b/n' tried instead on input line 82.
[1

{C:/Users/Hayden/AppData/Local/MiKTeX/2.9/pdftex/config/pdftex.map} <./figures/
UBC_Chemlogo-eps-converted-to.pdf>])
LaTeX Font Info:    Font shape `T1/ppl/bx/n' in size <14.4> not available
(Font)              Font shape `T1/ppl/b/n' tried instead on input line 32.
LaTeX Font Info:    Font shape `T1/ppl/bx/n' in size <12> not available
(Font)              Font shape `T1/ppl/b/n' tried instead on input line 36.
 [1] [2] [3]
Overfull \hbox (5.30893pt too wide) in paragraph at lines 78--79
[]\T1/ppl/m/n/10.95 When ex-e-cuted in MD sim-u-la-tions, the TF model in-cor-r
ectly pre-dicts that the hexag-o-nal \T1/ppl/m/it/10.95 wurtzite
 []

[4] [5] [6]
Overfull \hbox (2.93843pt too wide) in paragraph at lines 93--94
\T1/ppl/m/n/10.95 Both HF the-ory and DFT are meth-ods fun-da-men-tally con-cer
ned with solv-ing the time-independent
 []

[7] [8] [9] [10]
Package epstopdf Info: Source file: <C:/Users/Hayden/Documents/Patey_Lab/ThesisCodeBase/Ma
nuscript_1.0/figures/Basis_Set_Dependence.eps>
(epstopdf)                    date: 2019-04-20 15:10:15
(epstopdf)                    size: 119050 bytes
(epstopdf)             Output file: <C:/Users/Hayden/Documents/Patey_Lab/ThesisCodeBase/Ma
nuscript_1.0/figures/Basis_Set_Dependence-eps-converted-to.pdf>
(epstopdf)                    date: 2019-04-20 19:32:47
(epstopdf)                    size: 55339 bytes
(epstopdf)             Command: <epstopdf --outfile=C:/Users/Hayden/Documents/P
atey_Lab/ThesisCodeBase/Manuscript_1.0/figures/Basis_Set_Dependence-eps-converted-to.pdf C
:/Users/Hayden/Documents/Patey_Lab/ThesisCodeBase/Manuscript_1.0/figures/Basis_Set_Depende
nce.eps>
(epstopdf)             \includegraphics on input line 158.
Package epstopdf Info: Output file is already uptodate.


pdfTeX warning: pdflatex.exe (file C:/Users/Hayden/Documents/Patey_Lab/ThesisCodeBase/Manu
script_1.0/figures/Basis_Set_Dependence-eps-converted-to.pdf): PDF inclusion: f
ound PDF version <1.7>, but at most version <1.5> allowed
<C:/Users/Hayden/Documents/Patey_Lab/ThesisCodeBase/Manuscript_1.0/figures/Basis_Set_Depen
dence-eps-converted-to.pdf, id=50, 1443.3925pt x 719.68875pt>
File: C:/Users/Hayden/Documents/Patey_Lab/ThesisCodeBase/Manuscript_1.0/figures/Basis_Set_
Dependence-eps-converted-to.pdf Graphic file (type pdf)
<use C:/Users/Hayden/Documents/Patey_Lab/ThesisCodeBase/Manuscript_1.0/figures/Basis_Set_D
ependence-eps-converted-to.pdf>
Package pdftex.def Info: C:/Users/Hayden/Documents/Patey_Lab/ThesisCodeBase/Manuscript_1.0
/figures/Basis_Set_Dependence-eps-converted-to.pdf  used on input line 158.
(pdftex.def)             Requested size: 469.75502pt x 234.22551pt.

LaTeX Warning: No positions in optional float specifier.
               Default added (so using `tbp') on input line 165.

[11] [12 <C:/Users/Hayden/Documents/Patey_Lab/ThesisCodeBase/Manuscript_1.0/figures/Basis_
Set_Dependence-eps-converted-to.pdf>] [13]
Package epstopdf Info: Source file: <C:/Users/Hayden/Documents/Patey_Lab/ThesisCodeBase/Ma
nuscript_1.0/figures/XC_Dependence_DeltaE_NoD3.eps>
(epstopdf)                    date: 2019-04-20 15:11:54
(epstopdf)                    size: 112813 bytes
(epstopdf)             Output file: <C:/Users/Hayden/Documents/Patey_Lab/ThesisCodeBase/Ma
nuscript_1.0/figures/XC_Dependence_DeltaE_NoD3-eps-converted-to.pdf>
(epstopdf)                    date: 2019-04-20 19:32:47
(epstopdf)                    size: 50419 bytes
(epstopdf)             Command: <epstopdf --outfile=C:/Users/Hayden/Documents/P
atey_Lab/ThesisCodeBase/Manuscript_1.0/figures/XC_Dependence_DeltaE_NoD3-eps-converted-to.
pdf C:/Users/Hayden/Documents/Patey_Lab/ThesisCodeBase/Manuscript_1.0/figures/XC_Dependenc
e_DeltaE_NoD3.eps>
(epstopdf)             \includegraphics on input line 197.
Package epstopdf Info: Output file is already uptodate.


pdfTeX warning: pdflatex.exe (file C:/Users/Hayden/Documents/Patey_Lab/ThesisCodeBase/Manu
script_1.0/figures/XC_Dependence_DeltaE_NoD3-eps-converted-to.pdf): PDF inclusi
on: found PDF version <1.7>, but at most version <1.5> allowed
<C:/Users/Hayden/Documents/Patey_Lab/ThesisCodeBase/Manuscript_1.0/figures/XC_Dependence_D
eltaE_NoD3-eps-converted-to.pdf, id=63, 1443.3925pt x 719.68875pt>
File: C:/Users/Hayden/Documents/Patey_Lab/ThesisCodeBase/Manuscript_1.0/figures/XC_Depende
nce_DeltaE_NoD3-eps-converted-to.pdf Graphic file (type pdf)
<use C:/Users/Hayden/Documents/Patey_Lab/ThesisCodeBase/Manuscript_1.0/figures/XC_Dependen
ce_DeltaE_NoD3-eps-converted-to.pdf>
Package pdftex.def Info: C:/Users/Hayden/Documents/Patey_Lab/ThesisCodeBase/Manuscript_1.0
/figures/XC_Dependence_DeltaE_NoD3-eps-converted-to.pdf  used on input line 197
.
(pdftex.def)             Requested size: 469.75502pt x 234.22551pt.
[14] [15 <C:/Users/Hayden/Documents/Patey_Lab/ThesisCodeBase/Manuscript_1.0/figures/XC_Dep
endence_DeltaE_NoD3-eps-converted-to.pdf>]

LaTeX Warning: No positions in optional float specifier.
               Default added (so using `tbp') on input line 210.

[16]
Package epstopdf Info: Source file: <C:/Users/Hayden/Documents/Patey_Lab/ThesisCodeBase/Ma
nuscript_1.0/figures/XC_Dependence_DeltaE.eps>
(epstopdf)                    date: 2019-04-20 15:11:22
(epstopdf)                    size: 100121 bytes
(epstopdf)             Output file: <C:/Users/Hayden/Documents/Patey_Lab/ThesisCodeBase/Ma
nuscript_1.0/figures/XC_Dependence_DeltaE-eps-converted-to.pdf>
(epstopdf)                    date: 2019-04-20 19:32:48
(epstopdf)                    size: 43509 bytes
(epstopdf)             Command: <epstopdf --outfile=C:/Users/Hayden/Documents/P
atey_Lab/ThesisCodeBase/Manuscript_1.0/figures/XC_Dependence_DeltaE-eps-converted-to.pdf C
:/Users/Hayden/Documents/Patey_Lab/ThesisCodeBase/Manuscript_1.0/figures/XC_Dependence_Del
taE.eps>
(epstopdf)             \includegraphics on input line 229.
Package epstopdf Info: Output file is already uptodate.


pdfTeX warning: pdflatex.exe (file C:/Users/Hayden/Documents/Patey_Lab/ThesisCodeBase/Manu
script_1.0/figures/XC_Dependence_DeltaE-eps-converted-to.pdf): PDF inclusion: f
ound PDF version <1.7>, but at most version <1.5> allowed
<C:/Users/Hayden/Documents/Patey_Lab/ThesisCodeBase/Manuscript_1.0/figures/XC_Dependence_D
eltaE-eps-converted-to.pdf, id=75, 1443.3925pt x 719.68875pt>
File: C:/Users/Hayden/Documents/Patey_Lab/ThesisCodeBase/Manuscript_1.0/figures/XC_Depende
nce_DeltaE-eps-converted-to.pdf Graphic file (type pdf)
<use C:/Users/Hayden/Documents/Patey_Lab/ThesisCodeBase/Manuscript_1.0/figures/XC_Dependen
ce_DeltaE-eps-converted-to.pdf>
Package pdftex.def Info: C:/Users/Hayden/Documents/Patey_Lab/ThesisCodeBase/Manuscript_1.0
/figures/XC_Dependence_DeltaE-eps-converted-to.pdf  used on input line 229.
(pdftex.def)             Requested size: 469.75502pt x 234.22551pt.
Package epstopdf Info: Source file: <C:/Users/Hayden/Documents/Patey_Lab/ThesisCodeBase/Ma
nuscript_1.0/figures/XC_Dependence_DeltaEExp_NoD3.eps>
(epstopdf)                    date: 2019-04-20 15:12:29
(epstopdf)                    size: 106297 bytes
(epstopdf)             Output file: <C:/Users/Hayden/Documents/Patey_Lab/ThesisCodeBase/Ma
nuscript_1.0/figures/XC_Dependence_DeltaEExp_NoD3-eps-converted-to.pdf>
(epstopdf)                    date: 2019-04-20 19:32:48
(epstopdf)                    size: 48260 bytes
(epstopdf)             Command: <epstopdf --outfile=C:/Users/Hayden/Documents/P
atey_Lab/ThesisCodeBase/Manuscript_1.0/figures/XC_Dependence_DeltaEExp_NoD3-eps-converted-
to.pdf C:/Users/Hayden/Documents/Patey_Lab/ThesisCodeBase/Manuscript_1.0/figures/XC_Depend
ence_DeltaEExp_NoD3.eps>
(epstopdf)             \includegraphics on input line 236.
Package epstopdf Info: Output file is already uptodate.


pdfTeX warning: pdflatex.exe (file C:/Users/Hayden/Documents/Patey_Lab/ThesisCodeBase/Manu
script_1.0/figures/XC_Dependence_DeltaEExp_NoD3-eps-converted-to.pdf): PDF incl
usion: found PDF version <1.7>, but at most version <1.5> allowed
<C:/Users/Hayden/Documents/Patey_Lab/ThesisCodeBase/Manuscript_1.0/figures/XC_Dependence_D
eltaEExp_NoD3-eps-converted-to.pdf, id=76, 1442.38875pt x 713.66624pt>
File: C:/Users/Hayden/Documents/Patey_Lab/ThesisCodeBase/Manuscript_1.0/figures/XC_Depende
nce_DeltaEExp_NoD3-eps-converted-to.pdf Graphic file (type pdf)
<use C:/Users/Hayden/Documents/Patey_Lab/ThesisCodeBase/Manuscript_1.0/figures/XC_Dependen
ce_DeltaEExp_NoD3-eps-converted-to.pdf>
Package pdftex.def Info: C:/Users/Hayden/Documents/Patey_Lab/ThesisCodeBase/Manuscript_1.0
/figures/XC_Dependence_DeltaEExp_NoD3-eps-converted-to.pdf  used on input line 
236.
(pdftex.def)             Requested size: 469.75502pt x 232.41792pt.
Package epstopdf Info: Source file: <C:/Users/Hayden/Documents/Patey_Lab/ThesisCodeBase/Ma
nuscript_1.0/figures/XC_Dependence_DeltaEExp.eps>
(epstopdf)                    date: 2019-04-20 15:12:36
(epstopdf)                    size: 93726 bytes
(epstopdf)             Output file: <C:/Users/Hayden/Documents/Patey_Lab/ThesisCodeBase/Ma
nuscript_1.0/figures/XC_Dependence_DeltaEExp-eps-converted-to.pdf>
(epstopdf)                    date: 2019-04-20 19:32:49
(epstopdf)                    size: 41262 bytes
(epstopdf)             Command: <epstopdf --outfile=C:/Users/Hayden/Documents/P
atey_Lab/ThesisCodeBase/Manuscript_1.0/figures/XC_Dependence_DeltaEExp-eps-converted-to.pd
f C:/Users/Hayden/Documents/Patey_Lab/ThesisCodeBase/Manuscript_1.0/figures/XC_Dependence_
DeltaEExp.eps>
(epstopdf)             \includegraphics on input line 241.
Package epstopdf Info: Output file is already uptodate.


pdfTeX warning: pdflatex.exe (file C:/Users/Hayden/Documents/Patey_Lab/ThesisCodeBase/Manu
script_1.0/figures/XC_Dependence_DeltaEExp-eps-converted-to.pdf): PDF inclusion
: found PDF version <1.7>, but at most version <1.5> allowed
<C:/Users/Hayden/Documents/Patey_Lab/ThesisCodeBase/Manuscript_1.0/figures/XC_Dependence_D
eltaEExp-eps-converted-to.pdf, id=77, 1442.38875pt x 713.66624pt>
File: C:/Users/Hayden/Documents/Patey_Lab/ThesisCodeBase/Manuscript_1.0/figures/XC_Depende
nce_DeltaEExp-eps-converted-to.pdf Graphic file (type pdf)
<use C:/Users/Hayden/Documents/Patey_Lab/ThesisCodeBase/Manuscript_1.0/figures/XC_Dependen
ce_DeltaEExp-eps-converted-to.pdf>
Package pdftex.def Info: C:/Users/Hayden/Documents/Patey_Lab/ThesisCodeBase/Manuscript_1.0
/figures/XC_Dependence_DeltaEExp-eps-converted-to.pdf  used on input line 241.
(pdftex.def)             Requested size: 469.75502pt x 232.41792pt.
Package epstopdf Info: Source file: <C:/Users/Hayden/Documents/Patey_Lab/ThesisCodeBase/Ma
nuscript_1.0/figures/XC_Dependence_DeltaAExp_NoD3.eps>
(epstopdf)                    date: 2019-04-20 15:11:11
(epstopdf)                    size: 98571 bytes
(epstopdf)             Output file: <C:/Users/Hayden/Documents/Patey_Lab/ThesisCodeBase/Ma
nuscript_1.0/figures/XC_Dependence_DeltaAExp_NoD3-eps-converted-to.pdf>
(epstopdf)                    date: 2019-04-20 19:32:49
(epstopdf)                    size: 45257 bytes
(epstopdf)             Command: <epstopdf --outfile=C:/Users/Hayden/Documents/P
atey_Lab/ThesisCodeBase/Manuscript_1.0/figures/XC_Dependence_DeltaAExp_NoD3-eps-converted-
to.pdf C:/Users/Hayden/Documents/Patey_Lab/ThesisCodeBase/Manuscript_1.0/figures/XC_Depend
ence_DeltaAExp_NoD3.eps>
(epstopdf)             \includegraphics on input line 248.
Package epstopdf Info: Output file is already uptodate.


pdfTeX warning: pdflatex.exe (file C:/Users/Hayden/Documents/Patey_Lab/ThesisCodeBase/Manu
script_1.0/figures/XC_Dependence_DeltaAExp_NoD3-eps-converted-to.pdf): PDF incl
usion: found PDF version <1.7>, but at most version <1.5> allowed
<C:/Users/Hayden/Documents/Patey_Lab/ThesisCodeBase/Manuscript_1.0/figures/XC_Dependence_D
eltaAExp_NoD3-eps-converted-to.pdf, id=78, 1442.38875pt x 705.63625pt>
File: C:/Users/Hayden/Documents/Patey_Lab/ThesisCodeBase/Manuscript_1.0/figures/XC_Depende
nce_DeltaAExp_NoD3-eps-converted-to.pdf Graphic file (type pdf)
<use C:/Users/Hayden/Documents/Patey_Lab/ThesisCodeBase/Manuscript_1.0/figures/XC_Dependen
ce_DeltaAExp_NoD3-eps-converted-to.pdf>
Package pdftex.def Info: C:/Users/Hayden/Documents/Patey_Lab/ThesisCodeBase/Manuscript_1.0
/figures/XC_Dependence_DeltaAExp_NoD3-eps-converted-to.pdf  used on input line 
248.
(pdftex.def)             Requested size: 469.75502pt x 229.80281pt.
Package epstopdf Info: Source file: <C:/Users/Hayden/Documents/Patey_Lab/ThesisCodeBase/Ma
nuscript_1.0/figures/XC_Dependence_DeltaAExp.eps>
(epstopdf)                    date: 2019-05-14 11:02:36
(epstopdf)                    size: 85816 bytes
(epstopdf)             Output file: <C:/Users/Hayden/Documents/Patey_Lab/ThesisCodeBase/Ma
nuscript_1.0/figures/XC_Dependence_DeltaAExp-eps-converted-to.pdf>
(epstopdf)                    date: 2019-06-18 11:54:37
(epstopdf)                    size: 37966 bytes
(epstopdf)             Command: <epstopdf --outfile=C:/Users/Hayden/Documents/P
atey_Lab/ThesisCodeBase/Manuscript_1.0/figures/XC_Dependence_DeltaAExp-eps-converted-to.pd
f C:/Users/Hayden/Documents/Patey_Lab/ThesisCodeBase/Manuscript_1.0/figures/XC_Dependence_
DeltaAExp.eps>
(epstopdf)             \includegraphics on input line 253.
Package epstopdf Info: Output file is already uptodate.


pdfTeX warning: pdflatex.exe (file C:/Users/Hayden/Documents/Patey_Lab/ThesisCodeBase/Manu
script_1.0/figures/XC_Dependence_DeltaAExp-eps-converted-to.pdf): PDF inclusion
: found PDF version <1.7>, but at most version <1.5> allowed
<C:/Users/Hayden/Documents/Patey_Lab/ThesisCodeBase/Manuscript_1.0/figures/XC_Dependence_D
eltaAExp-eps-converted-to.pdf, id=79, 1442.38875pt x 705.63625pt>
File: C:/Users/Hayden/Documents/Patey_Lab/ThesisCodeBase/Manuscript_1.0/figures/XC_Depende
nce_DeltaAExp-eps-converted-to.pdf Graphic file (type pdf)
<use C:/Users/Hayden/Documents/Patey_Lab/ThesisCodeBase/Manuscript_1.0/figures/XC_Dependen
ce_DeltaAExp-eps-converted-to.pdf>
Package pdftex.def Info: C:/Users/Hayden/Documents/Patey_Lab/ThesisCodeBase/Manuscript_1.0
/figures/XC_Dependence_DeltaAExp-eps-converted-to.pdf  used on input line 253.
(pdftex.def)             Requested size: 469.75502pt x 229.80281pt.
[17] [18 <C:/Users/Hayden/Documents/Patey_Lab/ThesisCodeBase/Manuscript_1.0/figures/XC_Dep
endence_DeltaE-eps-converted-to.pdf> <C:/Users/Hayden/Documents/Patey_Lab/ThesisCodeBase/M
anuscript_1.0/figures/XC_Dependence_DeltaEExp_NoD3-eps-converted-to.pdf>]
[19 <C:/Users/Hayden/Documents/Patey_Lab/ThesisCodeBase/Manuscript_1.0/figures/XC_Dependen
ce_DeltaEExp-eps-converted-to.pdf> <C:/Users/Hayden/Documents/Patey_Lab/ThesisCodeBase/Man
uscript_1.0/figures/XC_Dependence_DeltaAExp_NoD3-eps-converted-to.pdf>]
[20 <C:/Users/Hayden/Documents/Patey_Lab/ThesisCodeBase/Manuscript_1.0/figures/XC_Dependen
ce_DeltaAExp-eps-converted-to.pdf>]
Package epstopdf Info: Source file: <C:/Users/Hayden/Documents/Patey_Lab/ThesisCodeBase/Ma
nuscript_1.0/figures/a_vs_E.eps>
(epstopdf)                    date: 2019-04-20 17:08:54
(epstopdf)                    size: 2318596 bytes
(epstopdf)             Output file: <C:/Users/Hayden/Documents/Patey_Lab/ThesisCodeBase/Ma
nuscript_1.0/figures/a_vs_E-eps-converted-to.pdf>
(epstopdf)                    date: 2019-04-20 19:32:53
(epstopdf)                    size: 691561 bytes
(epstopdf)             Command: <epstopdf --outfile=C:/Users/Hayden/Documents/P
atey_Lab/ThesisCodeBase/Manuscript_1.0/figures/a_vs_E-eps-converted-to.pdf C:/Users/Hayden
/Documents/Patey_Lab/ThesisCodeBase/Manuscript_1.0/figures/a_vs_E.eps>
(epstopdf)             \includegraphics on input line 274.
Package epstopdf Info: Output file is already uptodate.


pdfTeX warning: pdflatex.exe (file C:/Users/Hayden/Documents/Patey_Lab/ThesisCodeBase/Manu
script_1.0/figures/a_vs_E-eps-converted-to.pdf): PDF inclusion: found PDF versi
on <1.7>, but at most version <1.5> allowed
<C:/Users/Hayden/Documents/Patey_Lab/ThesisCodeBase/Manuscript_1.0/figures/a_vs_E-eps-conv
erted-to.pdf, id=103, 1436.36626pt x 722.7pt>
File: C:/Users/Hayden/Documents/Patey_Lab/ThesisCodeBase/Manuscript_1.0/figures/a_vs_E-eps
-converted-to.pdf Graphic file (type pdf)
<use C:/Users/Hayden/Documents/Patey_Lab/ThesisCodeBase/Manuscript_1.0/figures/a_vs_E-eps-
converted-to.pdf>
Package pdftex.def Info: C:/Users/Hayden/Documents/Patey_Lab/ThesisCodeBase/Manuscript_1.0
/figures/a_vs_E-eps-converted-to.pdf  used on input line 274.
(pdftex.def)             Requested size: 469.75502pt x 236.3524pt.
[21]

LaTeX Warning: No positions in optional float specifier.
               Default added (so using `tbp') on input line 281.

LaTeX Font Info:    Font shape `T1/ppl/bx/n' in size <8> not available
(Font)              Font shape `T1/ppl/b/n' tried instead on input line 284.
LaTeX Font Info:    Font shape `T1/ppl/bx/n' in size <6> not available
(Font)              Font shape `T1/ppl/b/n' tried instead on input line 284.

Overfull \hbox (11.3696pt too wide) in paragraph at lines 283--292
[][] 
 []


LaTeX Warning: No positions in optional float specifier.
               Default added (so using `tbp') on input line 296.


Overfull \hbox (9.17964pt too wide) in paragraph at lines 297--306
[][] 
 []


LaTeX Warning: No positions in optional float specifier.
               Default added (so using `tbp') on input line 309.


LaTeX Warning: No positions in optional float specifier.
               Default added (so using `tbp') on input line 322.

[22 <C:/Users/Hayden/Documents/Patey_Lab/ThesisCodeBase/Manuscript_1.0/figures/a_vs_E-eps-
converted-to.pdf>] [23]
Package epstopdf Info: Source file: <C:/Users/Hayden/Documents/Patey_Lab/ThesisCodeBase/Ma
nuscript_1.0/figures/EmpDisp_Dependence_DeltaE.eps>
(epstopdf)                    date: 2019-06-06 10:09:05
(epstopdf)                    size: 231080 bytes
(epstopdf)             Output file: <C:/Users/Hayden/Documents/Patey_Lab/ThesisCodeBase/Ma
nuscript_1.0/figures/EmpDisp_Dependence_DeltaE-eps-converted-to.pdf>
(epstopdf)                    date: 2019-06-18 11:54:37
(epstopdf)                    size: 70095 bytes
(epstopdf)             Command: <epstopdf --outfile=C:/Users/Hayden/Documents/P
atey_Lab/ThesisCodeBase/Manuscript_1.0/figures/EmpDisp_Dependence_DeltaE-eps-converted-to.
pdf C:/Users/Hayden/Documents/Patey_Lab/ThesisCodeBase/Manuscript_1.0/figures/EmpDisp_Depe
ndence_DeltaE.eps>
(epstopdf)             \includegraphics on input line 343.
Package epstopdf Info: Output file is already uptodate.


pdfTeX warning: pdflatex.exe (file C:/Users/Hayden/Documents/Patey_Lab/ThesisCodeBase/Manu
script_1.0/figures/EmpDisp_Dependence_DeltaE-eps-converted-to.pdf): PDF inclusi
on: found PDF version <1.7>, but at most version <1.5> allowed
<C:/Users/Hayden/Documents/Patey_Lab/ThesisCodeBase/Manuscript_1.0/figures/EmpDisp_Depende
nce_DeltaE-eps-converted-to.pdf, id=115, 1434.35875pt x 689.57625pt>
File: C:/Users/Hayden/Documents/Patey_Lab/ThesisCodeBase/Manuscript_1.0/figures/EmpDisp_De
pendence_DeltaE-eps-converted-to.pdf Graphic file (type pdf)
<use C:/Users/Hayden/Documents/Patey_Lab/ThesisCodeBase/Manuscript_1.0/figures/EmpDisp_Dep
endence_DeltaE-eps-converted-to.pdf>
Package pdftex.def Info: C:/Users/Hayden/Documents/Patey_Lab/ThesisCodeBase/Manuscript_1.0
/figures/EmpDisp_Dependence_DeltaE-eps-converted-to.pdf  used on input line 343
.
(pdftex.def)             Requested size: 469.75502pt x 225.83524pt.
[24 <C:/Users/Hayden/Documents/Patey_Lab/ThesisCodeBase/Manuscript_1.0/figures/EmpDisp_Dep
endence_DeltaE-eps-converted-to.pdf>] (Scheiber_Comp_Report.bbl [25] [26]
[27]) [28] (Scheiber_Comp_Report.aux) ) 
Here is how much of TeX's memory you used:
 18968 strings out of 492970
 372236 string characters out of 3135852
 403197 words of memory out of 3000000
 22640 multiletter control sequences out of 15000+200000
 577342 words of font info for 112 fonts, out of 3000000 for 9000
 1141 hyphenation exceptions out of 8191
 41i,13n,63p,1905b,1068s stack positions out of 5000i,500n,10000p,200000b,50000s
{C:/Program Files/MiKTeX 2.9/fonts/enc/d
vips/base/8r.enc}<C:/Program Files/MiKTeX 2.9/fonts/type1/public/amsfonts/cm/cm
ex10.pfb><C:/Program Files/MiKTeX 2.9/fonts/type1/public/amsfonts/cm/cmmi10.pfb
><C:/Program Files/MiKTeX 2.9/fonts/type1/public/amsfonts/cm/cmr10.pfb><C:/Prog
ram Files/MiKTeX 2.9/fonts/type1/public/amsfonts/cm/cmsy10.pfb><C:/Users/Hayden
/AppData/Roaming/MiKTeX/2.9/fonts/type1/public/mathpazo/fplmr.pfb><C:/Users/Hay
den/AppData/Roaming/MiKTeX/2.9/fonts/type1/public/mathpazo/fplmri.pfb><C:/Progr
am Files/MiKTeX 2.9/fonts/type1/urw/palatino/uplb8a.pfb><C:/Program Files/MiKTe
X 2.9/fonts/type1/urw/palatino/uplr8a.pfb><C:/Program Files/MiKTeX 2.9/fonts/ty
pe1/urw/palatino/uplri8a.pfb>
Output written on Scheiber_Comp_Report.pdf (29 pages, 1275365 bytes).
PDF statistics:
 164 PDF objects out of 1000 (max. 8388607)
 0 named destinations out of 1000 (max. 500000)
 51 words of extra memory for PDF output out of 10000 (max. 10000000)

