This is pdfTeX, Version 3.14159265-2.6-1.40.19 (MiKTeX 2.9.6840 64-bit) (preloaded format=pdflatex 2018.10.6)  29 APR 2019 08:40
entering extended mode
**./Scheiber_Comp_Presentation.tex
(Scheiber_Comp_Presentation.tex
LaTeX2e <2018-04-01> patch level 5
(C:\Users\Hayden\AppData\Roaming\MiKTeX\2.9\tex\latex\beamer\beamer.cls
Document Class: beamer 2018/12/02 v3.55 A class for typesetting presentations

(C:\Users\Hayden\AppData\Roaming\MiKTeX\2.9\tex\latex\beamer\beamerbasemodes.st
y (C:\Users\Hayden\AppData\Roaming\MiKTeX\2.9\tex\latex\etoolbox\etoolbox.sty
Package: etoolbox 2018/08/19 v2.5f e-TeX tools for LaTeX (JAW)
\etb@tempcnta=\count80
)
\beamer@tempbox=\box26
\beamer@tempcount=\count81
\c@beamerpauses=\count82

(C:\Users\Hayden\AppData\Roaming\MiKTeX\2.9\tex\latex\beamer\beamerbasedecode.s
ty
\beamer@slideinframe=\count83
\beamer@minimum=\count84
)
\beamer@commentbox=\box27
\beamer@modecount=\count85
) ("C:\Program Files\MiKTeX 2.9\tex\generic\oberdiek\ifpdf.sty"
Package: ifpdf 2018/09/07 v3.3 Provides the ifpdf switch
)
\headdp=\dimen102
\footheight=\dimen103
\sidebarheight=\dimen104
\beamer@tempdim=\dimen105
\beamer@finalheight=\dimen106
\beamer@animht=\dimen107
\beamer@animdp=\dimen108
\beamer@animwd=\dimen109
\beamer@leftmargin=\dimen110
\beamer@rightmargin=\dimen111
\beamer@leftsidebar=\dimen112
\beamer@rightsidebar=\dimen113
\beamer@boxsize=\dimen114
\beamer@vboxoffset=\dimen115
\beamer@descdefault=\dimen116
\beamer@descriptionwidth=\dimen117
\beamer@lastskip=\skip41
\beamer@areabox=\box28
\beamer@animcurrent=\box29
\beamer@animshowbox=\box30
\beamer@sectionbox=\box31
\beamer@logobox=\box32
\beamer@linebox=\box33
\beamer@sectioncount=\count86
\beamer@subsubsectionmax=\count87
\beamer@subsectionmax=\count88
\beamer@sectionmax=\count89
\beamer@totalheads=\count90
\beamer@headcounter=\count91
\beamer@partstartpage=\count92
\beamer@sectionstartpage=\count93
\beamer@subsectionstartpage=\count94
\beamer@animationtempa=\count95
\beamer@animationtempb=\count96
\beamer@xpos=\count97
\beamer@ypos=\count98
\beamer@ypos@offset=\count99
\beamer@showpartnumber=\count100
\beamer@currentsubsection=\count101
\beamer@coveringdepth=\count102
\beamer@sectionadjust=\count103
\beamer@tocsectionnumber=\count104

(C:\Users\Hayden\AppData\Roaming\MiKTeX\2.9\tex\latex\beamer\beamerbaseoptions.
sty ("C:\Program Files\MiKTeX 2.9\tex\latex\graphics\keyval.sty"
Package: keyval 2014/10/28 v1.15 key=value parser (DPC)
\KV@toks@=\toks14
))
\beamer@paperwidth=\skip42
\beamer@paperheight=\skip43

("C:\Program Files\MiKTeX 2.9\tex\latex\geometry\geometry.sty"
Package: geometry 2018/04/16 v5.8 Page Geometry

("C:\Program Files\MiKTeX 2.9\tex\generic\oberdiek\ifvtex.sty"
Package: ifvtex 2016/05/16 v1.6 Detect VTeX and its facilities (HO)
Package ifvtex Info: VTeX not detected.
)
("C:\Program Files\MiKTeX 2.9\tex\generic\ifxetex\ifxetex.sty"
Package: ifxetex 2010/09/12 v0.6 Provides ifxetex conditional
)
\Gm@cnth=\count105
\Gm@cntv=\count106
\c@Gm@tempcnt=\count107
\Gm@bindingoffset=\dimen118
\Gm@wd@mp=\dimen119
\Gm@odd@mp=\dimen120
\Gm@even@mp=\dimen121
\Gm@layoutwidth=\dimen122
\Gm@layoutheight=\dimen123
\Gm@layouthoffset=\dimen124
\Gm@layoutvoffset=\dimen125
\Gm@dimlist=\toks15

("C:\Program Files\MiKTeX 2.9\tex\latex\geometry\geometry.cfg"))
("C:\Program Files\MiKTeX 2.9\tex\latex\base\size11.clo"
File: size11.clo 2014/09/29 v1.4h Standard LaTeX file (size option)
)
(C:\Users\Hayden\AppData\Roaming\MiKTeX\2.9\tex\latex\pgf\basiclayer\pgfcore.st
y ("C:\Program Files\MiKTeX 2.9\tex\latex\graphics\graphicx.sty"
Package: graphicx 2017/06/01 v1.1a Enhanced LaTeX Graphics (DPC,SPQR)

("C:\Program Files\MiKTeX 2.9\tex\latex\graphics\graphics.sty"
Package: graphics 2017/06/25 v1.2c Standard LaTeX Graphics (DPC,SPQR)

("C:\Program Files\MiKTeX 2.9\tex\latex\graphics\trig.sty"
Package: trig 2016/01/03 v1.10 sin cos tan (DPC)
)
("C:\Program Files\MiKTeX 2.9\tex\latex\graphics-cfg\graphics.cfg"
File: graphics.cfg 2016/06/04 v1.11 sample graphics configuration
)
Package graphics Info: Driver file: pdftex.def on input line 99.

("C:\Program Files\MiKTeX 2.9\tex\latex\graphics-def\pdftex.def"
File: pdftex.def 2018/01/08 v1.0l Graphics/color driver for pdftex
))
\Gin@req@height=\dimen126
\Gin@req@width=\dimen127
)
(C:\Users\Hayden\AppData\Roaming\MiKTeX\2.9\tex\latex\pgf\systemlayer\pgfsys.st
y
(C:\Users\Hayden\AppData\Roaming\MiKTeX\2.9\tex\latex\pgf\utilities\pgfrcs.sty
(C:\Users\Hayden\AppData\Roaming\MiKTeX\2.9\tex\generic\pgf\utilities\pgfutil-c
ommon.tex
\pgfutil@everybye=\toks16
\pgfutil@tempdima=\dimen128
\pgfutil@tempdimb=\dimen129

(C:\Users\Hayden\AppData\Roaming\MiKTeX\2.9\tex\generic\pgf\utilities\pgfutil-c
ommon-lists.tex))
(C:\Users\Hayden\AppData\Roaming\MiKTeX\2.9\tex\generic\pgf\utilities\pgfutil-l
atex.def
\pgfutil@abb=\box34
 (C:\Users\Hayden\AppData\Roaming\MiKTeX\2.9\tex\latex\ms\everyshi.sty
Package: everyshi 2001/05/15 v3.00 EveryShipout Package (MS)
))
(C:\Users\Hayden\AppData\Roaming\MiKTeX\2.9\tex\generic\pgf\utilities\pgfrcs.co
de.tex
(C:\Users\Hayden\AppData\Roaming\MiKTeX\2.9\tex\generic\pgf\pgf.revision.tex)
Package: pgfrcs 2019/02/02 v3.1.1 (3.1.1)
))
(C:\Users\Hayden\AppData\Roaming\MiKTeX\2.9\tex\generic\pgf\systemlayer\pgfsys.
code.tex
Package: pgfsys 2019/02/02 v3.1.1 (3.1.1)

(C:\Users\Hayden\AppData\Roaming\MiKTeX\2.9\tex\generic\pgf\utilities\pgfkeys.c
ode.tex
\pgfkeys@pathtoks=\toks17
\pgfkeys@temptoks=\toks18

(C:\Users\Hayden\AppData\Roaming\MiKTeX\2.9\tex\generic\pgf\utilities\pgfkeysfi
ltered.code.tex
\pgfkeys@tmptoks=\toks19
))
\pgf@x=\dimen130
\pgf@y=\dimen131
\pgf@xa=\dimen132
\pgf@ya=\dimen133
\pgf@xb=\dimen134
\pgf@yb=\dimen135
\pgf@xc=\dimen136
\pgf@yc=\dimen137
\w@pgf@writea=\write3
\r@pgf@reada=\read1
\c@pgf@counta=\count108
\c@pgf@countb=\count109
\c@pgf@countc=\count110
\c@pgf@countd=\count111
\t@pgf@toka=\toks20
\t@pgf@tokb=\toks21
\t@pgf@tokc=\toks22
\pgf@sys@id@count=\count112

(C:\Users\Hayden\AppData\Roaming\MiKTeX\2.9\tex\generic\pgf\systemlayer\pgf.cfg
File: pgf.cfg 2019/02/02 v3.1.1 (3.1.1)
)
Driver file for pgf: pgfsys-pdftex.def

(C:\Users\Hayden\AppData\Roaming\MiKTeX\2.9\tex\generic\pgf\systemlayer\pgfsys-
pdftex.def
File: pgfsys-pdftex.def 2019/02/02 v3.1.1 (3.1.1)

(C:\Users\Hayden\AppData\Roaming\MiKTeX\2.9\tex\generic\pgf\systemlayer\pgfsys-
common-pdf.def
File: pgfsys-common-pdf.def 2019/02/02 v3.1.1 (3.1.1)
)))
(C:\Users\Hayden\AppData\Roaming\MiKTeX\2.9\tex\generic\pgf\systemlayer\pgfsyss
oftpath.code.tex
File: pgfsyssoftpath.code.tex 2019/02/02 v3.1.1 (3.1.1)
\pgfsyssoftpath@smallbuffer@items=\count113
\pgfsyssoftpath@bigbuffer@items=\count114
)
(C:\Users\Hayden\AppData\Roaming\MiKTeX\2.9\tex\generic\pgf\systemlayer\pgfsysp
rotocol.code.tex
File: pgfsysprotocol.code.tex 2019/02/02 v3.1.1 (3.1.1)
))
(C:\Users\Hayden\AppData\Roaming\MiKTeX\2.9\tex\latex\xcolor\xcolor.sty
Package: xcolor 2016/05/11 v2.12 LaTeX color extensions (UK)

("C:\Program Files\MiKTeX 2.9\tex\latex\graphics-cfg\color.cfg"
File: color.cfg 2016/01/02 v1.6 sample color configuration
)
Package xcolor Info: Driver file: pdftex.def on input line 225.
Package xcolor Info: Model `cmy' substituted by `cmy0' on input line 1348.
Package xcolor Info: Model `hsb' substituted by `rgb' on input line 1352.
Package xcolor Info: Model `RGB' extended on input line 1364.
Package xcolor Info: Model `HTML' substituted by `rgb' on input line 1366.
Package xcolor Info: Model `Hsb' substituted by `hsb' on input line 1367.
Package xcolor Info: Model `tHsb' substituted by `hsb' on input line 1368.
Package xcolor Info: Model `HSB' substituted by `hsb' on input line 1369.
Package xcolor Info: Model `Gray' substituted by `gray' on input line 1370.
Package xcolor Info: Model `wave' substituted by `hsb' on input line 1371.
)
(C:\Users\Hayden\AppData\Roaming\MiKTeX\2.9\tex\generic\pgf\basiclayer\pgfcore.
code.tex
Package: pgfcore 2019/02/02 v3.1.1 (3.1.1)

(C:\Users\Hayden\AppData\Roaming\MiKTeX\2.9\tex\generic\pgf\math\pgfmath.code.t
ex
(C:\Users\Hayden\AppData\Roaming\MiKTeX\2.9\tex\generic\pgf\math\pgfmathcalc.co
de.tex
(C:\Users\Hayden\AppData\Roaming\MiKTeX\2.9\tex\generic\pgf\math\pgfmathutil.co
de.tex)
(C:\Users\Hayden\AppData\Roaming\MiKTeX\2.9\tex\generic\pgf\math\pgfmathparser.
code.tex
\pgfmath@dimen=\dimen138
\pgfmath@count=\count115
\pgfmath@box=\box35
\pgfmath@toks=\toks23
\pgfmath@stack@operand=\toks24
\pgfmath@stack@operation=\toks25
)
(C:\Users\Hayden\AppData\Roaming\MiKTeX\2.9\tex\generic\pgf\math\pgfmathfunctio
ns.code.tex
(C:\Users\Hayden\AppData\Roaming\MiKTeX\2.9\tex\generic\pgf\math\pgfmathfunctio
ns.basic.code.tex)
(C:\Users\Hayden\AppData\Roaming\MiKTeX\2.9\tex\generic\pgf\math\pgfmathfunctio
ns.trigonometric.code.tex)
(C:\Users\Hayden\AppData\Roaming\MiKTeX\2.9\tex\generic\pgf\math\pgfmathfunctio
ns.random.code.tex)
(C:\Users\Hayden\AppData\Roaming\MiKTeX\2.9\tex\generic\pgf\math\pgfmathfunctio
ns.comparison.code.tex)
(C:\Users\Hayden\AppData\Roaming\MiKTeX\2.9\tex\generic\pgf\math\pgfmathfunctio
ns.base.code.tex)
(C:\Users\Hayden\AppData\Roaming\MiKTeX\2.9\tex\generic\pgf\math\pgfmathfunctio
ns.round.code.tex)
(C:\Users\Hayden\AppData\Roaming\MiKTeX\2.9\tex\generic\pgf\math\pgfmathfunctio
ns.misc.code.tex)
(C:\Users\Hayden\AppData\Roaming\MiKTeX\2.9\tex\generic\pgf\math\pgfmathfunctio
ns.integerarithmetics.code.tex)))
(C:\Users\Hayden\AppData\Roaming\MiKTeX\2.9\tex\generic\pgf\math\pgfmathfloat.c
ode.tex
\c@pgfmathroundto@lastzeros=\count116
))
(C:\Users\Hayden\AppData\Roaming\MiKTeX\2.9\tex\generic\pgf\basiclayer\pgfcorep
oints.code.tex
File: pgfcorepoints.code.tex 2019/02/02 v3.1.1 (3.1.1)
\pgf@picminx=\dimen139
\pgf@picmaxx=\dimen140
\pgf@picminy=\dimen141
\pgf@picmaxy=\dimen142
\pgf@pathminx=\dimen143
\pgf@pathmaxx=\dimen144
\pgf@pathminy=\dimen145
\pgf@pathmaxy=\dimen146
\pgf@xx=\dimen147
\pgf@xy=\dimen148
\pgf@yx=\dimen149
\pgf@yy=\dimen150
\pgf@zx=\dimen151
\pgf@zy=\dimen152
)
(C:\Users\Hayden\AppData\Roaming\MiKTeX\2.9\tex\generic\pgf\basiclayer\pgfcorep
athconstruct.code.tex
File: pgfcorepathconstruct.code.tex 2019/02/02 v3.1.1 (3.1.1)
\pgf@path@lastx=\dimen153
\pgf@path@lasty=\dimen154
)
(C:\Users\Hayden\AppData\Roaming\MiKTeX\2.9\tex\generic\pgf\basiclayer\pgfcorep
athusage.code.tex
File: pgfcorepathusage.code.tex 2019/02/02 v3.1.1 (3.1.1)
\pgf@shorten@end@additional=\dimen155
\pgf@shorten@start@additional=\dimen156
)
(C:\Users\Hayden\AppData\Roaming\MiKTeX\2.9\tex\generic\pgf\basiclayer\pgfcores
copes.code.tex
File: pgfcorescopes.code.tex 2019/02/02 v3.1.1 (3.1.1)
\pgfpic=\box36
\pgf@hbox=\box37
\pgf@layerbox@main=\box38
\pgf@picture@serial@count=\count117
)
(C:\Users\Hayden\AppData\Roaming\MiKTeX\2.9\tex\generic\pgf\basiclayer\pgfcoreg
raphicstate.code.tex
File: pgfcoregraphicstate.code.tex 2019/02/02 v3.1.1 (3.1.1)
\pgflinewidth=\dimen157
)
(C:\Users\Hayden\AppData\Roaming\MiKTeX\2.9\tex\generic\pgf\basiclayer\pgfcoret
ransformations.code.tex
File: pgfcoretransformations.code.tex 2019/02/02 v3.1.1 (3.1.1)
\pgf@pt@x=\dimen158
\pgf@pt@y=\dimen159
\pgf@pt@temp=\dimen160
)
(C:\Users\Hayden\AppData\Roaming\MiKTeX\2.9\tex\generic\pgf\basiclayer\pgfcoreq
uick.code.tex
File: pgfcorequick.code.tex 2019/02/02 v3.1.1 (3.1.1)
)
(C:\Users\Hayden\AppData\Roaming\MiKTeX\2.9\tex\generic\pgf\basiclayer\pgfcoreo
bjects.code.tex
File: pgfcoreobjects.code.tex 2019/02/02 v3.1.1 (3.1.1)
)
(C:\Users\Hayden\AppData\Roaming\MiKTeX\2.9\tex\generic\pgf\basiclayer\pgfcorep
athprocessing.code.tex
File: pgfcorepathprocessing.code.tex 2019/02/02 v3.1.1 (3.1.1)
)
(C:\Users\Hayden\AppData\Roaming\MiKTeX\2.9\tex\generic\pgf\basiclayer\pgfcorea
rrows.code.tex
File: pgfcorearrows.code.tex 2019/02/02 v3.1.1 (3.1.1)
\pgfarrowsep=\dimen161
)
(C:\Users\Hayden\AppData\Roaming\MiKTeX\2.9\tex\generic\pgf\basiclayer\pgfcores
hade.code.tex
File: pgfcoreshade.code.tex 2019/02/02 v3.1.1 (3.1.1)
\pgf@max=\dimen162
\pgf@sys@shading@range@num=\count118
)
(C:\Users\Hayden\AppData\Roaming\MiKTeX\2.9\tex\generic\pgf\basiclayer\pgfcorei
mage.code.tex
File: pgfcoreimage.code.tex 2019/02/02 v3.1.1 (3.1.1)

(C:\Users\Hayden\AppData\Roaming\MiKTeX\2.9\tex\generic\pgf\basiclayer\pgfcoree
xternal.code.tex
File: pgfcoreexternal.code.tex 2019/02/02 v3.1.1 (3.1.1)
\pgfexternal@startupbox=\box39
))
(C:\Users\Hayden\AppData\Roaming\MiKTeX\2.9\tex\generic\pgf\basiclayer\pgfcorel
ayers.code.tex
File: pgfcorelayers.code.tex 2019/02/02 v3.1.1 (3.1.1)
)
(C:\Users\Hayden\AppData\Roaming\MiKTeX\2.9\tex\generic\pgf\basiclayer\pgfcoret
ransparency.code.tex
File: pgfcoretransparency.code.tex 2019/02/02 v3.1.1 (3.1.1)
)
(C:\Users\Hayden\AppData\Roaming\MiKTeX\2.9\tex\generic\pgf\basiclayer\pgfcorep
atterns.code.tex
File: pgfcorepatterns.code.tex 2019/02/02 v3.1.1 (3.1.1)
)
(C:\Users\Hayden\AppData\Roaming\MiKTeX\2.9\tex\generic\pgf\basiclayer\pgfcorer
df.code.tex
File: pgfcorerdf.code.tex 2019/02/02 v3.1.1 (3.1.1)
)))
(C:\Users\Hayden\AppData\Roaming\MiKTeX\2.9\tex\latex\pgf\utilities\xxcolor.sty
Package: xxcolor 2003/10/24 ver 0.1
\XC@nummixins=\count119
\XC@countmixins=\count120
) ("C:\Program Files\MiKTeX 2.9\tex\generic\oberdiek\atbegshi.sty"
Package: atbegshi 2016/06/09 v1.18 At begin shipout hook (HO)

("C:\Program Files\MiKTeX 2.9\tex\generic\oberdiek\infwarerr.sty"
Package: infwarerr 2016/05/16 v1.4 Providing info/warning/error messages (HO)
)
("C:\Program Files\MiKTeX 2.9\tex\generic\oberdiek\ltxcmds.sty"
Package: ltxcmds 2016/05/16 v1.23 LaTeX kernel commands for general use (HO)
))
("C:\Program Files\MiKTeX 2.9\tex\latex\hyperref\hyperref.sty"
Package: hyperref 2018/09/30 v6.88a Hypertext links for LaTeX

("C:\Program Files\MiKTeX 2.9\tex\generic\oberdiek\hobsub-hyperref.sty"
Package: hobsub-hyperref 2016/05/16 v1.14 Bundle oberdiek, subset hyperref (HO)


("C:\Program Files\MiKTeX 2.9\tex\generic\oberdiek\hobsub-generic.sty"
Package: hobsub-generic 2016/05/16 v1.14 Bundle oberdiek, subset generic (HO)
Package: hobsub 2016/05/16 v1.14 Construct package bundles (HO)
Package hobsub Info: Skipping package `infwarerr' (already loaded).
Package hobsub Info: Skipping package `ltxcmds' (already loaded).
Package: ifluatex 2016/05/16 v1.4 Provides the ifluatex switch (HO)
Package ifluatex Info: LuaTeX not detected.
Package hobsub Info: Skipping package `ifvtex' (already loaded).
Package: intcalc 2016/05/16 v1.2 Expandable calculations with integers (HO)
Package hobsub Info: Skipping package `ifpdf' (already loaded).
Package: etexcmds 2016/05/16 v1.6 Avoid name clashes with e-TeX commands (HO)
Package etexcmds Info: Could not find \expanded.
(etexcmds)             That can mean that you are not using pdfTeX 1.50 or
(etexcmds)             that some package has redefined \expanded.
(etexcmds)             In the latter case, load this package earlier.
Package: kvsetkeys 2016/05/16 v1.17 Key value parser (HO)
Package: kvdefinekeys 2016/05/16 v1.4 Define keys (HO)
Package: pdftexcmds 2018/09/10 v0.29 Utility functions of pdfTeX for LuaTeX (HO
)
Package pdftexcmds Info: LuaTeX not detected.
Package pdftexcmds Info: \pdf@primitive is available.
Package pdftexcmds Info: \pdf@ifprimitive is available.
Package pdftexcmds Info: \pdfdraftmode found.
Package: pdfescape 2016/05/16 v1.14 Implements pdfTeX's escape features (HO)
Package: bigintcalc 2016/05/16 v1.4 Expandable calculations on big integers (HO
)
Package: bitset 2016/05/16 v1.2 Handle bit-vector datatype (HO)
Package: uniquecounter 2016/05/16 v1.3 Provide unlimited unique counter (HO)
)
Package hobsub Info: Skipping package `hobsub' (already loaded).
Package: letltxmacro 2016/05/16 v1.5 Let assignment for LaTeX macros (HO)
Package: hopatch 2016/05/16 v1.3 Wrapper for package hooks (HO)
Package: xcolor-patch 2016/05/16 xcolor patch
Package: atveryend 2016/05/16 v1.9 Hooks at the very end of document (HO)
Package hobsub Info: Skipping package `atbegshi' (already loaded).
Package: refcount 2016/05/16 v3.5 Data extraction from label references (HO)
Package: hycolor 2016/05/16 v1.8 Color options for hyperref/bookmark (HO)
)
("C:\Program Files\MiKTeX 2.9\tex\latex\oberdiek\auxhook.sty"
Package: auxhook 2016/05/16 v1.4 Hooks for auxiliary files (HO)
)
("C:\Program Files\MiKTeX 2.9\tex\latex\oberdiek\kvoptions.sty"
Package: kvoptions 2016/05/16 v3.12 Key value format for package options (HO)
)
\@linkdim=\dimen163
\Hy@linkcounter=\count121
\Hy@pagecounter=\count122

("C:\Program Files\MiKTeX 2.9\tex\latex\hyperref\pd1enc.def"
File: pd1enc.def 2018/09/30 v6.88a Hyperref: PDFDocEncoding definition (HO)
Now handling font encoding PD1 ...
... no UTF-8 mapping file for font encoding PD1
)
\Hy@SavedSpaceFactor=\count123

("C:\Program Files\MiKTeX 2.9\tex\latex\00miktex\hyperref.cfg"
File: hyperref.cfg 2002/06/06 v1.2 hyperref configuration of TeXLive
)
Package hyperref Info: Option `bookmarks' set `true' on input line 4409.
Package hyperref Info: Option `bookmarksopen' set `true' on input line 4409.
Package hyperref Info: Option `implicit' set `false' on input line 4409.
Package hyperref Info: Hyper figures OFF on input line 4535.
Package hyperref Info: Link nesting OFF on input line 4540.
Package hyperref Info: Hyper index ON on input line 4543.
Package hyperref Info: Plain pages OFF on input line 4550.
Package hyperref Info: Backreferencing OFF on input line 4555.
Package hyperref Info: Implicit mode OFF; no redefinition of LaTeX internals.
Package hyperref Info: Bookmarks ON on input line 4788.
\c@Hy@tempcnt=\count124

(C:\Users\Hayden\AppData\Roaming\MiKTeX\2.9\tex\latex\url\url.sty
\Urlmuskip=\muskip10
Package: url 2013/09/16  ver 3.4  Verb mode for urls, etc.
)
LaTeX Info: Redefining \url on input line 5141.
\XeTeXLinkMargin=\dimen164
\Fld@menulength=\count125
\Field@Width=\dimen165
\Fld@charsize=\dimen166
Package hyperref Info: Hyper figures OFF on input line 6396.
Package hyperref Info: Link nesting OFF on input line 6401.
Package hyperref Info: Hyper index ON on input line 6404.
Package hyperref Info: backreferencing OFF on input line 6411.
Package hyperref Info: Link coloring OFF on input line 6416.
Package hyperref Info: Link coloring with OCG OFF on input line 6421.
Package hyperref Info: PDF/A mode OFF on input line 6426.
LaTeX Info: Redefining \ref on input line 6466.
LaTeX Info: Redefining \pageref on input line 6470.
\Hy@abspage=\count126


Package hyperref Message: Stopped early.

)
Package hyperref Info: Driver (autodetected): hpdftex.
 ("C:\Program Files\MiKTeX 2.9\tex\latex\hyperref\hpdftex.def"
File: hpdftex.def 2018/09/30 v6.88a Hyperref driver for pdfTeX
\Fld@listcount=\count127
\c@bookmark@seq@number=\count128

("C:\Program Files\MiKTeX 2.9\tex\latex\oberdiek\rerunfilecheck.sty"
Package: rerunfilecheck 2016/05/16 v1.8 Rerun checks for auxiliary files (HO)
Package uniquecounter Info: New unique counter `rerunfilecheck' on input line 2
82.
))
(C:\Users\Hayden\AppData\Roaming\MiKTeX\2.9\tex\latex\beamer\beamerbaserequires
.sty
(C:\Users\Hayden\AppData\Roaming\MiKTeX\2.9\tex\latex\beamer\beamerbasecompatib
ility.sty)
(C:\Users\Hayden\AppData\Roaming\MiKTeX\2.9\tex\latex\beamer\beamerbasefont.sty
("C:\Program Files\MiKTeX 2.9\tex\latex\amsfonts\amssymb.sty"
Package: amssymb 2013/01/14 v3.01 AMS font symbols

("C:\Program Files\MiKTeX 2.9\tex\latex\amsfonts\amsfonts.sty"
Package: amsfonts 2013/01/14 v3.01 Basic AMSFonts support
\@emptytoks=\toks26
\symAMSa=\mathgroup4
\symAMSb=\mathgroup5
LaTeX Font Info:    Overwriting math alphabet `\mathfrak' in version `bold'
(Font)                  U/euf/m/n --> U/euf/b/n on input line 106.
))
(C:\Users\Hayden\AppData\Roaming\MiKTeX\2.9\tex\latex\sansmathaccent\sansmathac
cent.sty
Package: sansmathaccent 2013/03/28

(C:\Users\Hayden\AppData\Roaming\MiKTeX\2.9\tex\latex\filehook\filehook.sty
Package: filehook 2011/10/12 v0.5d Hooks for input files
)))
(C:\Users\Hayden\AppData\Roaming\MiKTeX\2.9\tex\latex\beamer\beamerbasetranslat
or.sty
(C:\Users\Hayden\AppData\Roaming\MiKTeX\2.9\tex\latex\translator\translator.sty
Package: translator 2018/01/04 v1.12 Easy translation of strings in LaTeX
))
(C:\Users\Hayden\AppData\Roaming\MiKTeX\2.9\tex\latex\beamer\beamerbasemisc.sty
)
(C:\Users\Hayden\AppData\Roaming\MiKTeX\2.9\tex\latex\beamer\beamerbasetwoscree
ns.sty)
(C:\Users\Hayden\AppData\Roaming\MiKTeX\2.9\tex\latex\beamer\beamerbaseoverlay.
sty
\beamer@argscount=\count129
\beamer@lastskipcover=\skip44
\beamer@trivlistdepth=\count130
)
(C:\Users\Hayden\AppData\Roaming\MiKTeX\2.9\tex\latex\beamer\beamerbasetitle.st
y)
(C:\Users\Hayden\AppData\Roaming\MiKTeX\2.9\tex\latex\beamer\beamerbasesection.
sty
\c@lecture=\count131
\c@part=\count132
\c@section=\count133
\c@subsection=\count134
\c@subsubsection=\count135
)
(C:\Users\Hayden\AppData\Roaming\MiKTeX\2.9\tex\latex\beamer\beamerbaseframe.st
y
\beamer@framebox=\box40
\beamer@frametitlebox=\box41
\beamer@zoombox=\box42
\beamer@zoomcount=\count136
\beamer@zoomframecount=\count137
\beamer@frametextheight=\dimen167
\c@subsectionslide=\count138
\beamer@frametopskip=\skip45
\beamer@framebottomskip=\skip46
\beamer@frametopskipautobreak=\skip47
\beamer@framebottomskipautobreak=\skip48
\beamer@envbody=\toks27
\framewidth=\dimen168
\c@framenumber=\count139
)
(C:\Users\Hayden\AppData\Roaming\MiKTeX\2.9\tex\latex\beamer\beamerbaseverbatim
.sty
\beamer@verbatimfileout=\write4
)
(C:\Users\Hayden\AppData\Roaming\MiKTeX\2.9\tex\latex\beamer\beamerbaseframesiz
e.sty
\beamer@splitbox=\box43
\beamer@autobreakcount=\count140
\beamer@autobreaklastheight=\dimen169
\beamer@frametitletoks=\toks28
\beamer@framesubtitletoks=\toks29
)
(C:\Users\Hayden\AppData\Roaming\MiKTeX\2.9\tex\latex\beamer\beamerbaseframecom
ponents.sty
\beamer@footins=\box44
)
(C:\Users\Hayden\AppData\Roaming\MiKTeX\2.9\tex\latex\beamer\beamerbasecolor.st
y)
(C:\Users\Hayden\AppData\Roaming\MiKTeX\2.9\tex\latex\beamer\beamerbasenotes.st
y
\beamer@frameboxcopy=\box45
)
(C:\Users\Hayden\AppData\Roaming\MiKTeX\2.9\tex\latex\beamer\beamerbasetoc.sty)

(C:\Users\Hayden\AppData\Roaming\MiKTeX\2.9\tex\latex\beamer\beamerbasetemplate
s.sty
\beamer@sbttoks=\toks30

(C:\Users\Hayden\AppData\Roaming\MiKTeX\2.9\tex\latex\beamer\beamerbaseauxtempl
ates.sty
(C:\Users\Hayden\AppData\Roaming\MiKTeX\2.9\tex\latex\beamer\beamerbaseboxes.st
y
\bmb@box=\box46
\bmb@colorbox=\box47
\bmb@boxshadow=\box48
\bmb@boxshadowball=\box49
\bmb@boxshadowballlarge=\box50
\bmb@temp=\dimen170
\bmb@dima=\dimen171
\bmb@dimb=\dimen172
\bmb@prevheight=\dimen173
)
\beamer@blockheadheight=\dimen174
))
(C:\Users\Hayden\AppData\Roaming\MiKTeX\2.9\tex\latex\beamer\beamerbaselocalstr
ucture.sty ("C:\Program Files\MiKTeX 2.9\tex\latex\tools\enumerate.sty"
Package: enumerate 2015/07/23 v3.00 enumerate extensions (DPC)
\@enLab=\toks31
)
\c@figure=\count141
\c@table=\count142
\abovecaptionskip=\skip49
\belowcaptionskip=\skip50
)
(C:\Users\Hayden\AppData\Roaming\MiKTeX\2.9\tex\latex\beamer\beamerbasenavigati
on.sty
\beamer@section@min@dim=\dimen175
)
(C:\Users\Hayden\AppData\Roaming\MiKTeX\2.9\tex\latex\beamer\beamerbasetheorems
.sty ("C:\Program Files\MiKTeX 2.9\tex\latex\amsmath\amsmath.sty"
Package: amsmath 2017/09/02 v2.17a AMS math features
\@mathmargin=\skip51

For additional information on amsmath, use the `?' option.
("C:\Program Files\MiKTeX 2.9\tex\latex\amsmath\amstext.sty"
Package: amstext 2000/06/29 v2.01 AMS text

("C:\Program Files\MiKTeX 2.9\tex\latex\amsmath\amsgen.sty"
File: amsgen.sty 1999/11/30 v2.0 generic functions
\@emptytoks=\toks32
\ex@=\dimen176
))
("C:\Program Files\MiKTeX 2.9\tex\latex\amsmath\amsbsy.sty"
Package: amsbsy 1999/11/29 v1.2d Bold Symbols
\pmbraise@=\dimen177
)
("C:\Program Files\MiKTeX 2.9\tex\latex\amsmath\amsopn.sty"
Package: amsopn 2016/03/08 v2.02 operator names
)
\inf@bad=\count143
LaTeX Info: Redefining \frac on input line 213.
\uproot@=\count144
\leftroot@=\count145
LaTeX Info: Redefining \overline on input line 375.
\classnum@=\count146
\DOTSCASE@=\count147
LaTeX Info: Redefining \ldots on input line 472.
LaTeX Info: Redefining \dots on input line 475.
LaTeX Info: Redefining \cdots on input line 596.
\Mathstrutbox@=\box51
\strutbox@=\box52
\big@size=\dimen178
LaTeX Font Info:    Redeclaring font encoding OML on input line 712.
LaTeX Font Info:    Redeclaring font encoding OMS on input line 713.
\macc@depth=\count148
\c@MaxMatrixCols=\count149
\dotsspace@=\muskip11
\c@parentequation=\count150
\dspbrk@lvl=\count151
\tag@help=\toks33
\row@=\count152
\column@=\count153
\maxfields@=\count154
\andhelp@=\toks34
\eqnshift@=\dimen179
\alignsep@=\dimen180
\tagshift@=\dimen181
\tagwidth@=\dimen182
\totwidth@=\dimen183
\lineht@=\dimen184
\@envbody=\toks35
\multlinegap=\skip52
\multlinetaggap=\skip53
\mathdisplay@stack=\toks36
LaTeX Info: Redefining \[ on input line 2817.
LaTeX Info: Redefining \] on input line 2818.
)
("C:\Program Files\MiKTeX 2.9\tex\latex\amscls\amsthm.sty"
Package: amsthm 2017/10/31 v2.20.4
\thm@style=\toks37
\thm@bodyfont=\toks38
\thm@headfont=\toks39
\thm@notefont=\toks40
\thm@headpunct=\toks41
\thm@preskip=\skip54
\thm@postskip=\skip55
\thm@headsep=\skip56
\dth@everypar=\toks42
)
\c@theorem=\count155
)
(C:\Users\Hayden\AppData\Roaming\MiKTeX\2.9\tex\latex\beamer\beamerbasethemes.s
ty))
(C:\Users\Hayden\AppData\Roaming\MiKTeX\2.9\tex\latex\beamer\beamerthemedefault
.sty
(C:\Users\Hayden\AppData\Roaming\MiKTeX\2.9\tex\latex\beamer\beamerfontthemedef
ault.sty)
(C:\Users\Hayden\AppData\Roaming\MiKTeX\2.9\tex\latex\beamer\beamercolorthemede
fault.sty)
(C:\Users\Hayden\AppData\Roaming\MiKTeX\2.9\tex\latex\beamer\beamerinnerthemede
fault.sty
\beamer@dima=\dimen185
\beamer@dimb=\dimen186
)
(C:\Users\Hayden\AppData\Roaming\MiKTeX\2.9\tex\latex\beamer\beamerouterthemede
fault.sty)))
(C:\Users\Hayden\AppData\Roaming\MiKTeX\2.9\tex\latex\beamer\beamerthemeWarsaw.
sty
(C:\Users\Hayden\AppData\Roaming\MiKTeX\2.9\tex\latex\beamer\beamerinnerthemero
unded.sty)
(C:\Users\Hayden\AppData\Roaming\MiKTeX\2.9\tex\latex\beamer\beamerouterthemesh
adow.sty
(C:\Users\Hayden\AppData\Roaming\MiKTeX\2.9\tex\latex\beamer\beamerouterthemesp
lit.sty))
(C:\Users\Hayden\AppData\Roaming\MiKTeX\2.9\tex\latex\beamer\beamercolorthemeor
chid.sty)
(C:\Users\Hayden\AppData\Roaming\MiKTeX\2.9\tex\latex\beamer\beamercolorthemewh
ale.sty))
(C:\Users\Hayden\AppData\Roaming\MiKTeX\2.9\tex\latex\beamer\beamercolorthemebe
aver.sty) ("C:\Program Files\MiKTeX 2.9\tex\latex\tools\dcolumn.sty"
Package: dcolumn 2014/10/28 v1.06 decimal alignment package (DPC)

("C:\Program Files\MiKTeX 2.9\tex\latex\tools\array.sty"
Package: array 2018/04/30 v2.4h Tabular extension package (FMi)
\col@sep=\dimen187
\ar@mcellbox=\box53
\extrarowheight=\dimen188
\NC@list=\toks43
\extratabsurround=\skip57
\backup@length=\skip58
\ar@cellbox=\box54
))
("C:\Program Files\MiKTeX 2.9\tex\latex\multirow\multirow.sty"
Package: multirow 2018/08/03 v2.3 Span multiple rows of a table
\multirow@colwidth=\skip59
\multirow@cntb=\count156
\multirow@dima=\skip60
\bigstrutjot=\dimen189
)
\sympureletters=\mathgroup6
LaTeX Font Info:    Overwriting symbol font `pureletters' in version `bold'
(Font)                  OT1/mathkerncmss/m/sl --> OT1/mathkerncmss/bx/sl on inp
ut line 9.

("C:\Program Files\MiKTeX 2.9\tex\latex\tools\bm.sty"
Package: bm 2017/01/16 v1.2c Bold Symbol Support (DPC/FMi)
\symboldoperators=\mathgroup7
\symboldletters=\mathgroup8
\symboldsymbols=\mathgroup9
\symboldpureletters=\mathgroup10
LaTeX Font Info:    Redeclaring math alphabet \mathbf on input line 141.
LaTeX Info: Redefining \bm on input line 207.
)
(C:\Users\Hayden\AppData\Roaming\MiKTeX\2.9\tex\latex\mathtools\mathtools.sty
Package: mathtools 2018/01/08 v1.21 mathematical typesetting tools

("C:\Program Files\MiKTeX 2.9\tex\latex\tools\calc.sty"
Package: calc 2017/05/25 v4.3 Infix arithmetic (KKT,FJ)
\calc@Acount=\count157
\calc@Bcount=\count158
\calc@Adimen=\dimen190
\calc@Bdimen=\dimen191
\calc@Askip=\skip61
\calc@Bskip=\skip62
LaTeX Info: Redefining \setlength on input line 80.
LaTeX Info: Redefining \addtolength on input line 81.
\calc@Ccount=\count159
\calc@Cskip=\skip63
)
(C:\Users\Hayden\AppData\Roaming\MiKTeX\2.9\tex\latex\mathtools\mhsetup.sty
Package: mhsetup 2017/03/31 v1.3 programming setup (MH)
)
LaTeX Info: Thecontrolsequence`\('isalreadyrobust on input line 129.
LaTeX Info: Thecontrolsequence`\)'isalreadyrobust on input line 129.
LaTeX Info: Thecontrolsequence`\['isalreadyrobust on input line 129.
LaTeX Info: Thecontrolsequence`\]'isalreadyrobust on input line 129.
\g_MT_multlinerow_int=\count160
\l_MT_multwidth_dim=\dimen192
\origjot=\skip64
\l_MT_shortvdotswithinadjustabove_dim=\dimen193
\l_MT_shortvdotswithinadjustbelow_dim=\dimen194
\l_MT_above_intertext_sep=\dimen195
\l_MT_below_intertext_sep=\dimen196
\l_MT_above_shortintertext_sep=\dimen197
\l_MT_below_shortintertext_sep=\dimen198
)
(C:\Users\Hayden\AppData\Roaming\MiKTeX\2.9\tex\latex\siunitx\siunitx.sty
(C:\Users\Hayden\AppData\Roaming\MiKTeX\2.9\tex\latex\l3kernel\expl3.sty
Package: expl3 2018-09-24 L3 programming layer (loader) 

(C:\Users\Hayden\AppData\Roaming\MiKTeX\2.9\tex\latex\l3kernel\expl3-code.tex
Package: expl3 2018-09-24 L3 programming layer (code)
\c_max_int=\count161
\l_tmpa_int=\count162
\l_tmpb_int=\count163
\g_tmpa_int=\count164
\g_tmpb_int=\count165
\g__kernel_prg_map_int=\count166
\c_log_iow=\count167
\l_iow_line_count_int=\count168
\l__iow_line_target_int=\count169
\l__iow_one_indent_int=\count170
\l__iow_indent_int=\count171
\c_zero_dim=\dimen199
\c_max_dim=\dimen256
\l_tmpa_dim=\dimen257
\l_tmpb_dim=\dimen258
\g_tmpa_dim=\dimen259
\g_tmpb_dim=\dimen260
\c_zero_skip=\skip65
\c_max_skip=\skip66
\l_tmpa_skip=\skip67
\l_tmpb_skip=\skip68
\g_tmpa_skip=\skip69
\g_tmpb_skip=\skip70
\c_zero_muskip=\muskip12
\c_max_muskip=\muskip13
\l_tmpa_muskip=\muskip14
\l_tmpb_muskip=\muskip15
\g_tmpa_muskip=\muskip16
\g_tmpb_muskip=\muskip17
\l_keys_choice_int=\count172
\l__intarray_loop_int=\count173
\c__intarray_sp_dim=\dimen261
\g__intarray_font_int=\count174
\c__fp_leading_shift_int=\count175
\c__fp_middle_shift_int=\count176
\c__fp_trailing_shift_int=\count177
\c__fp_big_leading_shift_int=\count178
\c__fp_big_middle_shift_int=\count179
\c__fp_big_trailing_shift_int=\count180
\c__fp_Bigg_leading_shift_int=\count181
\c__fp_Bigg_middle_shift_int=\count182
\c__fp_Bigg_trailing_shift_int=\count183
\c__kernel_randint_max_int=\count184
\g__fp_array_int=\count185
\l__fp_array_loop_int=\count186
\l__sort_length_int=\count187
\l__sort_min_int=\count188
\l__sort_top_int=\count189
\l__sort_max_int=\count190
\l__sort_true_max_int=\count191
\l__sort_block_int=\count192
\l__sort_begin_int=\count193
\l__sort_end_int=\count194
\l__sort_A_int=\count195
\l__sort_B_int=\count196
\l__sort_C_int=\count197
\l__tl_analysis_normal_int=\count198
\l__tl_analysis_index_int=\count199
\l__tl_analysis_nesting_int=\count266
\l__tl_analysis_type_int=\count267
\l__regex_internal_a_int=\count268
\l__regex_internal_b_int=\count269
\l__regex_internal_c_int=\count270
\l__regex_balance_int=\count271
\l__regex_group_level_int=\count272
\l__regex_mode_int=\count273
\c__regex_cs_in_class_mode_int=\count274
\c__regex_cs_mode_int=\count275
\l__regex_catcodes_int=\count276
\l__regex_default_catcodes_int=\count277
\c__regex_catcode_D_int=\count278
\c__regex_catcode_S_int=\count279
\c__regex_catcode_L_int=\count280
\c__regex_catcode_O_int=\count281
\c__regex_catcode_A_int=\count282
\c__regex_all_catcodes_int=\count283
\l__regex_show_lines_int=\count284
\l__regex_min_state_int=\count285
\l__regex_max_state_int=\count286
\l__regex_left_state_int=\count287
\l__regex_right_state_int=\count288
\l__regex_capturing_group_int=\count289
\l__regex_min_pos_int=\count290
\l__regex_max_pos_int=\count291
\l__regex_curr_pos_int=\count292
\l__regex_start_pos_int=\count293
\l__regex_success_pos_int=\count294
\l__regex_curr_char_int=\count295
\l__regex_curr_catcode_int=\count296
\l__regex_last_char_int=\count297
\l__regex_case_changed_char_int=\count298
\l__regex_curr_state_int=\count299
\l__regex_step_int=\count300
\l__regex_min_active_int=\count301
\l__regex_max_active_int=\count302
\l__regex_replacement_csnames_int=\count303
\l__regex_match_count_int=\count304
\l__regex_min_submatch_int=\count305
\l__regex_submatch_int=\count306
\l__regex_zeroth_submatch_int=\count307
\g__regex_trace_regex_int=\count308
\c_empty_box=\box55
\l_tmpa_box=\box56
\l_tmpb_box=\box57
\g_tmpa_box=\box58
\g_tmpb_box=\box59
\l__box_top_dim=\dimen262
\l__box_bottom_dim=\dimen263
\l__box_left_dim=\dimen264
\l__box_right_dim=\dimen265
\l__box_top_new_dim=\dimen266
\l__box_bottom_new_dim=\dimen267
\l__box_left_new_dim=\dimen268
\l__box_right_new_dim=\dimen269
\l__box_internal_box=\box60
\l__coffin_internal_box=\box61
\l__coffin_internal_dim=\dimen270
\l__coffin_offset_x_dim=\dimen271
\l__coffin_offset_y_dim=\dimen272
\l__coffin_x_dim=\dimen273
\l__coffin_y_dim=\dimen274
\l__coffin_x_prime_dim=\dimen275
\l__coffin_y_prime_dim=\dimen276
\c_empty_coffin=\box62
\l__coffin_aligned_coffin=\box63
\l__coffin_aligned_internal_coffin=\box64
\l_tmpa_coffin=\box65
\l_tmpb_coffin=\box66
\l__coffin_display_coffin=\box67
\l__coffin_display_coord_coffin=\box68
\l__coffin_display_pole_coffin=\box69
\l__coffin_display_offset_dim=\dimen277
\l__coffin_display_x_dim=\dimen278
\l__coffin_display_y_dim=\dimen279
\g__file_internal_ior=\read2
\l__coffin_bounding_shift_dim=\dimen280
\l__coffin_left_corner_dim=\dimen281
\l__coffin_right_corner_dim=\dimen282
\l__coffin_bottom_corner_dim=\dimen283
\l__coffin_top_corner_dim=\dimen284
\l__coffin_scaled_total_height_dim=\dimen285
\l__coffin_scaled_width_dim=\dimen286
\l__seq_internal_a_int=\count309
\l__seq_internal_b_int=\count310
)
(C:\Users\Hayden\AppData\Roaming\MiKTeX\2.9\tex\latex\l3kernel\l3pdfmode.def
File: l3pdfmode.def 2018-09-24 v L3 Experimental driver: PDF mode
\l__driver_color_stack_int=\count311
))
(C:\Users\Hayden\AppData\Roaming\MiKTeX\2.9\tex\latex\l3packages\xparse\xparse.
sty
Package: xparse 2018-09-24 L3 Experimental document command parser
\l__xparse_current_arg_int=\count312
\g__xparse_grabber_int=\count313
\l__xparse_m_args_int=\count314
\l__xparse_mandatory_args_int=\count315
\l__xparse_v_nesting_int=\count316
)
Package: siunitx 2018/05/17 v2.7s A comprehensive (SI) units package

(C:\Users\Hayden\AppData\Roaming\MiKTeX\2.9\tex\latex\l3packages\l3keys2e\l3key
s2e.sty
Package: l3keys2e 2018-09-24 LaTeX2e option processing using LaTeX3 keys
)
\l__siunitx_tmp_box=\box70
\l__siunitx_tmp_dim=\dimen287
\l__siunitx_tmp_int=\count317
\l__siunitx_number_mantissa_length_int=\count318
\l__siunitx_number_uncert_length_int=\count319
\l__siunitx_round_int=\count320
\l__siunitx_process_decimal_int=\count321
\l__siunitx_process_uncertainty_int=\count322
\l__siunitx_process_fixed_int=\count323
\l__siunitx_process_integer_min_int=\count324
\l__siunitx_process_precision_int=\count325
\l__siunitx_group_min_int=\count326
\l__siunitx_angle_marker_box=\box71
\l__siunitx_angle_unit_box=\box72
\l__siunitx_angle_marker_dim=\dimen288
\l__siunitx_angle_unit_dim=\dimen289
\l__siunitx_unit_int=\count327
\l__siunitx_unit_denominator_int=\count328
\l__siunitx_unit_numerator_int=\count329
\l__siunitx_unit_prefix_int=\count330
\l__siunitx_unit_prefix_base_int=\count331
\l__siunitx_unit_prefix_gram_int=\count332
\l__siunitx_number_product_int=\count333
\c__siunitx_one_fill_skip=\skip71
\l__siunitx_table_unit_align_skip=\skip72
\l__siunitx_table_exponent_dim=\dimen290
\l__siunitx_table_integer_dim=\dimen291
\l__siunitx_table_mantissa_dim=\dimen292
\l__siunitx_table_marker_dim=\dimen293
\l__siunitx_table_result_dim=\dimen294
\l__siunitx_table_uncert_dim=\dimen295
\l__siunitx_table_fill_pre_dim=\dimen296
\l__siunitx_table_fill_post_dim=\dimen297
\l__siunitx_table_fill_mid_dim=\dimen298
\l__siunitx_table_pre_box=\box73
\l__siunitx_table_post_box=\box74
\l__siunitx_table_mantissa_box=\box75
\l__siunitx_table_result_box=\box76
\l__siunitx_table_number_align_skip=\skip73
\l__siunitx_table_text_align_skip=\skip74
.................................................
. LaTeX info: "xparse/define-command"
. 
. Defining command \DeclareBinaryPrefix with sig. 'mmm' on line 7237.
.................................................
.................................................
. LaTeX info: "xparse/define-command"
. 
. Defining command \DeclareSIPostPower with sig. 'mm' on line 7240.
.................................................
.................................................
. LaTeX info: "xparse/define-command"
. 
. Defining command \DeclareSIPrefix with sig. 'mmm' on line 7243.
.................................................
.................................................
. LaTeX info: "xparse/define-command"
. 
. Defining command \DeclareSIPrePower with sig. 'mm' on line 7246.
.................................................
.................................................
. LaTeX info: "xparse/define-command"
. 
. Defining command \DeclareSIQualifier with sig. 'mm' on line 7249.
.................................................
.................................................
. LaTeX info: "xparse/define-command"
. 
. Defining command \DeclareSIUnit with sig. 'O{}mm' on line 7252.
.................................................
.................................................
. LaTeX info: "xparse/define-command"
. 
. Defining command \DeclareSIUnitWithOptions with sig. 'mmm' on line 7255.
.................................................
.................................................
. LaTeX info: "xparse/define-command"
. 
. Defining command \ang with sig. 'o>{\SplitArgument {2}{;}}m' on line 7270.
.................................................
.................................................
. LaTeX info: "xparse/define-command"
. 
. Defining command \num with sig. 'om' on line 7279.
.................................................
.................................................
. LaTeX info: "xparse/define-command"
. 
. Defining command \numlist with sig. 'o>{\SplitList {;}}m' on line 7288.
.................................................
.................................................
. LaTeX info: "xparse/define-command"
. 
. Defining command \numrange with sig. 'omm' on line 7297.
.................................................
.................................................
. LaTeX info: "xparse/define-command"
. 
. Defining command \SIlist with sig. 'o>{\SplitList {;}}mm' on line 7309.
.................................................
.................................................
. LaTeX info: "xparse/define-command"
. 
. Defining command \SIrange with sig. 'ommm' on line 7321.
.................................................
.................................................
. LaTeX info: "xparse/define-command"
. 
. Defining command \SI with sig. 'omom' on line 7333.
.................................................
.................................................
. LaTeX info: "xparse/define-command"
. 
. Defining command \sisetup with sig. 'm' on line 7336.
.................................................
.................................................
. LaTeX info: "xparse/define-command"
. 
. Defining command \tablenum with sig. 'om' on line 7351.
.................................................
.................................................
. LaTeX info: "xparse/define-command"
. 
. Defining command \si with sig. 'om' on line 7363.
.................................................
.................................................
. LaTeX info: "xparse/define-command"
. 
. Defining command \numInBookmark with sig. 'om' on line 7410.
.................................................
.................................................
. LaTeX info: "xparse/define-command"
. 
. Defining command \numrangeInBookmark with sig. 'omm' on line 7412.
.................................................
.................................................
. LaTeX info: "xparse/define-command"
. 
. Defining command \SIInBookmark with sig. 'omom' on line 7414.
.................................................
.................................................
. LaTeX info: "xparse/define-command"
. 
. Defining command \SIlistInBookmark with sig. 'omm' on line 7416.
.................................................
.................................................
. LaTeX info: "xparse/define-command"
. 
. Defining command \SIrangeInBookmark with sig. 'ommm' on line 7418.
.................................................
.................................................
. LaTeX info: "xparse/define-command"
. 
. Defining command \siInBookmark with sig. 'om' on line 7419.
.................................................
)
(C:\Users\Hayden\AppData\Roaming\MiKTeX\2.9\tex\latex\braket\braket.sty)
(C:\Users\Hayden\AppData\Roaming\MiKTeX\2.9\tex\latex\mathtools\empheq.sty
Package: empheq 2017/03/31 v2.15 Emphasizing equations
\l_EQ_equationtype_int=\count334
\l_EQ_alignmentmode_int=\count335
\l_EQ_totalwidth_dim=\dimen299
\l_EQ_displaywidth_dim=\dimen300
\l_EQ_temp_linewidth_dim=\dimen301
\EmphEqdelimitershortfall=\dimen302
\EmphEqdelimiterfactor=\count336
\g_EQ_toptag_height_dim=\dimen303
\g_EQ_bottomtag_depth_dim=\dimen304
\g_EQ_toprow_height_dim=\dimen305
\g_EQ_bottomrow_depth_dim=\dimen306
\g_EQ_widesttag_dim=\dimen307
\EQ_mathdisplay_box=\box77
\EQ_tag_box=\box78
\g_EQ_temprow_int=\count337
)
(C:\Users\Hayden\AppData\Roaming\MiKTeX\2.9\tex\latex\datetime2\datetime2.sty
Package: datetime2 2018/07/20 v1.5.3 (NLCT) date and time formats

(C:\Users\Hayden\AppData\Roaming\MiKTeX\2.9\tex\latex\tracklang\tracklang.sty
Package: tracklang 2018/05/13 v1.3.6 (NLCT) Track Languages

(C:\Users\Hayden\AppData\Roaming\MiKTeX\2.9\tex\generic\tracklang\tracklang.tex
)) ("C:\Program Files\MiKTeX 2.9\tex\latex\xkeyval\xkeyval.sty"
Package: xkeyval 2014/12/03 v2.7a package option processing (HA)

("C:\Program Files\MiKTeX 2.9\tex\generic\xkeyval\xkeyval.tex"
("C:\Program Files\MiKTeX 2.9\tex\generic\xkeyval\xkvutils.tex"
\XKV@toks=\toks44
\XKV@tempa@toks=\toks45
)
\XKV@depth=\count338
File: xkeyval.tex 2014/12/03 v2.7a key=value parser (HA)
))
(C:\Users\Hayden\AppData\Roaming\MiKTeX\2.9\tex\latex\datetime2-english\datetim
e2-english.ldf
File: datetime2-english.ldf 2016/03/09 v1.04 (NLCT)

(C:\Users\Hayden\AppData\Roaming\MiKTeX\2.9\tex\latex\datetime2-english\datetim
e2-english-base.ldf
File: datetime2-english-base.ldf 2016/03/09 v1.04 (NLCT)
))
(C:\Users\Hayden\AppData\Roaming\MiKTeX\2.9\tex\latex\datetime2-english\datetim
e2-en-US.ldf
File: datetime2-en-US.ldf 2016/03/09 v1.04 (NLCT)
)) ("C:\Program Files\MiKTeX 2.9\tex\latex\tools\multicol.sty"
Package: multicol 2018/04/20 v1.8s multicolumn formatting (FMi)
\c@tracingmulticols=\count339
\mult@box=\box79
\multicol@leftmargin=\dimen308
\c@unbalance=\count340
\c@collectmore=\count341
\doublecol@number=\count342
\multicoltolerance=\count343
\multicolpretolerance=\count344
\full@width=\dimen309
\page@free=\dimen310
\premulticols=\dimen311
\postmulticols=\dimen312
\multicolsep=\skip75
\multicolbaselineskip=\skip76
\partial@page=\box80
\last@line=\box81
\maxbalancingoverflow=\dimen313
\mult@rightbox=\box82
\mult@grightbox=\box83
\mult@gfirstbox=\box84
\mult@firstbox=\box85
\@tempa=\box86
\@tempa=\box87
\@tempa=\box88
\@tempa=\box89
\@tempa=\box90
\@tempa=\box91
\@tempa=\box92
\@tempa=\box93
\@tempa=\box94
\@tempa=\box95
\@tempa=\box96
\@tempa=\box97
\@tempa=\box98
\@tempa=\box99
\@tempa=\box100
\@tempa=\box101
\@tempa=\box102
\c@columnbadness=\count345
\c@finalcolumnbadness=\count346
\last@try=\dimen314
\multicolovershoot=\dimen315
\multicolundershoot=\dimen316
\mult@nat@firstbox=\box103
\colbreak@box=\box104
\mc@col@check@num=\count347
)
(C:\Users\Hayden\AppData\Roaming\MiKTeX\2.9\tex\latex\animate\animate.sty
Package: animate 2019/03/06 PDF & SVG animations from files and inline graphics


("C:\Program Files\MiKTeX 2.9\tex\latex\base\ifthen.sty"
Package: ifthen 2014/09/29 v1.1c Standard LaTeX ifthen package (DPC)
)
("C:\Program Files\MiKTeX 2.9\tex\latex\oberdiek\ifdraft.sty"
Package: ifdraft 2016/05/16 v1.4 Detect class options draft and final (HO)
)
("C:\Program Files\MiKTeX 2.9\tex\latex\oberdiek\zref-abspage.sty"
Package: zref-abspage 2016/05/21 v2.26 Module abspage for zref (HO)

("C:\Program Files\MiKTeX 2.9\tex\latex\oberdiek\zref-base.sty"
Package: zref-base 2016/05/21 v2.26 Module base for zref (HO)
Package zref Info: New property list: main on input line 759.
Package zref Info: New property: default on input line 760.
Package zref Info: New property: page on input line 761.
)
\c@abspage=\count348
Package zref Info: New property: abspage on input line 62.
)
(C:\Users\Hayden\AppData\Roaming\MiKTeX\2.9\tex\latex\media9\pdfbase.sty
Package: pdfbase 2019/02/21 v0.27 driver independent access to low-level PDF fe
atures
\g_pbs_page_int=\count349
\g_pbs_oc_int=\count350
)
(C:\Users\Hayden\AppData\Roaming\MiKTeX\2.9\tex\latex\ocgx2\ocgbase.sty
Package: ocgbase 2018/06/07 v0.14 support package for ocgx2.sty
\g_ocgbase_nd_int=\count351
)
\@anim@box=\box105
\@anim@measbox=\box106
\@anim@tmpdima=\dimen317
\@anim@tmpdimb=\dimen318
\@anim@num=\count352
\@anim@curframe=\count353
\@anim@curframe@zb=\count354
\@anim@resizeflags=\count355
\@anim@skipfram=\count356
\@anim@mulframecnt=\count357
\@anim@@tmlnfile=\read3
\@anim@tmpcnt=\count358
\c@@anim@ltxcnt=\count359
\@anim@curlayer=\count360
\@anim@lineno=\count361
\@anim@curfield=\count362
\@anim@@resizeflags=\count363
)
(C:\Users\Hayden\AppData\Roaming\MiKTeX\2.9\tex\latex\biblatex\biblatex.sty
Package: biblatex 2018/03/04 v3.11 programmable bibliographies (PK/MW)

(C:\Users\Hayden\AppData\Roaming\MiKTeX\2.9\tex\latex\logreq\logreq.sty
Package: logreq 2010/08/04 v1.0 xml request logger
\lrq@indent=\count364

(C:\Users\Hayden\AppData\Roaming\MiKTeX\2.9\tex\latex\logreq\logreq.def
File: logreq.def 2010/08/04 v1.0 logreq spec v1.0
))
(C:\Users\Hayden\AppData\Roaming\MiKTeX\2.9\tex\latex\xstring\xstring.sty
(C:\Users\Hayden\AppData\Roaming\MiKTeX\2.9\tex\generic\xstring\xstring.tex
\@xs@message=\write5
\integerpart=\count365
\decimalpart=\count366
)
Package: xstring 2013/10/13  v1.7c  String manipulations (C Tellechea)
)
\c@tabx@nest=\count367
\c@listtotal=\count368
\c@listcount=\count369
\c@liststart=\count370
\c@liststop=\count371
\c@citecount=\count372
\c@citetotal=\count373
\c@multicitecount=\count374
\c@multicitetotal=\count375
\c@instcount=\count376
\c@maxnames=\count377
\c@minnames=\count378
\c@maxitems=\count379
\c@minitems=\count380
\c@citecounter=\count381
\c@savedcitecounter=\count382
\c@uniquelist=\count383
\c@uniquename=\count384
\c@refsection=\count385
\c@refsegment=\count386
\c@maxextratitle=\count387
\c@maxextratitleyear=\count388
\c@maxextradate=\count389
\c@maxextraalpha=\count390
\c@abbrvpenalty=\count391
\c@highnamepenalty=\count392
\c@lownamepenalty=\count393
\c@maxparens=\count394
\c@parenlevel=\count395
\blx@tempcnta=\count396
\blx@tempcntb=\count397
\blx@tempcntc=\count398
\blx@maxsection=\count399
\blx@maxsegment@0=\count400
\blx@notetype=\count401
\blx@parenlevel@text=\count402
\blx@parenlevel@foot=\count403
\blx@sectionciteorder@0=\count404
\labelnumberwidth=\skip77
\labelalphawidth=\skip78
\biblabelsep=\skip79
\bibitemsep=\skip80
\bibnamesep=\skip81
\bibinitsep=\skip82
\bibparsep=\skip83
\bibhang=\skip84
\blx@bcfin=\read4
\blx@bcfout=\write6
\c@mincomprange=\count405
\c@maxcomprange=\count406
\c@mincompwidth=\count407
Package biblatex Info: Trying to load biblatex default data model...
Package biblatex Info: ... file 'blx-dm.def' found.

(C:\Users\Hayden\AppData\Roaming\MiKTeX\2.9\tex\latex\biblatex\blx-dm.def
File: blx-dm.def 2018/03/04 v3.11 biblatex localization (PK/MW)
)
Package biblatex Info: Trying to load biblatex style data model...
Package biblatex Info: ... file 'authoryear.dbx' not found.
Package biblatex Info: Trying to load biblatex custom data model...
Package biblatex Info: ... file 'biblatex-dm.cfg' not found.
\c@afterword=\count408
\c@savedafterword=\count409
\c@annotator=\count410
\c@savedannotator=\count411
\c@author=\count412
\c@savedauthor=\count413
\c@bookauthor=\count414
\c@savedbookauthor=\count415
\c@commentator=\count416
\c@savedcommentator=\count417
\c@editor=\count418
\c@savededitor=\count419
\c@editora=\count420
\c@savededitora=\count421
\c@editorb=\count422
\c@savededitorb=\count423
\c@editorc=\count424
\c@savededitorc=\count425
\c@foreword=\count426
\c@savedforeword=\count427
\c@holder=\count428
\c@savedholder=\count429
\c@introduction=\count430
\c@savedintroduction=\count431
\c@namea=\count432
\c@savednamea=\count433
\c@nameb=\count434
\c@savednameb=\count435
\c@namec=\count436
\c@savednamec=\count437
\c@translator=\count438
\c@savedtranslator=\count439
\c@shortauthor=\count440
\c@savedshortauthor=\count441
\c@shorteditor=\count442
\c@savedshorteditor=\count443
\c@labelname=\count444
\c@savedlabelname=\count445
\c@institution=\count446
\c@savedinstitution=\count447
\c@lista=\count448
\c@savedlista=\count449
\c@listb=\count450
\c@savedlistb=\count451
\c@listc=\count452
\c@savedlistc=\count453
\c@listd=\count454
\c@savedlistd=\count455
\c@liste=\count456
\c@savedliste=\count457
\c@listf=\count458
\c@savedlistf=\count459
\c@location=\count460
\c@savedlocation=\count461
\c@organization=\count462
\c@savedorganization=\count463
\c@origlocation=\count464
\c@savedoriglocation=\count465
\c@origpublisher=\count466
\c@savedorigpublisher=\count467
\c@publisher=\count468
\c@savedpublisher=\count469
\c@language=\count470
\c@savedlanguage=\count471
\c@origlanguage=\count472
\c@savedoriglanguage=\count473
\c@pageref=\count474
\c@savedpageref=\count475
\shorthandwidth=\skip85
\shortjournalwidth=\skip86
\shortserieswidth=\skip87
\shorttitlewidth=\skip88
\shortauthorwidth=\skip89
\shorteditorwidth=\skip90
\locallabelnumberwidth=\skip91
\locallabelalphawidth=\skip92
\localshorthandwidth=\skip93
\localshortjournalwidth=\skip94
\localshortserieswidth=\skip95
\localshorttitlewidth=\skip96
\localshortauthorwidth=\skip97
\localshorteditorwidth=\skip98
Package biblatex Info: Trying to load compatibility code...
Package biblatex Info: ... file 'blx-compat.def' found.

(C:\Users\Hayden\AppData\Roaming\MiKTeX\2.9\tex\latex\biblatex\blx-compat.def
File: blx-compat.def 2018/03/04 v3.11 biblatex compatibility (PK/MW)
)
Package biblatex Info: Trying to load generic definitions...
Package biblatex Info: ... file 'biblatex.def' found.

(C:\Users\Hayden\AppData\Roaming\MiKTeX\2.9\tex\latex\biblatex\biblatex.def
File: biblatex.def 2018/03/04 v3.11 biblatex compatibility (PK/MW)
\c@textcitecount=\count476
\c@textcitetotal=\count477
\c@textcitemaxnames=\count478
\c@biburlnumpenalty=\count479
\c@biburlucpenalty=\count480
\c@biburllcpenalty=\count481
\c@smartand=\count482
)
Package biblatex Info: Trying to load bibliography style 'authoryear'...
Package biblatex Info: ... file 'authoryear.bbx' found.

(C:\Users\Hayden\AppData\Roaming\MiKTeX\2.9\tex\latex\biblatex\bbx\authoryear.b
bx
File: authoryear.bbx 2018/03/04 v3.11 biblatex bibliography style (PK/MW)
Package biblatex Info: Trying to load bibliography style 'standard'...
Package biblatex Info: ... file 'standard.bbx' found.

(C:\Users\Hayden\AppData\Roaming\MiKTeX\2.9\tex\latex\biblatex\bbx\standard.bbx
File: standard.bbx 2018/03/04 v3.11 biblatex bibliography style (PK/MW)
\c@bbx:relatedcount=\count483
\c@bbx:relatedtotal=\count484
))
Package biblatex Info: Trying to load citation style 'authoryear'...
Package biblatex Info: ... file 'authoryear.cbx' found.

(C:\Users\Hayden\AppData\Roaming\MiKTeX\2.9\tex\latex\biblatex\cbx\authoryear.c
bx
File: authoryear.cbx 2018/03/04 v3.11 biblatex citation style (PK/MW)
Package biblatex Info: Redefining '\cite'.
Package biblatex Info: Redefining '\parencite'.
Package biblatex Info: Redefining '\footcite'.
Package biblatex Info: Redefining '\footcitetext'.
Package biblatex Info: Redefining '\smartcite'.
Package biblatex Info: Redefining '\textcite'.
Package biblatex Info: Redefining '\textcites'.
)
Package biblatex Info: Trying to load configuration file...
Package biblatex Info: ... file 'biblatex.cfg' found.
 (C:\Users\Hayden\AppData\Roaming\MiKTeX\2.9\tex\latex\biblatex\biblatex.cfg
File: biblatex.cfg 
))
Package biblatex Info: Trying to load language 'english'...
Package biblatex Info: ... file 'english.lbx' found.

(C:\Users\Hayden\AppData\Roaming\MiKTeX\2.9\tex\latex\biblatex\lbx\english.lbx
File: english.lbx 2018/03/04 v3.11 biblatex localization (PK/MW)
)
\@quotelevel=\count485
\@quotereset=\count486
(Scheiber_Comp_Presentation.aux)
\openout1 = `Scheiber_Comp_Presentation.aux'.

LaTeX Font Info:    Checking defaults for OML/cmm/m/it on input line 113.
LaTeX Font Info:    ... okay on input line 113.
LaTeX Font Info:    Checking defaults for T1/cmr/m/n on input line 113.
LaTeX Font Info:    ... okay on input line 113.
LaTeX Font Info:    Checking defaults for OT1/cmr/m/n on input line 113.
LaTeX Font Info:    ... okay on input line 113.
LaTeX Font Info:    Checking defaults for OMS/cmsy/m/n on input line 113.
LaTeX Font Info:    ... okay on input line 113.
LaTeX Font Info:    Checking defaults for OMX/cmex/m/n on input line 113.
LaTeX Font Info:    ... okay on input line 113.
LaTeX Font Info:    Checking defaults for U/cmr/m/n on input line 113.
LaTeX Font Info:    ... okay on input line 113.
LaTeX Font Info:    Checking defaults for PD1/pdf/m/n on input line 113.
LaTeX Font Info:    ... okay on input line 113.

*geometry* driver: auto-detecting
*geometry* detected driver: pdftex
*geometry* verbose mode - [ preamble ] result:
* driver: pdftex
* paper: custom
* layout: <same size as paper>
* layoutoffset:(h,v)=(0.0pt,0.0pt)
* modes: includehead includefoot 
* h-part:(L,W,R)=(28.45274pt, 307.28987pt, 28.45274pt)
* v-part:(T,H,B)=(0.0pt, 273.14662pt, 0.0pt)
* \paperwidth=364.19536pt
* \paperheight=273.14662pt
* \textwidth=307.28987pt
* \textheight=244.6939pt
* \oddsidemargin=-43.81725pt
* \evensidemargin=-43.81725pt
* \topmargin=-72.26999pt
* \headheight=14.22636pt
* \headsep=0.0pt
* \topskip=11.0pt
* \footskip=14.22636pt
* \marginparwidth=4.0pt
* \marginparsep=10.0pt
* \columnsep=10.0pt
* \skip\footins=10.0pt plus 4.0pt minus 2.0pt
* \hoffset=0.0pt
* \voffset=0.0pt
* \mag=1000
* \@twocolumnfalse
* \@twosidefalse
* \@mparswitchfalse
* \@reversemarginfalse
* (1in=72.27pt=25.4mm, 1cm=28.453pt)

(C:\Users\Hayden\AppData\Roaming\MiKTeX\2.9\tex\context\base\supp-pdf.mkii
[Loading MPS to PDF converter (version 2006.09.02).]
\scratchcounter=\count487
\scratchdimen=\dimen319
\scratchbox=\box107
\nofMPsegments=\count488
\nofMParguments=\count489
\everyMPshowfont=\toks46
\MPscratchCnt=\count490
\MPscratchDim=\dimen320
\MPnumerator=\count491
\makeMPintoPDFobject=\count492
\everyMPtoPDFconversion=\toks47
) ("C:\Program Files\MiKTeX 2.9\tex\latex\oberdiek\epstopdf-base.sty"
Package: epstopdf-base 2016/05/15 v2.6 Base part for package epstopdf

("C:\Program Files\MiKTeX 2.9\tex\latex\oberdiek\grfext.sty"
Package: grfext 2016/05/16 v1.2 Manage graphics extensions (HO)
)
Package epstopdf-base Info: Redefining graphics rule for `.eps' on input line 4
38.
Package grfext Info: Graphics extension search list:
(grfext)             [.pdf,.png,.jpg,.mps,.jpeg,.jbig2,.jb2,.PDF,.PNG,.JPG,.JPE
G,.JBIG2,.JB2,.eps]
(grfext)             \AppendGraphicsExtensions on input line 456.
)
ABD: EveryShipout initializing macros
\AtBeginShipoutBox=\box108
Package hyperref Info: Link coloring OFF on input line 113.

("C:\Program Files\MiKTeX 2.9\tex\latex\hyperref\nameref.sty"
Package: nameref 2016/05/21 v2.44 Cross-referencing by name of section

("C:\Program Files\MiKTeX 2.9\tex\generic\oberdiek\gettitlestring.sty"
Package: gettitlestring 2016/05/16 v1.5 Cleanup title references (HO)
)
\c@section@level=\count493
)
LaTeX Info: Redefining \ref on input line 113.
LaTeX Info: Redefining \pageref on input line 113.
LaTeX Info: Redefining \nameref on input line 113.

(Scheiber_Comp_Presentation.out) (Scheiber_Comp_Presentation.out)
\@outlinefile=\write7
\openout7 = `Scheiber_Comp_Presentation.out'.

LaTeX Font Info:    Overwriting symbol font `operators' in version `normal'
(Font)                  OT1/cmr/m/n --> OT1/cmss/m/n on input line 113.
LaTeX Font Info:    Overwriting symbol font `operators' in version `bold'
(Font)                  OT1/cmr/bx/n --> OT1/cmss/bx/n on input line 113.
\symnumbers=\mathgroup11
LaTeX Font Info:    Redeclaring symbol font `pureletters' on input line 113.
LaTeX Font Info:    Overwriting symbol font `pureletters' in version `normal'
(Font)                  OT1/mathkerncmss/m/sl --> OT1/cmss/m/it on input line 1
13.
LaTeX Font Info:    Overwriting symbol font `pureletters' in version `bold'
(Font)                  OT1/mathkerncmss/bx/sl --> OT1/cmss/m/it on input line 
113.
LaTeX Font Info:    Overwriting math alphabet `\mathrm' in version `normal'
(Font)                  OT1/cmss/m/n --> OT1/cmr/m/n on input line 113.
LaTeX Font Info:    Redeclaring math alphabet \mathbf on input line 113.
LaTeX Font Info:    Redeclaring math alphabet \mathsf on input line 113.
LaTeX Font Info:    Overwriting math alphabet `\mathsf' in version `normal'
(Font)                  OT1/cmss/m/n --> OT1/cmss/m/n on input line 113.
LaTeX Font Info:    Overwriting math alphabet `\mathsf' in version `bold'
(Font)                  OT1/cmss/bx/n --> OT1/cmss/m/n on input line 113.
LaTeX Font Info:    Redeclaring math alphabet \mathit on input line 113.
LaTeX Font Info:    Overwriting math alphabet `\mathit' in version `normal'
(Font)                  OT1/cmr/m/it --> OT1/cmss/m/it on input line 113.
LaTeX Font Info:    Overwriting math alphabet `\mathit' in version `bold'
(Font)                  OT1/cmr/bx/it --> OT1/cmss/m/it on input line 113.
LaTeX Font Info:    Redeclaring math alphabet \mathtt on input line 113.
LaTeX Font Info:    Overwriting math alphabet `\mathtt' in version `normal'
(Font)                  OT1/cmtt/m/n --> OT1/cmtt/m/n on input line 113.
LaTeX Font Info:    Overwriting math alphabet `\mathtt' in version `bold'
(Font)                  OT1/cmtt/m/n --> OT1/cmtt/m/n on input line 113.
LaTeX Font Info:    Overwriting symbol font `numbers' in version `bold'
(Font)                  OT1/cmss/m/n --> OT1/cmss/bx/n on input line 113.
LaTeX Font Info:    Overwriting symbol font `pureletters' in version `bold'
(Font)                  OT1/cmss/m/it --> OT1/cmss/bx/it on input line 113.
LaTeX Font Info:    Overwriting math alphabet `\mathrm' in version `bold'
(Font)                  OT1/cmss/bx/n --> OT1/cmr/bx/n on input line 113.
LaTeX Font Info:    Overwriting math alphabet `\mathbf' in version `bold'
(Font)                  OT1/cmss/bx/n --> OT1/cmss/bx/n on input line 113.
LaTeX Font Info:    Overwriting math alphabet `\mathsf' in version `bold'
(Font)                  OT1/cmss/m/n --> OT1/cmss/bx/n on input line 113.
LaTeX Font Info:    Overwriting math alphabet `\mathit' in version `bold'
(Font)                  OT1/cmss/m/it --> OT1/cmss/bx/it on input line 113.
LaTeX Font Info:    Overwriting math alphabet `\mathtt' in version `bold'
(Font)                  OT1/cmtt/m/n --> OT1/cmtt/bx/n on input line 113.
LaTeX Font Info:    Redeclaring symbol font `pureletters' on input line 113.
LaTeX Font Info:    Overwriting symbol font `pureletters' in version `normal'
(Font)                  OT1/cmss/m/it --> OT1/mathkerncmss/m/sl on input line 1
13.
LaTeX Font Info:    Overwriting symbol font `pureletters' in version `bold'
(Font)                  OT1/cmss/bx/it --> OT1/mathkerncmss/m/sl on input line 
113.
LaTeX Font Info:    Overwriting symbol font `pureletters' in version `bold'
(Font)                  OT1/mathkerncmss/m/sl --> OT1/mathkerncmss/bx/sl on inp
ut line 113.

(C:\Users\Hayden\AppData\Roaming\MiKTeX\2.9\tex\latex\translator\translator-bas
ic-dictionary-English.dict
Dictionary: translator-basic-dictionary, Language: English 
)
(C:\Users\Hayden\AppData\Roaming\MiKTeX\2.9\tex\latex\translator\translator-bib
liography-dictionary-English.dict
Dictionary: translator-bibliography-dictionary, Language: English 
)
(C:\Users\Hayden\AppData\Roaming\MiKTeX\2.9\tex\latex\translator\translator-env
ironment-dictionary-English.dict
Dictionary: translator-environment-dictionary, Language: English 
)
(C:\Users\Hayden\AppData\Roaming\MiKTeX\2.9\tex\latex\translator\translator-mon
ths-dictionary-English.dict
Dictionary: translator-months-dictionary, Language: English 
)
(C:\Users\Hayden\AppData\Roaming\MiKTeX\2.9\tex\latex\translator\translator-num
bers-dictionary-English.dict
Dictionary: translator-numbers-dictionary, Language: English 
)
(C:\Users\Hayden\AppData\Roaming\MiKTeX\2.9\tex\latex\translator\translator-the
orem-dictionary-English.dict
Dictionary: translator-theorem-dictionary, Language: English 
)
Now handling font encoding TS1 ...
... processing UTF-8 mapping file for font encoding TS1

("C:\Program Files\MiKTeX 2.9\tex\latex\base\ts1enc.dfu"
File: ts1enc.dfu 2018/04/05 v1.2c UTF-8 support for inputenc
   defining Unicode char U+00A2 (decimal 162)
   defining Unicode char U+00A3 (decimal 163)
   defining Unicode char U+00A4 (decimal 164)
   defining Unicode char U+00A5 (decimal 165)
   defining Unicode char U+00A6 (decimal 166)
   defining Unicode char U+00A7 (decimal 167)
   defining Unicode char U+00A8 (decimal 168)
   defining Unicode char U+00A9 (decimal 169)
   defining Unicode char U+00AA (decimal 170)
   defining Unicode char U+00AC (decimal 172)
   defining Unicode char U+00AE (decimal 174)
   defining Unicode char U+00AF (decimal 175)
   defining Unicode char U+00B0 (decimal 176)
   defining Unicode char U+00B1 (decimal 177)
   defining Unicode char U+00B2 (decimal 178)
   defining Unicode char U+00B3 (decimal 179)
   defining Unicode char U+00B4 (decimal 180)
   defining Unicode char U+00B5 (decimal 181)
   defining Unicode char U+00B6 (decimal 182)
   defining Unicode char U+00B7 (decimal 183)
   defining Unicode char U+00B9 (decimal 185)
   defining Unicode char U+00BA (decimal 186)
   defining Unicode char U+00BC (decimal 188)
   defining Unicode char U+00BD (decimal 189)
   defining Unicode char U+00BE (decimal 190)
   defining Unicode char U+00D7 (decimal 215)
   defining Unicode char U+00F7 (decimal 247)
   defining Unicode char U+0192 (decimal 402)
   defining Unicode char U+02C7 (decimal 711)
   defining Unicode char U+02D8 (decimal 728)
   defining Unicode char U+02DD (decimal 733)
   defining Unicode char U+0E3F (decimal 3647)
   defining Unicode char U+2016 (decimal 8214)
   defining Unicode char U+2020 (decimal 8224)
   defining Unicode char U+2021 (decimal 8225)
   defining Unicode char U+2022 (decimal 8226)
   defining Unicode char U+2030 (decimal 8240)
   defining Unicode char U+2031 (decimal 8241)
   defining Unicode char U+203B (decimal 8251)
   defining Unicode char U+203D (decimal 8253)
   defining Unicode char U+2044 (decimal 8260)
   defining Unicode char U+204E (decimal 8270)
   defining Unicode char U+2052 (decimal 8274)
   defining Unicode char U+20A1 (decimal 8353)
   defining Unicode char U+20A4 (decimal 8356)
   defining Unicode char U+20A6 (decimal 8358)
   defining Unicode char U+20A9 (decimal 8361)
   defining Unicode char U+20AB (decimal 8363)
   defining Unicode char U+20AC (decimal 8364)
   defining Unicode char U+20B1 (decimal 8369)
   defining Unicode char U+2103 (decimal 8451)
   defining Unicode char U+2116 (decimal 8470)
   defining Unicode char U+2117 (decimal 8471)
   defining Unicode char U+211E (decimal 8478)
   defining Unicode char U+2120 (decimal 8480)
   defining Unicode char U+2122 (decimal 8482)
   defining Unicode char U+2126 (decimal 8486)
   defining Unicode char U+2127 (decimal 8487)
   defining Unicode char U+212E (decimal 8494)
   defining Unicode char U+2190 (decimal 8592)
   defining Unicode char U+2191 (decimal 8593)
   defining Unicode char U+2192 (decimal 8594)
   defining Unicode char U+2193 (decimal 8595)
   defining Unicode char U+2329 (decimal 9001)
   defining Unicode char U+232A (decimal 9002)
   defining Unicode char U+2422 (decimal 9250)
   defining Unicode char U+25E6 (decimal 9702)
   defining Unicode char U+25EF (decimal 9711)
   defining Unicode char U+266A (decimal 9834)
   defining Unicode char U+FEFF (decimal 65279)
)
(C:\Users\Hayden\AppData\Roaming\MiKTeX\2.9\tex\latex\siunitx\siunitx-abbreviat
ions.cfg
File: siunitx-abbreviations.cfg 2017/11/26 v2.7k siunitx: Abbreviated units
)
Package biblatex Info: Input encoding 'utf8' detected.
Package biblatex Info: Automatic encoding selection.
(biblatex)             Assuming data encoding 'utf8'.
\openout6 = `Scheiber_Comp_Presentation.bcf'.

Package biblatex Info: Trying to load bibliographic data...
Package biblatex Info: ... file 'Scheiber_Comp_Presentation.bbl' found.
 (Scheiber_Comp_Presentation.bbl)
Package biblatex Info: Reference section=0 on input line 113.
Package biblatex Info: Reference segment=0 on input line 113.
 (Scheiber_Comp_Presentation.nav)
LaTeX Font Info:    Try loading font information for U+msa on input line 113.

("C:\Program Files\MiKTeX 2.9\tex\latex\amsfonts\umsa.fd"
File: umsa.fd 2013/01/14 v3.01 AMS symbols A
)
LaTeX Font Info:    Try loading font information for U+msb on input line 113.

("C:\Program Files\MiKTeX 2.9\tex\latex\amsfonts\umsb.fd"
File: umsb.fd 2013/01/14 v3.01 AMS symbols B
)
LaTeX Font Info:    Try loading font information for OT1+mathkerncmss on input 
line 113.

(C:\Users\Hayden\AppData\Roaming\MiKTeX\2.9\tex\latex\sansmathaccent\ot1mathker
ncmss.fd
File: ot1mathkerncmss.fd 2013/03/27 Fontinst v1.933 font definitions for OT1/ma
thkerncmss.
)
<figures/UBC_mark.png, id=83, 922.647pt x 117.5592pt>
File: figures/UBC_mark.png Graphic file (type png)
<use figures/UBC_mark.png>
Package pdftex.def Info: figures/UBC_mark.png  used on input line 119.
(pdftex.def)             Requested size: 307.28987pt x 39.15341pt.

Overfull \hbox (16.0pt too wide) in paragraph at lines 119--119
 []  
 []

<figures/Nucleation_Overview.png, id=86, 808.4604pt x 266.4354pt>
File: figures/Nucleation_Overview.png Graphic file (type png)
<use figures/Nucleation_Overview.png>
Package pdftex.def Info: figures/Nucleation_Overview.png  used on input line 11
9.
(pdftex.def)             Requested size: 138.2795pt x 45.56985pt.

Overfull \vbox (18.23145pt too high) detected at line 119
 []

[1{C:/Users/Hayden/AppData/Local/MiKTeX/2.9/pdftex/config/pdftex.map}

 <./figures/UBC_mark.png> <./figures/Nucleation_Overview.png>]
(Scheiber_Comp_Presentation.toc) [2

]
<figures/MD_Example.jpg, id=148, 122.1363pt x 72.9927pt>
File: figures/MD_Example.jpg Graphic file (type jpg)
<use figures/MD_Example.jpg>
Package pdftex.def Info: figures/MD_Example.jpg  used on input line 152.
(pdftex.def)             Requested size: 129.06117pt x 132.85803pt.
LaTeX Font Info:    Try loading font information for TS1+cmss on input line 152
.

("C:\Program Files\MiKTeX 2.9\tex\latex\base\ts1cmss.fd"
File: ts1cmss.fd 2014/09/29 v2.5h Standard LaTeX font definitions
) [3

 <./figures/MD_Example.jpg>]
File: figures/MD_Example.jpg Graphic file (type jpg)
<use figures/MD_Example.jpg>
Package pdftex.def Info: figures/MD_Example.jpg  used on input line 152.
(pdftex.def)             Requested size: 129.06117pt x 132.85803pt.
 [4

]
File: figures/MD_Example.jpg Graphic file (type jpg)
<use figures/MD_Example.jpg>
Package pdftex.def Info: figures/MD_Example.jpg  used on input line 152.
(pdftex.def)             Requested size: 129.06117pt x 132.85803pt.
 [5

] [6

] [7

]
<figures/CNT.png, id=225, 3011.25pt x 1509.64pt>
File: figures/CNT.png Graphic file (type png)
<use figures/CNT.png>
Package pdftex.def Info: figures/CNT.png  used on input line 186.
(pdftex.def)             Requested size: 261.19826pt x 130.93219pt.

Overfull \vbox (6.42522pt too high) detected at line 186
 []

[8

 <./figures/CNT.png>]
File: figures/CNT.png Graphic file (type png)
<use figures/CNT.png>
Package pdftex.def Info: figures/CNT.png  used on input line 186.
(pdftex.def)             Requested size: 261.19826pt x 130.93219pt.

Overfull \vbox (6.42522pt too high) detected at line 186
 []

[9

]
<figures/Nucleation.png, id=255, 737.154pt x 263.5446pt>
File: figures/Nucleation.png Graphic file (type png)
<use figures/Nucleation.png>
Package pdftex.def Info: figures/Nucleation.png  used on input line 204.
(pdftex.def)             Requested size: 245.83282pt x 87.88684pt.
 [10

 <./figures/Nucleation.png>] [11

] [12

] [13

] [14

]
<figures/Nucleated_Clusters.png, id=319, 592.46344pt x 276.28218pt>
File: figures/Nucleated_Clusters.png Graphic file (type png)
<use figures/Nucleated_Clusters.png>
Package pdftex.def Info: figures/Nucleated_Clusters.png  used on input line 240
.
(pdftex.def)             Requested size: 199.73653pt x 93.14214pt.
 [15

 <./figures/Nucleated_Clusters.png>]
Overfull \hbox (0.86241pt too wide) detected at line 271
[]
 []


Overfull \hbox (0.8677pt too wide) detected at line 271
[]
 []

[16

]
Overfull \hbox (0.86241pt too wide) detected at line 271
[]
 []


Overfull \hbox (0.8677pt too wide) detected at line 271
[]
 []

[17

] [18

] [19

] [20

] [21

] [22

]
Package epstopdf Info: Source file: <C:/Users/Hayden/Documents/Patey_Lab/ThesisCodeBase/Ma
nuscript_1.0/figures/Basis_Set_Dependence.eps>
(epstopdf)                    date: 2019-04-20 15:10:15
(epstopdf)                    size: 119050 bytes
(epstopdf)             Output file: <C:/Users/Hayden/Documents/Patey_Lab/ThesisCodeBase/Ma
nuscript_1.0/figures/Basis_Set_Dependence-eps-converted-to.pdf>
(epstopdf)                    date: 2019-04-20 19:32:47
(epstopdf)                    size: 55339 bytes
(epstopdf)             Command: <epstopdf --outfile=C:/Users/Hayden/Documents/P
atey_Lab/ThesisCodeBase/Manuscript_1.0/figures/Basis_Set_Dependence-eps-converted-to.pdf C
:/Users/Hayden/Documents/Patey_Lab/ThesisCodeBase/Manuscript_1.0/figures/Basis_Set_Depende
nce.eps>
(epstopdf)             \includegraphics on input line 320.
Package epstopdf Info: Output file is already uptodate.


pdfTeX warning: pdflatex.exe (file C:/Users/Hayden/Documents/Patey_Lab/ThesisCodeBase/Manu
script_1.0/figures/Basis_Set_Dependence-eps-converted-to.pdf): PDF inclusion: f
ound PDF version <1.7>, but at most version <1.5> allowed
<C:/Users/Hayden/Documents/Patey_Lab/ThesisCodeBase/Manuscript_1.0/figures/Basis_Set_Depen
dence-eps-converted-to.pdf, id=426, 1443.3925pt x 719.68875pt>
File: C:/Users/Hayden/Documents/Patey_Lab/ThesisCodeBase/Manuscript_1.0/figures/Basis_Set_
Dependence-eps-converted-to.pdf Graphic file (type pdf)
<use C:/Users/Hayden/Documents/Patey_Lab/ThesisCodeBase/Manuscript_1.0/figures/Basis_Set_D
ependence-eps-converted-to.pdf>
Package pdftex.def Info: C:/Users/Hayden/Documents/Patey_Lab/ThesisCodeBase/Manuscript_1.0
/figures/Basis_Set_Dependence-eps-converted-to.pdf  used on input line 320.
(pdftex.def)             Requested size: 307.28987pt x 153.2146pt.
[23

 <C:/Users/Hayden/Documents/Patey_Lab/ThesisCodeBase/Manuscript_1.0/figures/Basis_Set_Depe
ndence-eps-converted-to.pdf>]
Package epstopdf Info: Source file: <C:/Users/Hayden/Documents/Patey_Lab/ThesisCodeBase/Ma
nuscript_1.0/figures/XC_Dependence_DeltaE_NoD3.eps>
(epstopdf)                    date: 2019-04-20 15:11:54
(epstopdf)                    size: 112813 bytes
(epstopdf)             Output file: <C:/Users/Hayden/Documents/Patey_Lab/ThesisCodeBase/Ma
nuscript_1.0/figures/XC_Dependence_DeltaE_NoD3-eps-converted-to.pdf>
(epstopdf)                    date: 2019-04-20 19:32:47
(epstopdf)                    size: 50419 bytes
(epstopdf)             Command: <epstopdf --outfile=C:/Users/Hayden/Documents/P
atey_Lab/ThesisCodeBase/Manuscript_1.0/figures/XC_Dependence_DeltaE_NoD3-eps-converted-to.
pdf C:/Users/Hayden/Documents/Patey_Lab/ThesisCodeBase/Manuscript_1.0/figures/XC_Dependenc
e_DeltaE_NoD3.eps>
(epstopdf)             \includegraphics on input line 331.
Package epstopdf Info: Output file is already uptodate.


pdfTeX warning: pdflatex.exe (file C:/Users/Hayden/Documents/Patey_Lab/ThesisCodeBase/Manu
script_1.0/figures/XC_Dependence_DeltaE_NoD3-eps-converted-to.pdf): PDF inclusi
on: found PDF version <1.7>, but at most version <1.5> allowed
<C:/Users/Hayden/Documents/Patey_Lab/ThesisCodeBase/Manuscript_1.0/figures/XC_Dependence_D
eltaE_NoD3-eps-converted-to.pdf, id=443, 1443.3925pt x 719.68875pt>
File: C:/Users/Hayden/Documents/Patey_Lab/ThesisCodeBase/Manuscript_1.0/figures/XC_Depende
nce_DeltaE_NoD3-eps-converted-to.pdf Graphic file (type pdf)
<use C:/Users/Hayden/Documents/Patey_Lab/ThesisCodeBase/Manuscript_1.0/figures/XC_Dependen
ce_DeltaE_NoD3-eps-converted-to.pdf>
Package pdftex.def Info: C:/Users/Hayden/Documents/Patey_Lab/ThesisCodeBase/Manuscript_1.0
/figures/XC_Dependence_DeltaE_NoD3-eps-converted-to.pdf  used on input line 331
.
(pdftex.def)             Requested size: 307.28987pt x 153.2146pt.
[24

 <C:/Users/Hayden/Documents/Patey_Lab/ThesisCodeBase/Manuscript_1.0/figures/XC_Dependence_
DeltaE_NoD3-eps-converted-to.pdf>]
Package epstopdf Info: Source file: <C:/Users/Hayden/Documents/Patey_Lab/ThesisCodeBase/Ma
nuscript_1.0/figures/XC_Dependence_DeltaEExp.eps>
(epstopdf)                    date: 2019-04-20 15:12:36
(epstopdf)                    size: 93726 bytes
(epstopdf)             Output file: <C:/Users/Hayden/Documents/Patey_Lab/ThesisCodeBase/Ma
nuscript_1.0/figures/XC_Dependence_DeltaEExp-eps-converted-to.pdf>
(epstopdf)                    date: 2019-04-20 19:32:49
(epstopdf)                    size: 41262 bytes
(epstopdf)             Command: <epstopdf --outfile=C:/Users/Hayden/Documents/P
atey_Lab/ThesisCodeBase/Manuscript_1.0/figures/XC_Dependence_DeltaEExp-eps-converted-to.pd
f C:/Users/Hayden/Documents/Patey_Lab/ThesisCodeBase/Manuscript_1.0/figures/XC_Dependence_
DeltaEExp.eps>
(epstopdf)             \includegraphics on input line 340.
Package epstopdf Info: Output file is already uptodate.


pdfTeX warning: pdflatex.exe (file C:/Users/Hayden/Documents/Patey_Lab/ThesisCodeBase/Manu
script_1.0/figures/XC_Dependence_DeltaEExp-eps-converted-to.pdf): PDF inclusion
: found PDF version <1.7>, but at most version <1.5> allowed
<C:/Users/Hayden/Documents/Patey_Lab/ThesisCodeBase/Manuscript_1.0/figures/XC_Dependence_D
eltaEExp-eps-converted-to.pdf, id=460, 1442.38875pt x 713.66624pt>
File: C:/Users/Hayden/Documents/Patey_Lab/ThesisCodeBase/Manuscript_1.0/figures/XC_Depende
nce_DeltaEExp-eps-converted-to.pdf Graphic file (type pdf)
<use C:/Users/Hayden/Documents/Patey_Lab/ThesisCodeBase/Manuscript_1.0/figures/XC_Dependen
ce_DeltaEExp-eps-converted-to.pdf>
Package pdftex.def Info: C:/Users/Hayden/Documents/Patey_Lab/ThesisCodeBase/Manuscript_1.0
/figures/XC_Dependence_DeltaEExp-eps-converted-to.pdf  used on input line 340.
(pdftex.def)             Requested size: 307.28987pt x 152.04137pt.
[25

 <C:/Users/Hayden/Documents/Patey_Lab/ThesisCodeBase/Manuscript_1.0/figures/XC_Dependence_
DeltaEExp-eps-converted-to.pdf>]
Package epstopdf Info: Source file: <C:/Users/Hayden/Documents/Patey_Lab/ThesisCodeBase/Ma
nuscript_1.0/figures/XC_Dependence_DeltaAExp.eps>
(epstopdf)                    date: 2019-04-20 15:10:57
(epstopdf)                    size: 85816 bytes
(epstopdf)             Output file: <C:/Users/Hayden/Documents/Patey_Lab/ThesisCodeBase/Ma
nuscript_1.0/figures/XC_Dependence_DeltaAExp-eps-converted-to.pdf>
(epstopdf)                    date: 2019-04-20 19:32:50
(epstopdf)                    size: 37966 bytes
(epstopdf)             Command: <epstopdf --outfile=C:/Users/Hayden/Documents/P
atey_Lab/ThesisCodeBase/Manuscript_1.0/figures/XC_Dependence_DeltaAExp-eps-converted-to.pd
f C:/Users/Hayden/Documents/Patey_Lab/ThesisCodeBase/Manuscript_1.0/figures/XC_Dependence_
DeltaAExp.eps>
(epstopdf)             \includegraphics on input line 340.
Package epstopdf Info: Output file is already uptodate.


pdfTeX warning: pdflatex.exe (file C:/Users/Hayden/Documents/Patey_Lab/ThesisCodeBase/Manu
script_1.0/figures/XC_Dependence_DeltaAExp-eps-converted-to.pdf): PDF inclusion
: found PDF version <1.7>, but at most version <1.5> allowed
<C:/Users/Hayden/Documents/Patey_Lab/ThesisCodeBase/Manuscript_1.0/figures/XC_Dependence_D
eltaAExp-eps-converted-to.pdf, id=478, 1442.38875pt x 705.63625pt>
File: C:/Users/Hayden/Documents/Patey_Lab/ThesisCodeBase/Manuscript_1.0/figures/XC_Depende
nce_DeltaAExp-eps-converted-to.pdf Graphic file (type pdf)
<use C:/Users/Hayden/Documents/Patey_Lab/ThesisCodeBase/Manuscript_1.0/figures/XC_Dependen
ce_DeltaAExp-eps-converted-to.pdf>
Package pdftex.def Info: C:/Users/Hayden/Documents/Patey_Lab/ThesisCodeBase/Manuscript_1.0
/figures/XC_Dependence_DeltaAExp-eps-converted-to.pdf  used on input line 340.
(pdftex.def)             Requested size: 307.28987pt x 150.33064pt.
[26

 <C:/Users/Hayden/Documents/Patey_Lab/ThesisCodeBase/Manuscript_1.0/figures/XC_Dependence_
DeltaAExp-eps-converted-to.pdf>]
Package epstopdf Info: Source file: <C:/Users/Hayden/Documents/Patey_Lab/ThesisCodeBase/Ma
nuscript_1.0/figures/a_vs_E.eps>
(epstopdf)                    date: 2019-04-20 17:08:54
(epstopdf)                    size: 2318596 bytes
(epstopdf)             Output file: <C:/Users/Hayden/Documents/Patey_Lab/ThesisCodeBase/Ma
nuscript_1.0/figures/a_vs_E-eps-converted-to.pdf>
(epstopdf)                    date: 2019-04-20 19:32:53
(epstopdf)                    size: 691561 bytes
(epstopdf)             Command: <epstopdf --outfile=C:/Users/Hayden/Documents/P
atey_Lab/ThesisCodeBase/Manuscript_1.0/figures/a_vs_E-eps-converted-to.pdf C:/Users/Hayden
/Documents/Patey_Lab/ThesisCodeBase/Manuscript_1.0/figures/a_vs_E.eps>
(epstopdf)             \includegraphics on input line 348.
Package epstopdf Info: Output file is already uptodate.


pdfTeX warning: pdflatex.exe (file C:/Users/Hayden/Documents/Patey_Lab/ThesisCodeBase/Manu
script_1.0/figures/a_vs_E-eps-converted-to.pdf): PDF inclusion: found PDF versi
on <1.7>, but at most version <1.5> allowed
<C:/Users/Hayden/Documents/Patey_Lab/ThesisCodeBase/Manuscript_1.0/figures/a_vs_E-eps-conv
erted-to.pdf, id=495, 1436.36626pt x 722.7pt>
File: C:/Users/Hayden/Documents/Patey_Lab/ThesisCodeBase/Manuscript_1.0/figures/a_vs_E-eps
-converted-to.pdf Graphic file (type pdf)
<use C:/Users/Hayden/Documents/Patey_Lab/ThesisCodeBase/Manuscript_1.0/figures/a_vs_E-eps-
converted-to.pdf>
Package pdftex.def Info: C:/Users/Hayden/Documents/Patey_Lab/ThesisCodeBase/Manuscript_1.0
/figures/a_vs_E-eps-converted-to.pdf  used on input line 348.
(pdftex.def)             Requested size: 307.28987pt x 154.60555pt.
[27

 <C:/Users/Hayden/Documents/Patey_Lab/ThesisCodeBase/Manuscript_1.0/figures/a_vs_E-eps-con
verted-to.pdf>]
Package epstopdf Info: Source file: <C:/Users/Hayden/Documents/Patey_Lab/ThesisCodeBase/Ma
nuscript_1.0/figures/a_vs_Dispersion_Bar.eps>
(epstopdf)                    date: 2019-04-14 13:26:12
(epstopdf)                    size: 114667 bytes
(epstopdf)             Output file: <C:/Users/Hayden/Documents/Patey_Lab/ThesisCodeBase/Ma
nuscript_1.0/figures/a_vs_Dispersion_Bar-eps-converted-to.pdf>
(epstopdf)                    date: 2019-04-20 23:16:05
(epstopdf)                    size: 62181 bytes
(epstopdf)             Command: <epstopdf --outfile=C:/Users/Hayden/Documents/P
atey_Lab/ThesisCodeBase/Manuscript_1.0/figures/a_vs_Dispersion_Bar-eps-converted-to.pdf C:
/Users/Hayden/Documents/Patey_Lab/ThesisCodeBase/Manuscript_1.0/figures/a_vs_Dispersion_Ba
r.eps>
(epstopdf)             \includegraphics on input line 358.
Package epstopdf Info: Output file is already uptodate.


pdfTeX warning: pdflatex.exe (file C:/Users/Hayden/Documents/Patey_Lab/ThesisCodeBase/Manu
script_1.0/figures/a_vs_Dispersion_Bar-eps-converted-to.pdf): PDF inclusion: fo
und PDF version <1.7>, but at most version <1.5> allowed
<C:/Users/Hayden/Documents/Patey_Lab/ThesisCodeBase/Manuscript_1.0/figures/a_vs_Dispersion
_Bar-eps-converted-to.pdf, id=511, 1440.38126pt x 722.7pt>
File: C:/Users/Hayden/Documents/Patey_Lab/ThesisCodeBase/Manuscript_1.0/figures/a_vs_Dispe
rsion_Bar-eps-converted-to.pdf Graphic file (type pdf)
<use C:/Users/Hayden/Documents/Patey_Lab/ThesisCodeBase/Manuscript_1.0/figures/a_vs_Disper
sion_Bar-eps-converted-to.pdf>
Package pdftex.def Info: C:/Users/Hayden/Documents/Patey_Lab/ThesisCodeBase/Manuscript_1.0
/figures/a_vs_Dispersion_Bar-eps-converted-to.pdf  used on input line 358.
(pdftex.def)             Requested size: 307.28987pt x 154.17546pt.
[28

 <C:/Users/Hayden/Documents/Patey_Lab/ThesisCodeBase/Manuscript_1.0/figures/a_vs_Dispersio
n_Bar-eps-converted-to.pdf>] [29

]
Package epstopdf Info: Source file: <C:/Users/Hayden/Documents/Patey_Lab/ThesisCodeBase/Ma
nuscript_1.0/figures/EmpDisp_Dependence_DeltaE.eps>
(epstopdf)                    date: 2019-04-09 17:35:52
(epstopdf)                    size: 231088 bytes
(epstopdf)             Output file: <C:/Users/Hayden/Documents/Patey_Lab/ThesisCodeBase/Ma
nuscript_1.0/figures/EmpDisp_Dependence_DeltaE-eps-converted-to.pdf>
(epstopdf)                    date: 2019-04-20 19:32:54
(epstopdf)                    size: 70342 bytes
(epstopdf)             Command: <epstopdf --outfile=C:/Users/Hayden/Documents/P
atey_Lab/ThesisCodeBase/Manuscript_1.0/figures/EmpDisp_Dependence_DeltaE-eps-converted-to.
pdf C:/Users/Hayden/Documents/Patey_Lab/ThesisCodeBase/Manuscript_1.0/figures/EmpDisp_Depe
ndence_DeltaE.eps>
(epstopdf)             \includegraphics on input line 372.
Package epstopdf Info: Output file is already uptodate.


pdfTeX warning: pdflatex.exe (file C:/Users/Hayden/Documents/Patey_Lab/ThesisCodeBase/Manu
script_1.0/figures/EmpDisp_Dependence_DeltaE-eps-converted-to.pdf): PDF inclusi
on: found PDF version <1.7>, but at most version <1.5> allowed
<C:/Users/Hayden/Documents/Patey_Lab/ThesisCodeBase/Manuscript_1.0/figures/EmpDisp_Depende
nce_DeltaE-eps-converted-to.pdf, id=539, 1416.29124pt x 689.57625pt>
File: C:/Users/Hayden/Documents/Patey_Lab/ThesisCodeBase/Manuscript_1.0/figures/EmpDisp_De
pendence_DeltaE-eps-converted-to.pdf Graphic file (type pdf)
<use C:/Users/Hayden/Documents/Patey_Lab/ThesisCodeBase/Manuscript_1.0/figures/EmpDisp_Dep
endence_DeltaE-eps-converted-to.pdf>
Package pdftex.def Info: C:/Users/Hayden/Documents/Patey_Lab/ThesisCodeBase/Manuscript_1.0
/figures/EmpDisp_Dependence_DeltaE-eps-converted-to.pdf  used on input line 372
.
(pdftex.def)             Requested size: 307.28987pt x 149.61334pt.
[30

 <C:/Users/Hayden/Documents/Patey_Lab/ThesisCodeBase/Manuscript_1.0/figures/EmpDisp_Depend
ence_DeltaE-eps-converted-to.pdf>] [31

] [32

]
<figures/ComputeCanada_logo.png, id=578, 602.25pt x 402.75468pt>
File: figures/ComputeCanada_logo.png Graphic file (type png)
<use figures/ComputeCanada_logo.png>
Package pdftex.def Info: figures/ComputeCanada_logo.png  used on input line 418
.
(pdftex.def)             Requested size: 153.64493pt x 102.74716pt.
<figures/NSERC.png, id=580, 1204.5pt x 515.9275pt>
File: figures/NSERC.png Graphic file (type png)
<use figures/NSERC.png>
Package pdftex.def Info: figures/NSERC.png  used on input line 418.
(pdftex.def)             Requested size: 153.64493pt x 65.80547pt.
Package epstopdf Info: Source file: <figures/UBC_Chemlogo.eps>
(epstopdf)                    date: 2017-01-17 18:10:58
(epstopdf)                    size: 652150 bytes
(epstopdf)             Output file: <figures/UBC_Chemlogo-eps-converted-to.pdf>

(epstopdf)                    date: 2019-01-25 16:37:39
(epstopdf)                    size: 17857 bytes
(epstopdf)             Command: <epstopdf --outfile=figures/UBC_Chemlogo-eps-co
nverted-to.pdf figures/UBC_Chemlogo.eps>
(epstopdf)             \includegraphics on input line 418.
Package epstopdf Info: Output file is already uptodate.


pdfTeX warning: pdflatex.exe (file ./figures/UBC_Chemlogo-eps-converted-to.pdf)
: PDF inclusion: found PDF version <1.7>, but at most version <1.5> allowed
<figures/UBC_Chemlogo-eps-converted-to.pdf, id=582, 568.1225pt x 132.495pt>
File: figures/UBC_Chemlogo-eps-converted-to.pdf Graphic file (type pdf)
<use figures/UBC_Chemlogo-eps-converted-to.pdf>
Package pdftex.def Info: figures/UBC_Chemlogo-eps-converted-to.pdf  used on inp
ut line 418.
(pdftex.def)             Requested size: 215.10196pt x 50.16463pt.

Overfull \vbox (0.6359pt too high) detected at line 418
 []

[33

 <./figures/ComputeCanada_logo.png> <./figures/NSERC.png> <./figures/UBC_Chemlo
go-eps-converted-to.pdf>]
\c@finalframe=\count494
Package epstopdf Info: Source file: <C:/Users/Hayden/Documents/Patey_Lab/ThesisCodeBase/Ma
nuscript_1.0/figures/Pair_Potentials.eps>
(epstopdf)                    date: 2019-03-29 11:14:59
(epstopdf)                    size: 281560 bytes
(epstopdf)             Output file: <C:/Users/Hayden/Documents/Patey_Lab/ThesisCodeBase/Ma
nuscript_1.0/figures/Pair_Potentials-eps-converted-to.pdf>
(epstopdf)                    date: 2019-04-20 23:16:04
(epstopdf)                    size: 107227 bytes
(epstopdf)             Command: <epstopdf --outfile=C:/Users/Hayden/Documents/P
atey_Lab/ThesisCodeBase/Manuscript_1.0/figures/Pair_Potentials-eps-converted-to.pdf C:/Use
rs/Hayden/Documents/Patey_Lab/ThesisCodeBase/Manuscript_1.0/figures/Pair_Potentials.eps>
(epstopdf)             \includegraphics on input line 433.
Package epstopdf Info: Output file is already uptodate.


pdfTeX warning: pdflatex.exe (file C:/Users/Hayden/Documents/Patey_Lab/ThesisCodeBase/Manu
script_1.0/figures/Pair_Potentials-eps-converted-to.pdf): PDF inclusion: found 
PDF version <1.7>, but at most version <1.5> allowed
<C:/Users/Hayden/Documents/Patey_Lab/ThesisCodeBase/Manuscript_1.0/figures/Pair_Potentials
-eps-converted-to.pdf, id=602, 1436.36626pt x 722.7pt>
File: C:/Users/Hayden/Documents/Patey_Lab/ThesisCodeBase/Manuscript_1.0/figures/Pair_Poten
tials-eps-converted-to.pdf Graphic file (type pdf)
<use C:/Users/Hayden/Documents/Patey_Lab/ThesisCodeBase/Manuscript_1.0/figures/Pair_Potent
ials-eps-converted-to.pdf>
Package pdftex.def Info: C:/Users/Hayden/Documents/Patey_Lab/ThesisCodeBase/Manuscript_1.0
/figures/Pair_Potentials-eps-converted-to.pdf  used on input line 433.
(pdftex.def)             Requested size: 307.28987pt x 154.60555pt.
[34

 <C:/Users/Hayden/Documents/Patey_Lab/ThesisCodeBase/Manuscript_1.0/figures/Pair_Potential
s-eps-converted-to.pdf>]
Overfull \hbox (1.80367pt too wide) in paragraph at lines 464--464
 [] 
 []

[35

]
Overfull \hbox (0.57343pt too wide) detected at line 489
[]
 []

[36

]
Overfull \hbox (1.39275pt too wide) detected at line 504
[]
 []

[37

]
Overfull \hbox (1.39275pt too wide) detected at line 520
[]
 []

[38

] [39

] [40

] [41

] [42

] [43

] [44

]
LaTeX Font Info:    Try loading font information for OMS+cmss on input line 692
.
LaTeX Font Info:    No file OMScmss.fd. on input line 692.


LaTeX Font Warning: Font shape `OMS/cmss/m/n' undefined
(Font)              using `OMS/cmsy/m/n' instead
(Font)              for symbol `textbraceleft' on input line 692.

[45

] [46

] [47

] [48

]
Package epstopdf Info: Source file: <figures/Error_Functions.eps>
(epstopdf)                    date: 2019-04-22 14:00:02
(epstopdf)                    size: 216155 bytes
(epstopdf)             Output file: <figures/Error_Functions-eps-converted-to.p
df>
(epstopdf)                    date: 2019-04-22 14:01:30
(epstopdf)                    size: 85153 bytes
(epstopdf)             Command: <epstopdf --outfile=figures/Error_Functions-eps
-converted-to.pdf figures/Error_Functions.eps>
(epstopdf)             \includegraphics on input line 734.
Package epstopdf Info: Output file is already uptodate.


pdfTeX warning: pdflatex.exe (file ./figures/Error_Functions-eps-converted-to.p
df): PDF inclusion: found PDF version <1.7>, but at most version <1.5> allowed
<figures/Error_Functions-eps-converted-to.pdf, id=694, 1445.4pt x 724.7075pt>
File: figures/Error_Functions-eps-converted-to.pdf Graphic file (type pdf)
<use figures/Error_Functions-eps-converted-to.pdf>
Package pdftex.def Info: figures/Error_Functions-eps-converted-to.pdf  used on 
input line 734.
(pdftex.def)             Requested size: 307.28987pt x 154.07294pt.
[49

 <./figures/Error_Functions-eps-converted-to.pdf>]
Package epstopdf Info: Source file: <figures/Screened_Charges.eps>
(epstopdf)                    date: 2019-04-22 13:44:19
(epstopdf)                    size: 214855 bytes
(epstopdf)             Output file: <figures/Screened_Charges-eps-converted-to.
pdf>
(epstopdf)                    date: 2019-04-22 14:01:31
(epstopdf)                    size: 79098 bytes
(epstopdf)             Command: <epstopdf --outfile=figures/Screened_Charges-ep
s-converted-to.pdf figures/Screened_Charges.eps>
(epstopdf)             \includegraphics on input line 744.
Package epstopdf Info: Output file is already uptodate.


pdfTeX warning: pdflatex.exe (file ./figures/Screened_Charges-eps-converted-to.
pdf): PDF inclusion: found PDF version <1.7>, but at most version <1.5> allowed

<figures/Screened_Charges-eps-converted-to.pdf, id=705, 1445.4pt x 724.7075pt>
File: figures/Screened_Charges-eps-converted-to.pdf Graphic file (type pdf)
<use figures/Screened_Charges-eps-converted-to.pdf>
Package pdftex.def Info: figures/Screened_Charges-eps-converted-to.pdf  used on
 input line 744.
(pdftex.def)             Requested size: 245.83282pt x 123.25394pt.
[50

 <./figures/Screened_Charges-eps-converted-to.pdf>] [51

] [52

]
<figures/Born_Haber.png, id=725, 618.1494pt x 525.162pt>
File: figures/Born_Haber.png Graphic file (type png)
<use figures/Born_Haber.png>
Package pdftex.def Info: figures/Born_Haber.png  used on input line 788.
(pdftex.def)             Requested size: 215.10196pt x 182.74368pt.

Overfull \hbox (11.1968pt too wide) detected at line 788
[]
 []

[53

 <./figures/Born_Haber.png>]
<figures/Lattice_Energy.png, id=734, 944.8098pt x 568.0422pt>
File: figures/Lattice_Energy.png Graphic file (type png)
<use figures/Lattice_Energy.png>
Package pdftex.def Info: figures/Lattice_Energy.png  used on input line 795.
(pdftex.def)             Requested size: 307.28987pt x 184.75021pt.
 [54

 <./figures/Lattice_Energy.png>]
Overfull \hbox (20.86963pt too wide) detected at line 813
[]
 []

[55

] [56

] [57

] [58

]
<figures/Slater_vs_Gaussian.PNG, id=764, 663.22781pt x 512.66531pt>
File: figures/Slater_vs_Gaussian.PNG Graphic file (type png)
<use figures/Slater_vs_Gaussian.PNG>
Package pdftex.def Info: figures/Slater_vs_Gaussian.PNG  used on input line 863
.
(pdftex.def)             Requested size: 245.83282pt x 190.01956pt.
 [59

 <./figures/Slater_vs_Gaussian.PNG>] [60

] [61

] [62

]
[63

] [64

] [65

] [66

]
Package epstopdf Info: Source file: <C:/Users/Hayden/Documents/Patey_Lab/ThesisCodeBase/Ma
nuscript_1.0/figures/BSSE_PBE.eps>
(epstopdf)                    date: 2019-04-08 13:05:37
(epstopdf)                    size: 176070 bytes
(epstopdf)             Output file: <C:/Users/Hayden/Documents/Patey_Lab/ThesisCodeBase/Ma
nuscript_1.0/figures/BSSE_PBE-eps-converted-to.pdf>
(epstopdf)                    date: 2019-04-20 23:16:08
(epstopdf)                    size: 69458 bytes
(epstopdf)             Command: <epstopdf --outfile=C:/Users/Hayden/Documents/P
atey_Lab/ThesisCodeBase/Manuscript_1.0/figures/BSSE_PBE-eps-converted-to.pdf C:/Users/Hayd
en/Documents/Patey_Lab/ThesisCodeBase/Manuscript_1.0/figures/BSSE_PBE.eps>
(epstopdf)             \includegraphics on input line 987.
Package epstopdf Info: Output file is already uptodate.


pdfTeX warning: pdflatex.exe (file C:/Users/Hayden/Documents/Patey_Lab/ThesisCodeBase/Manu
script_1.0/figures/BSSE_PBE-eps-converted-to.pdf): PDF inclusion: found PDF ver
sion <1.7>, but at most version <1.5> allowed
<C:/Users/Hayden/Documents/Patey_Lab/ThesisCodeBase/Manuscript_1.0/figures/BSSE_PBE-eps-co
nverted-to.pdf, id=809, 1431.3475pt x 720.6925pt>
File: C:/Users/Hayden/Documents/Patey_Lab/ThesisCodeBase/Manuscript_1.0/figures/BSSE_PBE-e
ps-converted-to.pdf Graphic file (type pdf)
<use C:/Users/Hayden/Documents/Patey_Lab/ThesisCodeBase/Manuscript_1.0/figures/BSSE_PBE-ep
s-converted-to.pdf>
Package pdftex.def Info: C:/Users/Hayden/Documents/Patey_Lab/ThesisCodeBase/Manuscript_1.0
/figures/BSSE_PBE-eps-converted-to.pdf  used on input line 987.
(pdftex.def)             Requested size: 307.28987pt x 154.71494pt.
[67

 <C:/Users/Hayden/Documents/Patey_Lab/ThesisCodeBase/Manuscript_1.0/figures/BSSE_PBE-eps-c
onverted-to.pdf>]
Package epstopdf Info: Source file: <C:/Users/Hayden/Documents/Patey_Lab/ThesisCodeBase/Ma
nuscript_1.0/figures/a_vs_P.eps>
(epstopdf)                    date: 2019-03-06 15:25:18
(epstopdf)                    size: 3547023 bytes
(epstopdf)             Output file: <C:/Users/Hayden/Documents/Patey_Lab/ThesisCodeBase/Ma
nuscript_1.0/figures/a_vs_P-eps-converted-to.pdf>
(epstopdf)                    date: 2019-04-20 23:16:13
(epstopdf)                    size: 1081470 bytes
(epstopdf)             Command: <epstopdf --outfile=C:/Users/Hayden/Documents/P
atey_Lab/ThesisCodeBase/Manuscript_1.0/figures/a_vs_P-eps-converted-to.pdf C:/Users/Hayden
/Documents/Patey_Lab/ThesisCodeBase/Manuscript_1.0/figures/a_vs_P.eps>
(epstopdf)             \includegraphics on input line 994.
Package epstopdf Info: Output file is already uptodate.


pdfTeX warning: pdflatex.exe (file C:/Users/Hayden/Documents/Patey_Lab/ThesisCodeBase/Manu
script_1.0/figures/a_vs_P-eps-converted-to.pdf): PDF inclusion: found PDF versi
on <1.7>, but at most version <1.5> allowed
<C:/Users/Hayden/Documents/Patey_Lab/ThesisCodeBase/Manuscript_1.0/figures/a_vs_P-eps-conv
erted-to.pdf, id=820, 1432.35126pt x 722.7pt>
File: C:/Users/Hayden/Documents/Patey_Lab/ThesisCodeBase/Manuscript_1.0/figures/a_vs_P-eps
-converted-to.pdf Graphic file (type pdf)
<use C:/Users/Hayden/Documents/Patey_Lab/ThesisCodeBase/Manuscript_1.0/figures/a_vs_P-eps-
converted-to.pdf>
Package pdftex.def Info: C:/Users/Hayden/Documents/Patey_Lab/ThesisCodeBase/Manuscript_1.0
/figures/a_vs_P-eps-converted-to.pdf  used on input line 994.
(pdftex.def)             Requested size: 307.28987pt x 155.03561pt.
[68

 <C:/Users/Hayden/Documents/Patey_Lab/ThesisCodeBase/Manuscript_1.0/figures/a_vs_P-eps-con
verted-to.pdf>]
<figures/JC_vs_TF.png, id=830, 791.95876pt x 646.66594pt>
File: figures/JC_vs_TF.png Graphic file (type png)
<use figures/JC_vs_TF.png>
Package pdftex.def Info: figures/JC_vs_TF.png  used on input line 1002.
(pdftex.def)             Requested size: 245.83282pt x 200.73077pt.
 [69

 <./figures/JC_vs_TF.png>] [70

]
<figures/Rocksalt.png, id=844, 616.55344pt x 561.59813pt>
File: figures/Rocksalt.png Graphic file (type png)
<use figures/Rocksalt.png>
Package pdftex.def Info: figures/Rocksalt.png  used on input line 1045.
(pdftex.def)             Requested size: 153.64493pt x 139.945pt.
 [71

 <./figures/Rocksalt.png>]
<figures/Wurtzite.png, id=852, 584.1825pt x 470.50781pt>
File: figures/Wurtzite.png Graphic file (type png)
<use figures/Wurtzite.png>
Package pdftex.def Info: figures/Wurtzite.png  used on input line 1069.
(pdftex.def)             Requested size: 153.64493pt x 123.74347pt.
 [72

 <./figures/Wurtzite.png>]
<figures/Sphalerite.png, id=860, 679.78969pt x 549.55313pt>
File: figures/Sphalerite.png Graphic file (type png)
<use figures/Sphalerite.png>
Package pdftex.def Info: figures/Sphalerite.png  used on input line 1093.
(pdftex.def)             Requested size: 153.64493pt x 124.20595pt.
 [73

 <./figures/Sphalerite.png>]
<figures/NiAs.png, id=869, 645.16031pt x 575.14874pt>
File: figures/NiAs.png Graphic file (type png)
<use figures/NiAs.png>
Package pdftex.def Info: figures/NiAs.png  used on input line 1117.
(pdftex.def)             Requested size: 153.64493pt x 136.96783pt.
 [74

 <./figures/NiAs.png>]
<figures/5-5.png, id=877, 679.78969pt x 574.39594pt>
File: figures/5-5.png Graphic file (type png)
<use figures/5-5.png>
Package pdftex.def Info: figures/5-5.png  used on input line 1141.
(pdftex.def)             Requested size: 153.64493pt x 129.82072pt.
 [75

 <./figures/5-5.png>]
<figures/CsCl.png, id=885, 694.09312pt x 594.72188pt>
File: figures/CsCl.png Graphic file (type png)
<use figures/CsCl.png>
Package pdftex.def Info: figures/CsCl.png  used on input line 1165.
(pdftex.def)             Requested size: 153.64493pt x 131.64687pt.
 [76

 <./figures/CsCl.png>]
<figures/LiF_Solubility.PNG, id=893, 609.77812pt x 429.85594pt>
File: figures/LiF_Solubility.PNG Graphic file (type png)
<use figures/LiF_Solubility.PNG>
Package pdftex.def Info: figures/LiF_Solubility.PNG  used on input line 1174.
(pdftex.def)             Requested size: 307.28987pt x 216.62624pt.
 [77

 <./figures/LiF_Solubility.PNG>] [78

] [79

]
<figures/Crystallinity.png, id=913, 905.63344pt x 526.96875pt>
File: figures/Crystallinity.png Graphic file (type png)
<use figures/Crystallinity.png>
Package pdftex.def Info: figures/Crystallinity.png  used on input line 1216.
(pdftex.def)             Requested size: 276.559pt x 160.92223pt.
 [80

 <./figures/Crystallinity.png>] [81

]
[82

] [83

]
Overfull \hbox (14.73099pt too wide) detected at line 1274
[]
 []

[84

] [85

] [86

] [87

] [88

] [89

] [90

] [91

] [92

] [93

] [94

] [95

] [96

] [97

] [98

]
\tf@nav=\write8
\openout8 = `Scheiber_Comp_Presentation.nav'.

\tf@toc=\write9
\openout9 = `Scheiber_Comp_Presentation.toc'.

\tf@snm=\write10
\openout10 = `Scheiber_Comp_Presentation.snm'.

Package atveryend Info: Empty hook `BeforeClearDocument' on input line 1505.
Package atveryend Info: Empty hook `AfterLastShipout' on input line 1505.

(Scheiber_Comp_Presentation.aux)
Package atveryend Info: Executing hook `AtVeryEndDocument' on input line 1505.
Package atveryend Info: Executing hook `AtEndAfterFileList' on input line 1505.

Package rerunfilecheck Info: File `Scheiber_Comp_Presentation.out' has not chan
ged.
(rerunfilecheck)             Checksum: F5485ACDCC8A5033022BC21775BBC060;980.


LaTeX Font Warning: Some font shapes were not available, defaults substituted.

Package logreq Info: Writing requests to 'Scheiber_Comp_Presentation.run.xml'.
\openout1 = `Scheiber_Comp_Presentation.run.xml'.

 ) 
Here is how much of TeX's memory you used:
 40304 strings out of 492970
 811635 string characters out of 3135852
 1227732 words of memory out of 3000000
 43313 multiletter control sequences out of 15000+200000
 562715 words of font info for 119 fonts, out of 3000000 for 9000
 1141 hyphenation exceptions out of 8191
 56i,20n,70p,1153b,1960s stack positions out of 5000i,500n,10000p,200000b,50000s
 <C:\Users\Hayden\AppData\Local\MiKTeX\2.9\fonts\pk\ljfour\jknappen\ec\dpi657
\ecso1000.pk> <C:\Users\Hayden\AppData\Local\MiKTeX\2.9\fonts\pk\ljfour\jknappe
n\ec\dpi600\tcss1000.pk><C:/Program Files/MiKTeX 2.9/fonts/type1/public/amsfont
s/cm/cmex10.pfb><C:/Program Files/MiKTeX 2.9/fonts/type1/public/amsfonts/cmextr
a/cmex7.pfb><C:/Program Files/MiKTeX 2.9/fonts/type1/public/amsfonts/cmextra/cm
ex8.pfb><C:/Program Files/MiKTeX 2.9/fonts/type1/public/amsfonts/cm/cmmi10.pfb>
<C:/Program Files/MiKTeX 2.9/fonts/type1/public/amsfonts/cm/cmmi5.pfb><C:/Progr
am Files/MiKTeX 2.9/fonts/type1/public/amsfonts/cm/cmmi6.pfb><C:/Program Files/
MiKTeX 2.9/fonts/type1/public/amsfonts/cm/cmmi7.pfb><C:/Program Files/MiKTeX 2.
9/fonts/type1/public/amsfonts/cm/cmmi8.pfb><C:/Program Files/MiKTeX 2.9/fonts/t
ype1/public/amsfonts/cm/cmr10.pfb><C:/Program Files/MiKTeX 2.9/fonts/type1/publ
ic/amsfonts/cm/cmr8.pfb><C:/Program Files/MiKTeX 2.9/fonts/type1/public/amsfont
s/cm/cmss10.pfb><C:/Program Files/MiKTeX 2.9/fonts/type1/public/amsfonts/cm/cms
s12.pfb><C:/Program Files/MiKTeX 2.9/fonts/type1/public/amsfonts/cm/cmss8.pfb><
C:/Program Files/MiKTeX 2.9/fonts/type1/public/amsfonts/cm/cmssbx10.pfb><C:/Pro
gram Files/MiKTeX 2.9/fonts/type1/public/amsfonts/cm/cmssi10.pfb><C:/Program Fi
les/MiKTeX 2.9/fonts/type1/public/amsfonts/cm/cmssi8.pfb><C:/Program Files/MiKT
eX 2.9/fonts/type1/public/amsfonts/cm/cmsy10.pfb><C:/Program Files/MiKTeX 2.9/f
onts/type1/public/amsfonts/cm/cmsy5.pfb><C:/Program Files/MiKTeX 2.9/fonts/type
1/public/amsfonts/cm/cmsy6.pfb><C:/Program Files/MiKTeX 2.9/fonts/type1/public/
amsfonts/cm/cmsy8.pfb><C:/Program Files/MiKTeX 2.9/fonts/type1/public/amsfonts/
symbols/msbm10.pfb>
Output written on Scheiber_Comp_Presentation.pdf (98 pages, 8201973 bytes).
PDF statistics:
 1139 PDF objects out of 1200 (max. 8388607)
 214 named destinations out of 1000 (max. 500000)
 598 words of extra memory for PDF output out of 10000 (max. 10000000)

